This file contains any messages produced by compilers while
running configure, to aid debugging if configure makes a mistake.

It was created by L3afpad configure 0.8.18.1.11, which was
generated by GNU Autoconf 2.71.  Invocation command line was

  $ ./configure --prefix=/data/data/com.termux/files/usr

## --------- ##
## Platform. ##
## --------- ##

hostname = localhost
uname -m = armv7l
uname -r = 3.18.71-perf-gb847930
uname -s = Linux
uname -v = #1 SMP PREEMPT Fri Sep 27 14:15:01 CDT 2019

/usr/bin/uname -p = unknown
/bin/uname -X     = unknown

/bin/arch              = unknown
/usr/bin/arch -k       = unknown
/usr/convex/getsysinfo = unknown
/usr/bin/hostinfo      = unknown
/bin/machine           = unknown
/usr/bin/oslevel       = unknown
/bin/universe          = unknown

PATH: /data/data/com.termux/files/usr/bin/


## ----------- ##
## Core tests. ##
## ----------- ##

configure:2364: looking for aux files: compile missing install-sh
configure:2377:  trying ./
configure:2406:   ./compile found
configure:2406:   ./missing found
configure:2388:   ./install-sh found
configure:2535: checking for a BSD-compatible install
configure:2608: result: /data/data/com.termux/files/usr/bin/install -c
configure:2619: checking whether build environment is sane
configure:2674: result: yes
configure:2833: checking for a race-free mkdir -p
configure:2877: result: /data/data/com.termux/files/usr/bin/mkdir -p
configure:2884: checking for gawk
configure:2905: found /data/data/com.termux/files/usr/bin/gawk
configure:2916: result: gawk
configure:2927: checking whether make sets $(MAKE)
configure:2950: result: yes
configure:2980: checking whether make supports nested variables
configure:2998: result: yes
configure:3124: checking whether to enable maintainer-specific portions of Makefiles
configure:3134: result: yes
configure:3160: checking whether make supports the include directive
configure:3175: make -f confmf.GNU && cat confinc.out
this is the am__doit target
configure:3178: $? = 0
configure:3197: result: yes (GNU style)
configure:3273: checking for gcc
configure:3294: found /data/data/com.termux/files/usr/bin/gcc
configure:3305: result: gcc
configure:3658: checking for C compiler version
configure:3667: gcc --version >&5
clang version 12.0.0
Target: armv7a-unknown-linux-android24
Thread model: posix
InstalledDir: /data/data/com.termux/files/usr/bin
configure:3678: $? = 0
configure:3667: gcc -v >&5
clang version 12.0.0
Target: armv7a-unknown-linux-android24
Thread model: posix
InstalledDir: /data/data/com.termux/files/usr/bin
configure:3678: $? = 0
configure:3667: gcc -V >&5
clang-12: error: argument to '-V' is missing (expected 1 value)
clang-12: error: no input files
configure:3678: $? = 1
configure:3667: gcc -qversion >&5
clang-12: error: unknown argument '-qversion'; did you mean '--version'?
clang-12: error: no input files
configure:3678: $? = 1
configure:3667: gcc -version >&5
clang-12: error: unknown argument '-version'; did you mean '--version'?
clang-12: error: no input files
configure:3678: $? = 1
configure:3698: checking whether the C compiler works
configure:3720: gcc    conftest.c  >&5
configure:3724: $? = 0
configure:3774: result: yes
configure:3777: checking for C compiler default output file name
configure:3779: result: a.out
configure:3785: checking for suffix of executables
configure:3792: gcc -o conftest    conftest.c  >&5
configure:3796: $? = 0
configure:3819: result: 
configure:3841: checking whether we are cross compiling
configure:3849: gcc -o conftest    conftest.c  >&5
configure:3853: $? = 0
configure:3860: ./conftest
configure:3864: $? = 0
configure:3879: result: no
configure:3884: checking for suffix of object files
configure:3907: gcc -c   conftest.c >&5
configure:3911: $? = 0
configure:3933: result: o
configure:3937: checking whether the compiler supports GNU C
configure:3957: gcc -c   conftest.c >&5
configure:3957: $? = 0
configure:3967: result: yes
configure:3978: checking whether gcc accepts -g
configure:3999: gcc -c -g  conftest.c >&5
configure:3999: $? = 0
configure:4043: result: yes
configure:4063: checking for gcc option to enable C11 features
configure:4078: gcc  -c -g -O2  conftest.c >&5
configure:4078: $? = 0
configure:4096: result: none needed
configure:4212: checking whether gcc understands -c and -o together
configure:4235: gcc -c conftest.c -o conftest2.o
configure:4238: $? = 0
configure:4235: gcc -c conftest.c -o conftest2.o
configure:4238: $? = 0
configure:4250: result: yes
configure:4269: checking dependency style of gcc
configure:4381: result: gcc3
configure:4405: checking for special C compiler options needed for large files
configure:4453: result: no
configure:4459: checking for _FILE_OFFSET_BITS value needed for large files
configure:4485: gcc -c -g -O2  conftest.c >&5
conftest.c:17:22: error: 'off_t_is_large' declared as an array with a negative size
  int off_t_is_large[(LARGE_OFF_T % 2147483629 == 721
                     ^~~~~~~~~~~~~~~~~~~~~~~~~~~~~~~~
1 error generated.
configure:4485: $? = 1
configure: failed program was:
| /* confdefs.h */
| #define PACKAGE_NAME "L3afpad"
| #define PACKAGE_TARNAME "l3afpad"
| #define PACKAGE_VERSION "0.8.18.1.11"
| #define PACKAGE_STRING "L3afpad 0.8.18.1.11"
| #define PACKAGE_BUGREPORT "stevenhoneyman@gmail.com"
| #define PACKAGE_URL ""
| #define PACKAGE "l3afpad"
| #define VERSION "0.8.18.1.11"
| /* end confdefs.h.  */
| #include <sys/types.h>
|  /* Check that off_t can represent 2**63 - 1 correctly.
|     We can't simply define LARGE_OFF_T to be 9223372036854775807,
|     since some C++ compilers masquerading as C compilers
|     incorrectly reject 9223372036854775807.  */
| #define LARGE_OFF_T (((off_t) 1 << 31 << 31) - 1 + ((off_t) 1 << 31 << 31))
|   int off_t_is_large[(LARGE_OFF_T % 2147483629 == 721
| 		       && LARGE_OFF_T % 2147483647 == 1)
| 		      ? 1 : -1];
| int
| main (void)
| {
| 
|   ;
|   return 0;
| }
configure:4510: gcc -c -g -O2  conftest.c >&5
configure:4510: $? = 0
configure:4519: result: 64
configure:4602: checking whether NLS is requested
configure:4612: result: yes
configure:4640: checking for intltool-update
configure:4663: found /data/data/com.termux/files/usr/bin/intltool-update
configure:4675: result: /data/data/com.termux/files/usr/bin/intltool-update
configure:4685: checking for intltool-merge
configure:4708: found /data/data/com.termux/files/usr/bin/intltool-merge
configure:4720: result: /data/data/com.termux/files/usr/bin/intltool-merge
configure:4730: checking for intltool-extract
configure:4753: found /data/data/com.termux/files/usr/bin/intltool-extract
configure:4765: result: /data/data/com.termux/files/usr/bin/intltool-extract
configure:4919: checking for xgettext
configure:4942: found /data/data/com.termux/files/usr/bin/xgettext
configure:4954: result: /data/data/com.termux/files/usr/bin/xgettext
configure:4964: checking for msgmerge
configure:4987: found /data/data/com.termux/files/usr/bin/msgmerge
configure:4999: result: /data/data/com.termux/files/usr/bin/msgmerge
configure:5009: checking for msgfmt
configure:5032: found /data/data/com.termux/files/usr/bin/msgfmt
configure:5044: result: /data/data/com.termux/files/usr/bin/msgfmt
configure:5054: checking for gmsgfmt
configure:5090: result: /data/data/com.termux/files/usr/bin/msgfmt
configure:5110: checking for perl
configure:5133: found /data/data/com.termux/files/usr/bin/perl
configure:5145: result: /data/data/com.termux/files/usr/bin/perl
configure:5156: checking for perl >= 5.8.1
configure:5163: result: 5.34.0
configure:5236: checking for gcc
configure:5268: result: gcc
configure:5621: checking for C compiler version
configure:5630: gcc --version >&5
clang version 12.0.0
Target: armv7a-unknown-linux-android24
Thread model: posix
InstalledDir: /data/data/com.termux/files/usr/bin
configure:5641: $? = 0
configure:5630: gcc -v >&5
clang version 12.0.0
Target: armv7a-unknown-linux-android24
Thread model: posix
InstalledDir: /data/data/com.termux/files/usr/bin
configure:5641: $? = 0
configure:5630: gcc -V >&5
clang-12: error: argument to '-V' is missing (expected 1 value)
clang-12: error: no input files
configure:5641: $? = 1
configure:5630: gcc -qversion >&5
clang-12: error: unknown argument '-qversion'; did you mean '--version'?
clang-12: error: no input files
configure:5641: $? = 1
configure:5630: gcc -version >&5
clang-12: error: unknown argument '-version'; did you mean '--version'?
clang-12: error: no input files
configure:5641: $? = 1
configure:5645: checking whether the compiler supports GNU C
configure:5675: result: yes
configure:5686: checking whether gcc accepts -g
configure:5751: result: yes
configure:5771: checking for gcc option to enable C11 features
configure:5804: result: none needed
configure:5920: checking whether gcc understands -c and -o together
configure:5958: result: yes
configure:5977: checking dependency style of gcc
configure:6089: result: gcc3
configure:6168: checking for pkg-config
configure:6191: found /data/data/com.termux/files/usr/bin/pkg-config
configure:6203: result: /data/data/com.termux/files/usr/bin/pkg-config
configure:6228: checking pkg-config is at least version 0.9.0
configure:6231: result: yes
configure:6241: checking for gtk+-3.0
configure:6248: $PKG_CONFIG --exists --print-errors "gtk+-3.0"
configure:6251: $? = 0
configure:6265: $PKG_CONFIG --exists --print-errors "gtk+-3.0"
configure:6268: $? = 0
configure:6326: result: yes
configure:6397: checking for stdio.h
configure:6397: gcc -c -g -O2 -Wall  conftest.c >&5
configure:6397: $? = 0
configure:6397: result: yes
configure:6397: checking for stdlib.h
configure:6397: gcc -c -g -O2 -Wall  conftest.c >&5
configure:6397: $? = 0
configure:6397: result: yes
configure:6397: checking for string.h
configure:6397: gcc -c -g -O2 -Wall  conftest.c >&5
configure:6397: $? = 0
configure:6397: result: yes
configure:6397: checking for inttypes.h
configure:6397: gcc -c -g -O2 -Wall  conftest.c >&5
configure:6397: $? = 0
configure:6397: result: yes
configure:6397: checking for stdint.h
configure:6397: gcc -c -g -O2 -Wall  conftest.c >&5
configure:6397: $? = 0
configure:6397: result: yes
configure:6397: checking for strings.h
configure:6397: gcc -c -g -O2 -Wall  conftest.c >&5
configure:6397: $? = 0
configure:6397: result: yes
configure:6397: checking for sys/stat.h
configure:6397: gcc -c -g -O2 -Wall  conftest.c >&5
configure:6397: $? = 0
configure:6397: result: yes
configure:6397: checking for sys/types.h
configure:6397: gcc -c -g -O2 -Wall  conftest.c >&5
configure:6397: $? = 0
configure:6397: result: yes
configure:6397: checking for unistd.h
configure:6397: gcc -c -g -O2 -Wall  conftest.c >&5
configure:6397: $? = 0
configure:6397: result: yes
configure:6423: checking for locale.h
configure:6423: gcc -c -g -O2 -Wall  conftest.c >&5
configure:6423: $? = 0
configure:6423: result: yes
configure:6431: checking for LC_MESSAGES
configure:6448: gcc -o conftest -g -O2 -Wall   conftest.c  >&5
configure:6448: $? = 0
configure:6457: result: yes
configure:6475: checking for CFPreferencesCopyAppValue
configure:6494: gcc -o conftest -g -O2 -Wall   conftest.c  -Wl,-framework -Wl,CoreFoundation >&5
conftest.c:24:10: fatal error: 'CoreFoundation/CFPreferences.h' file not found
#include <CoreFoundation/CFPreferences.h>
         ^~~~~~~~~~~~~~~~~~~~~~~~~~~~~~~~
1 error generated.
configure:6494: $? = 1
configure: failed program was:
| /* confdefs.h */
| #define PACKAGE_NAME "L3afpad"
| #define PACKAGE_TARNAME "l3afpad"
| #define PACKAGE_VERSION "0.8.18.1.11"
| #define PACKAGE_STRING "L3afpad 0.8.18.1.11"
| #define PACKAGE_BUGREPORT "stevenhoneyman@gmail.com"
| #define PACKAGE_URL ""
| #define PACKAGE "l3afpad"
| #define VERSION "0.8.18.1.11"
| #define _FILE_OFFSET_BITS 64
| #define HAVE_STDIO_H 1
| #define HAVE_STDLIB_H 1
| #define HAVE_STRING_H 1
| #define HAVE_INTTYPES_H 1
| #define HAVE_STDINT_H 1
| #define HAVE_STRINGS_H 1
| #define HAVE_SYS_STAT_H 1
| #define HAVE_SYS_TYPES_H 1
| #define HAVE_UNISTD_H 1
| #define STDC_HEADERS 1
| #define HAVE_LOCALE_H 1
| #define HAVE_LC_MESSAGES 1
| /* end confdefs.h.  */
| #include <CoreFoundation/CFPreferences.h>
| int
| main (void)
| {
| CFPreferencesCopyAppValue(NULL, NULL)
|   ;
|   return 0;
| }
configure:6504: result: no
configure:6511: checking for CFLocaleCopyCurrent
configure:6530: gcc -o conftest -g -O2 -Wall   conftest.c  -Wl,-framework -Wl,CoreFoundation >&5
conftest.c:24:10: fatal error: 'CoreFoundation/CFLocale.h' file not found
#include <CoreFoundation/CFLocale.h>
         ^~~~~~~~~~~~~~~~~~~~~~~~~~~
1 error generated.
configure:6530: $? = 1
configure: failed program was:
| /* confdefs.h */
| #define PACKAGE_NAME "L3afpad"
| #define PACKAGE_TARNAME "l3afpad"
| #define PACKAGE_VERSION "0.8.18.1.11"
| #define PACKAGE_STRING "L3afpad 0.8.18.1.11"
| #define PACKAGE_BUGREPORT "stevenhoneyman@gmail.com"
| #define PACKAGE_URL ""
| #define PACKAGE "l3afpad"
| #define VERSION "0.8.18.1.11"
| #define _FILE_OFFSET_BITS 64
| #define HAVE_STDIO_H 1
| #define HAVE_STDLIB_H 1
| #define HAVE_STRING_H 1
| #define HAVE_INTTYPES_H 1
| #define HAVE_STDINT_H 1
| #define HAVE_STRINGS_H 1
| #define HAVE_SYS_STAT_H 1
| #define HAVE_SYS_TYPES_H 1
| #define HAVE_UNISTD_H 1
| #define STDC_HEADERS 1
| #define HAVE_LOCALE_H 1
| #define HAVE_LC_MESSAGES 1
| /* end confdefs.h.  */
| #include <CoreFoundation/CFLocale.h>
| int
| main (void)
| {
| CFLocaleCopyCurrent();
|   ;
|   return 0;
| }
configure:6540: result: no
configure:6554: checking for libintl.h
configure:6554: gcc -c -g -O2 -Wall  conftest.c >&5
configure:6554: $? = 0
configure:6554: result: yes
configure:6563: checking for ngettext in libc
configure:6582: gcc -o conftest -g -O2 -Wall   conftest.c  >&5
configure:6582: $? = 0
configure:6592: result: yes
configure:6596: checking for dgettext in libc
configure:6615: gcc -o conftest -g -O2 -Wall   conftest.c  >&5
configure:6615: $? = 0
configure:6625: result: yes
configure:6630: checking for bind_textdomain_codeset
configure:6630: gcc -o conftest -g -O2 -Wall   conftest.c  >&5
/data/data/com.termux/files/usr/bin/ld: /data/data/com.termux/files/usr/tmp/conftest-978da5.o: in function `main':
/data/data/com.termux/files/home/extra/l3afpad/conftest.c:51: undefined reference to `bind_textdomain_codeset'
clang-12: error: linker command failed with exit code 1 (use -v to see invocation)
configure:6630: $? = 1
configure: failed program was:
| /* confdefs.h */
| #define PACKAGE_NAME "L3afpad"
| #define PACKAGE_TARNAME "l3afpad"
| #define PACKAGE_VERSION "0.8.18.1.11"
| #define PACKAGE_STRING "L3afpad 0.8.18.1.11"
| #define PACKAGE_BUGREPORT "stevenhoneyman@gmail.com"
| #define PACKAGE_URL ""
| #define PACKAGE "l3afpad"
| #define VERSION "0.8.18.1.11"
| #define _FILE_OFFSET_BITS 64
| #define HAVE_STDIO_H 1
| #define HAVE_STDLIB_H 1
| #define HAVE_STRING_H 1
| #define HAVE_INTTYPES_H 1
| #define HAVE_STDINT_H 1
| #define HAVE_STRINGS_H 1
| #define HAVE_SYS_STAT_H 1
| #define HAVE_SYS_TYPES_H 1
| #define HAVE_UNISTD_H 1
| #define STDC_HEADERS 1
| #define HAVE_LOCALE_H 1
| #define HAVE_LC_MESSAGES 1
| /* end confdefs.h.  */
| /* Define bind_textdomain_codeset to an innocuous variant, in case <limits.h> declares bind_textdomain_codeset.
|    For example, HP-UX 11i <limits.h> declares gettimeofday.  */
| #define bind_textdomain_codeset innocuous_bind_textdomain_codeset
| 
| /* System header to define __stub macros and hopefully few prototypes,
|    which can conflict with char bind_textdomain_codeset (); below.  */
| 
| #include <limits.h>
| #undef bind_textdomain_codeset
| 
| /* Override any GCC internal prototype to avoid an error.
|    Use char because int might match the return type of a GCC
|    builtin and then its argument prototype would still apply.  */
| #ifdef __cplusplus
| extern "C"
| #endif
| char bind_textdomain_codeset ();
| /* The GNU C library defines this for functions which it implements
|     to always fail with ENOSYS.  Some functions are actually named
|     something starting with __ and the normal name is an alias.  */
| #if defined __stub_bind_textdomain_codeset || defined __stub___bind_textdomain_codeset
| choke me
| #endif
| 
| int
| main (void)
| {
| return bind_textdomain_codeset ();
|   ;
|   return 0;
| }
configure:6630: result: no
configure:6646: checking for bindtextdomain in -lintl
configure:6669: gcc -o conftest -g -O2 -Wall   conftest.c -lintl   >&5
/data/data/com.termux/files/usr/bin/ld: cannot find -lintl
clang-12: error: linker command failed with exit code 1 (use -v to see invocation)
configure:6669: $? = 1
configure: failed program was:
| /* confdefs.h */
| #define PACKAGE_NAME "L3afpad"
| #define PACKAGE_TARNAME "l3afpad"
| #define PACKAGE_VERSION "0.8.18.1.11"
| #define PACKAGE_STRING "L3afpad 0.8.18.1.11"
| #define PACKAGE_BUGREPORT "stevenhoneyman@gmail.com"
| #define PACKAGE_URL ""
| #define PACKAGE "l3afpad"
| #define VERSION "0.8.18.1.11"
| #define _FILE_OFFSET_BITS 64
| #define HAVE_STDIO_H 1
| #define HAVE_STDLIB_H 1
| #define HAVE_STRING_H 1
| #define HAVE_INTTYPES_H 1
| #define HAVE_STDINT_H 1
| #define HAVE_STRINGS_H 1
| #define HAVE_SYS_STAT_H 1
| #define HAVE_SYS_TYPES_H 1
| #define HAVE_UNISTD_H 1
| #define STDC_HEADERS 1
| #define HAVE_LOCALE_H 1
| #define HAVE_LC_MESSAGES 1
| /* end confdefs.h.  */
| 
| /* Override any GCC internal prototype to avoid an error.
|    Use char because int might match the return type of a GCC
|    builtin and then its argument prototype would still apply.  */
| char bindtextdomain ();
| int
| main (void)
| {
| return bindtextdomain ();
|   ;
|   return 0;
| }
configure:6679: result: no
configure:6766: checking if -liconv is needed to use gettext
configure:6768: result: 
configure:6770: checking for ngettext in -lintl
configure:6793: gcc -o conftest -g -O2 -Wall   conftest.c -lintl -liconv  >&5
/data/data/com.termux/files/usr/bin/ld: cannot find -lintl
clang-12: error: linker command failed with exit code 1 (use -v to see invocation)
configure:6793: $? = 1
configure: failed program was:
| /* confdefs.h */
| #define PACKAGE_NAME "L3afpad"
| #define PACKAGE_TARNAME "l3afpad"
| #define PACKAGE_VERSION "0.8.18.1.11"
| #define PACKAGE_STRING "L3afpad 0.8.18.1.11"
| #define PACKAGE_BUGREPORT "stevenhoneyman@gmail.com"
| #define PACKAGE_URL ""
| #define PACKAGE "l3afpad"
| #define VERSION "0.8.18.1.11"
| #define _FILE_OFFSET_BITS 64
| #define HAVE_STDIO_H 1
| #define HAVE_STDLIB_H 1
| #define HAVE_STRING_H 1
| #define HAVE_INTTYPES_H 1
| #define HAVE_STDINT_H 1
| #define HAVE_STRINGS_H 1
| #define HAVE_SYS_STAT_H 1
| #define HAVE_SYS_TYPES_H 1
| #define HAVE_UNISTD_H 1
| #define STDC_HEADERS 1
| #define HAVE_LOCALE_H 1
| #define HAVE_LC_MESSAGES 1
| /* end confdefs.h.  */
| 
| /* Override any GCC internal prototype to avoid an error.
|    Use char because int might match the return type of a GCC
|    builtin and then its argument prototype would still apply.  */
| char ngettext ();
| int
| main (void)
| {
| return ngettext ();
|   ;
|   return 0;
| }
configure:6803: result: no
configure:6900: checking for msgfmt
configure:6928: result: /data/data/com.termux/files/usr/bin/msgfmt
configure:6937: checking for dcgettext
configure:6937: gcc -o conftest -g -O2 -Wall   conftest.c   >&5
/data/data/com.termux/files/usr/bin/ld: /data/data/com.termux/files/usr/tmp/conftest-dabca1.o: in function `main':
/data/data/com.termux/files/home/extra/l3afpad/conftest.c:52: undefined reference to `dcgettext'
clang-12: error: linker command failed with exit code 1 (use -v to see invocation)
configure:6937: $? = 1
configure: failed program was:
| /* confdefs.h */
| #define PACKAGE_NAME "L3afpad"
| #define PACKAGE_TARNAME "l3afpad"
| #define PACKAGE_VERSION "0.8.18.1.11"
| #define PACKAGE_STRING "L3afpad 0.8.18.1.11"
| #define PACKAGE_BUGREPORT "stevenhoneyman@gmail.com"
| #define PACKAGE_URL ""
| #define PACKAGE "l3afpad"
| #define VERSION "0.8.18.1.11"
| #define _FILE_OFFSET_BITS 64
| #define HAVE_STDIO_H 1
| #define HAVE_STDLIB_H 1
| #define HAVE_STRING_H 1
| #define HAVE_INTTYPES_H 1
| #define HAVE_STDINT_H 1
| #define HAVE_STRINGS_H 1
| #define HAVE_SYS_STAT_H 1
| #define HAVE_SYS_TYPES_H 1
| #define HAVE_UNISTD_H 1
| #define STDC_HEADERS 1
| #define HAVE_LOCALE_H 1
| #define HAVE_LC_MESSAGES 1
| #define HAVE_GETTEXT 1
| /* end confdefs.h.  */
| /* Define dcgettext to an innocuous variant, in case <limits.h> declares dcgettext.
|    For example, HP-UX 11i <limits.h> declares gettimeofday.  */
| #define dcgettext innocuous_dcgettext
| 
| /* System header to define __stub macros and hopefully few prototypes,
|    which can conflict with char dcgettext (); below.  */
| 
| #include <limits.h>
| #undef dcgettext
| 
| /* Override any GCC internal prototype to avoid an error.
|    Use char because int might match the return type of a GCC
|    builtin and then its argument prototype would still apply.  */
| #ifdef __cplusplus
| extern "C"
| #endif
| char dcgettext ();
| /* The GNU C library defines this for functions which it implements
|     to always fail with ENOSYS.  Some functions are actually named
|     something starting with __ and the normal name is an alias.  */
| #if defined __stub_dcgettext || defined __stub___dcgettext
| choke me
| #endif
| 
| int
| main (void)
| {
| return dcgettext ();
|   ;
|   return 0;
| }
configure:6937: result: no
configure:6945: checking if msgfmt accepts -c
configure:6960: $MSGFMT -c -o /dev/null conftest.foo
conftest.foo:3: warning: header field 'Language' missing in header
configure:6963: $? = 0
configure:6965: result: yes
configure:6975: checking for gmsgfmt
configure:7011: result: /data/data/com.termux/files/usr/bin/msgfmt
configure:7021: checking for xgettext
configure:7049: result: /data/data/com.termux/files/usr/bin/xgettext
configure:7068: gcc -o conftest -g -O2 -Wall   conftest.c   >&5
/data/data/com.termux/files/usr/bin/ld: /data/data/com.termux/files/usr/tmp/conftest-ed1be9.o: in function `main':
/data/data/com.termux/files/home/extra/l3afpad/conftest.c:(.text+0x10): undefined reference to `_nl_msg_cat_cntr'
clang-12: error: linker command failed with exit code 1 (use -v to see invocation)
configure:7068: $? = 1
configure: failed program was:
| /* confdefs.h */
| #define PACKAGE_NAME "L3afpad"
| #define PACKAGE_TARNAME "l3afpad"
| #define PACKAGE_VERSION "0.8.18.1.11"
| #define PACKAGE_STRING "L3afpad 0.8.18.1.11"
| #define PACKAGE_BUGREPORT "stevenhoneyman@gmail.com"
| #define PACKAGE_URL ""
| #define PACKAGE "l3afpad"
| #define VERSION "0.8.18.1.11"
| #define _FILE_OFFSET_BITS 64
| #define HAVE_STDIO_H 1
| #define HAVE_STDLIB_H 1
| #define HAVE_STRING_H 1
| #define HAVE_INTTYPES_H 1
| #define HAVE_STDINT_H 1
| #define HAVE_STRINGS_H 1
| #define HAVE_SYS_STAT_H 1
| #define HAVE_SYS_TYPES_H 1
| #define HAVE_UNISTD_H 1
| #define STDC_HEADERS 1
| #define HAVE_LOCALE_H 1
| #define HAVE_LC_MESSAGES 1
| #define HAVE_GETTEXT 1
| /* end confdefs.h.  */
| 
| int
| main (void)
| {
| extern int _nl_msg_cat_cntr;
| 			 return _nl_msg_cat_cntr
|   ;
|   return 0;
| }
configure:7337: checking that generated files are newer than configure
configure:7343: result: done
configure:7378: creating ./config.status

## ---------------------- ##
## Running config.status. ##
## ---------------------- ##

This file was extended by L3afpad config.status 0.8.18.1.11, which was
generated by GNU Autoconf 2.71.  Invocation command line was

  CONFIG_FILES    = 
  CONFIG_HEADERS  = 
  CONFIG_LINKS    = 
  CONFIG_COMMANDS = 
  $ ./config.status 

on localhost

config.status:955: creating Makefile
config.status:955: creating src/Makefile
config.status:955: creating data/Makefile
config.status:955: creating data/icons/16x16/Makefile
config.status:955: creating data/icons/20x20/Makefile
config.status:955: creating data/icons/22x22/Makefile
config.status:955: creating data/icons/24x24/Makefile
config.status:955: creating data/icons/32x32/Makefile
config.status:955: creating data/icons/36x36/Makefile
config.status:955: creating data/icons/40x40/Makefile
config.status:955: creating data/icons/48x48/Makefile
config.status:955: creating data/icons/64x64/Makefile
config.status:955: creating data/icons/72x72/Makefile
config.status:955: creating data/icons/96x96/Makefile
config.status:955: creating data/icons/128x128/Makefile
config.status:955: creating data/icons/192x192/Makefile
config.status:955: creating data/icons/256x256/Makefile
config.status:955: creating data/icons/Makefile
config.status:955: creating po/Makefile.in
config.status:955: creating config.h
config.status:1184: executing depfiles commands
config.status:1259: cd src       && sed -e '/# am--include-marker/d' Makefile         | make -f - am--depfiles
config.status:1266: $? = 0
config.status:1184: executing default-1 commands
config.status:1184: executing po/stamp-it commands

## ---------------- ##
## Cache variables. ##
## ---------------- ##

ac_cv_c_compiler_gnu='yes'
ac_cv_env_CC_set=''
ac_cv_env_CC_value=''
ac_cv_env_CFLAGS_set=''
ac_cv_env_CFLAGS_value=''
ac_cv_env_CPPFLAGS_set=''
ac_cv_env_CPPFLAGS_value=''
ac_cv_env_GTK_CFLAGS_set=''
ac_cv_env_GTK_CFLAGS_value=''
ac_cv_env_GTK_LIBS_set=''
ac_cv_env_GTK_LIBS_value=''
ac_cv_env_LDFLAGS_set=''
ac_cv_env_LDFLAGS_value=''
ac_cv_env_LIBS_set=''
ac_cv_env_LIBS_value=''
ac_cv_env_PKG_CONFIG_LIBDIR_set=''
ac_cv_env_PKG_CONFIG_LIBDIR_value=''
ac_cv_env_PKG_CONFIG_PATH_set=''
ac_cv_env_PKG_CONFIG_PATH_value=''
ac_cv_env_PKG_CONFIG_set=''
ac_cv_env_PKG_CONFIG_value=''
ac_cv_env_build_alias_set=''
ac_cv_env_build_alias_value=''
ac_cv_env_host_alias_set=''
ac_cv_env_host_alias_value=''
ac_cv_env_target_alias_set=''
ac_cv_env_target_alias_value=''
ac_cv_func_bind_textdomain_codeset='no'
ac_cv_func_dcgettext='no'
ac_cv_header_inttypes_h='yes'
ac_cv_header_libintl_h='yes'
ac_cv_header_locale_h='yes'
ac_cv_header_stdint_h='yes'
ac_cv_header_stdio_h='yes'
ac_cv_header_stdlib_h='yes'
ac_cv_header_string_h='yes'
ac_cv_header_strings_h='yes'
ac_cv_header_sys_stat_h='yes'
ac_cv_header_sys_types_h='yes'
ac_cv_header_unistd_h='yes'
ac_cv_lib_intl_bindtextdomain='no'
ac_cv_lib_intl_ngettext='no'
ac_cv_objext='o'
ac_cv_path_GMSGFMT='/data/data/com.termux/files/usr/bin/msgfmt'
ac_cv_path_INTLTOOL_EXTRACT='/data/data/com.termux/files/usr/bin/intltool-extract'
ac_cv_path_INTLTOOL_MERGE='/data/data/com.termux/files/usr/bin/intltool-merge'
ac_cv_path_INTLTOOL_PERL='/data/data/com.termux/files/usr/bin/perl'
ac_cv_path_INTLTOOL_UPDATE='/data/data/com.termux/files/usr/bin/intltool-update'
ac_cv_path_MSGFMT='/data/data/com.termux/files/usr/bin/msgfmt'
ac_cv_path_MSGMERGE='/data/data/com.termux/files/usr/bin/msgmerge'
ac_cv_path_XGETTEXT='/data/data/com.termux/files/usr/bin/xgettext'
ac_cv_path_ac_pt_PKG_CONFIG='/data/data/com.termux/files/usr/bin/pkg-config'
ac_cv_path_install='/data/data/com.termux/files/usr/bin/install -c'
ac_cv_path_mkdir='/data/data/com.termux/files/usr/bin/mkdir'
ac_cv_prog_AWK='gawk'
ac_cv_prog_ac_ct_CC='gcc'
ac_cv_prog_cc_c11=''
ac_cv_prog_cc_g='yes'
ac_cv_prog_cc_stdc=''
ac_cv_prog_make_make_set='yes'
ac_cv_sys_file_offset_bits='64'
ac_cv_sys_largefile_CC='no'
am_cv_CC_dependencies_compiler_type='gcc3'
am_cv_make_support_nested_variables='yes'
am_cv_prog_cc_c_o='yes'
am_cv_val_LC_MESSAGES='yes'
gt_cv_func_CFLocaleCopyCurrent='no'
gt_cv_func_CFPreferencesCopyAppValue='no'
gt_cv_func_dgettext_libc='yes'
gt_cv_func_dgettext_libintl='no'
gt_cv_func_ngettext_libc='yes'
gt_cv_have_gettext='yes'
pkg_cv_GTK_CFLAGS='-pthread -I/data/data/com.termux/files/usr/include/gtk-3.0 -I/data/data/com.termux/files/usr/include/gio-unix-2.0 -I/data/data/com.termux/files/usr/include -I/data/data/com.termux/files/usr/include/cairo -I/data/data/com.termux/files/usr/include -I/data/data/com.termux/files/usr/include/pango-1.0 -I/data/data/com.termux/files/usr/include/fribidi -I/data/data/com.termux/files/usr/include -I/data/data/com.termux/files/usr/include/harfbuzz -I/data/data/com.termux/files/usr/include -I/data/data/com.termux/files/usr/include/atk-1.0 -I/data/data/com.termux/files/usr/include/cairo -I/data/data/com.termux/files/usr/include/pixman-1 -I/data/data/com.termux/files/usr/include -I/data/data/com.termux/files/usr/include/uuid -I/data/data/com.termux/files/usr/include/libxml2 -I/data/data/com.termux/files/usr/include/freetype2 -I/data/data/com.termux/files/usr/include/libpng16 -I/data/data/com.termux/files/usr/include -I/data/data/com.termux/files/usr/include/gdk-pixbuf-2.0 -I/data/data/com.termux/files/usr/include/libpng16 -I/data/data/com.termux/files/usr/include -I/data/data/com.termux/files/usr/include/glib-2.0 -I/data/data/com.termux/files/usr/lib/glib-2.0/include -I/data/data/com.termux/files/usr/include'
pkg_cv_GTK_LIBS='-L/data/data/com.termux/files/usr/lib -lgtk-3 -lgdk-3 -lpangocairo-1.0 -lpango-1.0 -lharfbuzz -latk-1.0 -lcairo-gobject -lcairo -lgdk_pixbuf-2.0 -lgio-2.0 -lgobject-2.0 -lglib-2.0'

## ----------------- ##
## Output variables. ##
## ----------------- ##

ACLOCAL='${SHELL} '\''/data/data/com.termux/files/home/extra/l3afpad/missing'\'' aclocal-1.16'
ALL_LINGUAS=''
AMDEPBACKSLASH='\'
AMDEP_FALSE='#'
AMDEP_TRUE=''
AMTAR='$${TAR-tar}'
AM_BACKSLASH='\'
AM_DEFAULT_V='$(AM_DEFAULT_VERBOSITY)'
AM_DEFAULT_VERBOSITY='1'
AM_V='$(V)'
AUTOCONF='${SHELL} '\''/data/data/com.termux/files/home/extra/l3afpad/missing'\'' autoconf'
AUTOHEADER='${SHELL} '\''/data/data/com.termux/files/home/extra/l3afpad/missing'\'' autoheader'
AUTOMAKE='${SHELL} '\''/data/data/com.termux/files/home/extra/l3afpad/missing'\'' automake-1.16'
AWK='gawk'
CATALOGS=''
CATOBJEXT='.mo'
CC='gcc'
CCDEPMODE='depmode=gcc3'
CFLAGS='-g -O2 -Wall'
CPPFLAGS=''
CYGPATH_W='echo'
DATADIRNAME='lib'
DEFS='-DHAVE_CONFIG_H'
DEPDIR='.deps'
ECHO_C=''
ECHO_N='-n'
ECHO_T=''
EXEEXT=''
GETTEXT_PACKAGE='l3afpad'
GMOFILES=''
GMSGFMT='/data/data/com.termux/files/usr/bin/msgfmt'
GTK_CFLAGS='-pthread -I/data/data/com.termux/files/usr/include/gtk-3.0 -I/data/data/com.termux/files/usr/include/gio-unix-2.0 -I/data/data/com.termux/files/usr/include -I/data/data/com.termux/files/usr/include/cairo -I/data/data/com.termux/files/usr/include -I/data/data/com.termux/files/usr/include/pango-1.0 -I/data/data/com.termux/files/usr/include/fribidi -I/data/data/com.termux/files/usr/include -I/data/data/com.termux/files/usr/include/harfbuzz -I/data/data/com.termux/files/usr/include -I/data/data/com.termux/files/usr/include/atk-1.0 -I/data/data/com.termux/files/usr/include/cairo -I/data/data/com.termux/files/usr/include/pixman-1 -I/data/data/com.termux/files/usr/include -I/data/data/com.termux/files/usr/include/uuid -I/data/data/com.termux/files/usr/include/libxml2 -I/data/data/com.termux/files/usr/include/freetype2 -I/data/data/com.termux/files/usr/include/libpng16 -I/data/data/com.termux/files/usr/include -I/data/data/com.termux/files/usr/include/gdk-pixbuf-2.0 -I/data/data/com.termux/files/usr/include/libpng16 -I/data/data/com.termux/files/usr/include -I/data/data/com.termux/files/usr/include/glib-2.0 -I/data/data/com.termux/files/usr/lib/glib-2.0/include -I/data/data/com.termux/files/usr/include'
GTK_LIBS='-L/data/data/com.termux/files/usr/lib -lgtk-3 -lgdk-3 -lpangocairo-1.0 -lpango-1.0 -lharfbuzz -latk-1.0 -lcairo-gobject -lcairo -lgdk_pixbuf-2.0 -lgio-2.0 -lgobject-2.0 -lglib-2.0'
INSTALL_DATA='${INSTALL} -m 644'
INSTALL_PROGRAM='${INSTALL}'
INSTALL_SCRIPT='${INSTALL}'
INSTALL_STRIP_PROGRAM='$(install_sh) -c -s'
INSTOBJEXT='.mo'
INTLLIBS=''
INTLTOOL_CAVES_RULE='%.caves:     %.caves.in     $(INTLTOOL_MERGE) $(wildcard $(top_srcdir)/po/*.po) ; $(INTLTOOL_V_MERGE)LC_ALL=C $(INTLTOOL_MERGE) $(INTLTOOL_V_MERGE_OPTIONS) -d -u -c $(top_builddir)/po/.intltool-merge-cache $(top_srcdir)/po $< $@'
INTLTOOL_DESKTOP_RULE='%.desktop:   %.desktop.in   $(INTLTOOL_MERGE) $(wildcard $(top_srcdir)/po/*.po) ; $(INTLTOOL_V_MERGE)LC_ALL=C $(INTLTOOL_MERGE) $(INTLTOOL_V_MERGE_OPTIONS) -d -u -c $(top_builddir)/po/.intltool-merge-cache $(top_srcdir)/po $< $@'
INTLTOOL_DIRECTORY_RULE='%.directory: %.directory.in $(INTLTOOL_MERGE) $(wildcard $(top_srcdir)/po/*.po) ; $(INTLTOOL_V_MERGE)LC_ALL=C $(INTLTOOL_MERGE) $(INTLTOOL_V_MERGE_OPTIONS) -d -u -c $(top_builddir)/po/.intltool-merge-cache $(top_srcdir)/po $< $@'
INTLTOOL_EXTRACT='/data/data/com.termux/files/usr/bin/intltool-extract'
INTLTOOL_KBD_RULE='%.kbd:       %.kbd.in       $(INTLTOOL_MERGE) $(wildcard $(top_srcdir)/po/*.po) ; $(INTLTOOL_V_MERGE)LC_ALL=C $(INTLTOOL_MERGE) $(INTLTOOL_V_MERGE_OPTIONS) -x -u -m -c $(top_builddir)/po/.intltool-merge-cache $(top_srcdir)/po $< $@'
INTLTOOL_KEYS_RULE='%.keys:      %.keys.in      $(INTLTOOL_MERGE) $(wildcard $(top_srcdir)/po/*.po) ; $(INTLTOOL_V_MERGE)LC_ALL=C $(INTLTOOL_MERGE) $(INTLTOOL_V_MERGE_OPTIONS) -k -u -c $(top_builddir)/po/.intltool-merge-cache $(top_srcdir)/po $< $@'
INTLTOOL_MERGE='/data/data/com.termux/files/usr/bin/intltool-merge'
INTLTOOL_OAF_RULE='%.oaf:       %.oaf.in       $(INTLTOOL_MERGE) $(wildcard $(top_srcdir)/po/*.po) ; $(INTLTOOL_V_MERGE)LC_ALL=C $(INTLTOOL_MERGE) $(INTLTOOL_V_MERGE_OPTIONS) -o -p $(top_srcdir)/po $< $@'
INTLTOOL_PERL='/data/data/com.termux/files/usr/bin/perl'
INTLTOOL_POLICY_RULE='%.policy:    %.policy.in    $(INTLTOOL_MERGE) $(wildcard $(top_srcdir)/po/*.po) ; $(INTLTOOL_V_MERGE)LC_ALL=C $(INTLTOOL_MERGE) $(INTLTOOL_V_MERGE_OPTIONS) -x -u -c $(top_builddir)/po/.intltool-merge-cache $(top_srcdir)/po $< $@'
INTLTOOL_PONG_RULE='%.pong:      %.pong.in      $(INTLTOOL_MERGE) $(wildcard $(top_srcdir)/po/*.po) ; $(INTLTOOL_V_MERGE)LC_ALL=C $(INTLTOOL_MERGE) $(INTLTOOL_V_MERGE_OPTIONS) -x -u -c $(top_builddir)/po/.intltool-merge-cache $(top_srcdir)/po $< $@'
INTLTOOL_PROP_RULE='%.prop:      %.prop.in      $(INTLTOOL_MERGE) $(wildcard $(top_srcdir)/po/*.po) ; $(INTLTOOL_V_MERGE)LC_ALL=C $(INTLTOOL_MERGE) $(INTLTOOL_V_MERGE_OPTIONS) -d -u -c $(top_builddir)/po/.intltool-merge-cache $(top_srcdir)/po $< $@'
INTLTOOL_SCHEMAS_RULE='%.schemas:   %.schemas.in   $(INTLTOOL_MERGE) $(wildcard $(top_srcdir)/po/*.po) ; $(INTLTOOL_V_MERGE)LC_ALL=C $(INTLTOOL_MERGE) $(INTLTOOL_V_MERGE_OPTIONS) -s -u -c $(top_builddir)/po/.intltool-merge-cache $(top_srcdir)/po $< $@'
INTLTOOL_SERVER_RULE='%.server:    %.server.in    $(INTLTOOL_MERGE) $(wildcard $(top_srcdir)/po/*.po) ; $(INTLTOOL_V_MERGE)LC_ALL=C $(INTLTOOL_MERGE) $(INTLTOOL_V_MERGE_OPTIONS) -o -u -c $(top_builddir)/po/.intltool-merge-cache $(top_srcdir)/po $< $@'
INTLTOOL_SERVICE_RULE='%.service: %.service.in   $(INTLTOOL_MERGE) $(wildcard $(top_srcdir)/po/*.po) ; $(INTLTOOL_V_MERGE)LC_ALL=C $(INTLTOOL_MERGE) $(INTLTOOL_V_MERGE_OPTIONS) -d -u -c $(top_builddir)/po/.intltool-merge-cache $(top_srcdir)/po $< $@'
INTLTOOL_SHEET_RULE='%.sheet:     %.sheet.in     $(INTLTOOL_MERGE) $(wildcard $(top_srcdir)/po/*.po) ; $(INTLTOOL_V_MERGE)LC_ALL=C $(INTLTOOL_MERGE) $(INTLTOOL_V_MERGE_OPTIONS) -x -u -c $(top_builddir)/po/.intltool-merge-cache $(top_srcdir)/po $< $@'
INTLTOOL_SOUNDLIST_RULE='%.soundlist: %.soundlist.in $(INTLTOOL_MERGE) $(wildcard $(top_srcdir)/po/*.po) ; $(INTLTOOL_V_MERGE)LC_ALL=C $(INTLTOOL_MERGE) $(INTLTOOL_V_MERGE_OPTIONS) -d -u -c $(top_builddir)/po/.intltool-merge-cache $(top_srcdir)/po $< $@'
INTLTOOL_THEME_RULE='%.theme:     %.theme.in     $(INTLTOOL_MERGE) $(wildcard $(top_srcdir)/po/*.po) ; $(INTLTOOL_V_MERGE)LC_ALL=C $(INTLTOOL_MERGE) $(INTLTOOL_V_MERGE_OPTIONS) -d -u -c $(top_builddir)/po/.intltool-merge-cache $(top_srcdir)/po $< $@'
INTLTOOL_UI_RULE='%.ui:        %.ui.in        $(INTLTOOL_MERGE) $(wildcard $(top_srcdir)/po/*.po) ; $(INTLTOOL_V_MERGE)LC_ALL=C $(INTLTOOL_MERGE) $(INTLTOOL_V_MERGE_OPTIONS) -x -u -c $(top_builddir)/po/.intltool-merge-cache $(top_srcdir)/po $< $@'
INTLTOOL_UPDATE='/data/data/com.termux/files/usr/bin/intltool-update'
INTLTOOL_V_MERGE='$(INTLTOOL__v_MERGE_$(V))'
INTLTOOL_V_MERGE_OPTIONS='$(intltool__v_merge_options_$(V))'
INTLTOOL_XAM_RULE='%.xam:       %.xml.in       $(INTLTOOL_MERGE) $(wildcard $(top_srcdir)/po/*.po) ; $(INTLTOOL_V_MERGE)LC_ALL=C $(INTLTOOL_MERGE) $(INTLTOOL_V_MERGE_OPTIONS) -x -u -c $(top_builddir)/po/.intltool-merge-cache $(top_srcdir)/po $< $@'
INTLTOOL_XML_NOMERGE_RULE='%.xml:       %.xml.in       $(INTLTOOL_MERGE) ; $(INTLTOOL_V_MERGE)LC_ALL=C $(INTLTOOL_MERGE) $(INTLTOOL_V_MERGE_OPTIONS) -x -u --no-translations $< $@'
INTLTOOL_XML_RULE='%.xml:       %.xml.in       $(INTLTOOL_MERGE) $(wildcard $(top_srcdir)/po/*.po) ; $(INTLTOOL_V_MERGE)LC_ALL=C $(INTLTOOL_MERGE) $(INTLTOOL_V_MERGE_OPTIONS) -x -u -c $(top_builddir)/po/.intltool-merge-cache $(top_srcdir)/po $< $@'
INTLTOOL__v_MERGE_0='@echo "  ITMRG " $@;'
INTLTOOL__v_MERGE_='$(INTLTOOL__v_MERGE_$(AM_DEFAULT_VERBOSITY))'
INTL_MACOSX_LIBS=''
LDFLAGS=''
LIBOBJS=''
LIBS=''
LTLIBOBJS=''
MAINT=''
MAINTAINER_MODE_FALSE='#'
MAINTAINER_MODE_TRUE=''
MAKEINFO='${SHELL} '\''/data/data/com.termux/files/home/extra/l3afpad/missing'\'' makeinfo'
MKDIR_P='/data/data/com.termux/files/usr/bin/mkdir -p'
MKINSTALLDIRS='.//mkinstalldirs'
MSGFMT='/data/data/com.termux/files/usr/bin/msgfmt'
MSGFMT_OPTS='-c'
MSGMERGE='/data/data/com.termux/files/usr/bin/msgmerge'
OBJEXT='o'
PACKAGE='l3afpad'
PACKAGE_BUGREPORT='stevenhoneyman@gmail.com'
PACKAGE_NAME='L3afpad'
PACKAGE_STRING='L3afpad 0.8.18.1.11'
PACKAGE_TARNAME='l3afpad'
PACKAGE_URL=''
PACKAGE_VERSION='0.8.18.1.11'
PATH_SEPARATOR=':'
PKG_CONFIG='/data/data/com.termux/files/usr/bin/pkg-config'
PKG_CONFIG_LIBDIR=''
PKG_CONFIG_PATH=''
POFILES=''
POSUB='po'
PO_IN_DATADIR_FALSE=''
PO_IN_DATADIR_TRUE=''
SET_MAKE=''
SHELL='/data/data/com.termux/files/usr/bin/sh'
STRIP=''
USE_NLS='yes'
VERSION='0.8.18.1.11'
XGETTEXT='/data/data/com.termux/files/usr/bin/xgettext'
ac_ct_CC='gcc'
am__EXEEXT_FALSE=''
am__EXEEXT_TRUE='#'
am__fastdepCC_FALSE='#'
am__fastdepCC_TRUE=''
am__include='include'
am__isrc=''
am__leading_dot='.'
am__nodep='_no'
am__quote=''
am__tar='$${TAR-tar} chof - "$$tardir"'
am__untar='$${TAR-tar} xf -'
bindir='${exec_prefix}/bin'
build_alias=''
datadir='${datarootdir}'
datarootdir='${prefix}/share'
docdir='${datarootdir}/doc/${PACKAGE_TARNAME}'
dvidir='${docdir}'
exec_prefix='${prefix}'
host_alias=''
htmldir='${docdir}'
includedir='${prefix}/include'
infodir='${datarootdir}/info'
install_sh='${SHELL} /data/data/com.termux/files/home/extra/l3afpad/install-sh'
intltool__v_merge_options_0='-q'
intltool__v_merge_options_='$(intltool__v_merge_options_$(AM_DEFAULT_VERBOSITY))'
libdir='${exec_prefix}/lib'
libexecdir='${exec_prefix}/libexec'
localedir='/data/data/com.termux/files/usr/lib/locale'
localstatedir='${prefix}/var'
mandir='${datarootdir}/man'
mkdir_p='$(MKDIR_P)'
oldincludedir='/usr/include'
pdfdir='${docdir}'
prefix='/data/data/com.termux/files/usr'
program_transform_name='s,x,x,'
psdir='${docdir}'
runstatedir='${localstatedir}/run'
sbindir='${exec_prefix}/sbin'
sharedstatedir='${prefix}/com'
sysconfdir='${prefix}/etc'
target_alias=''

## ----------- ##
## confdefs.h. ##
## ----------- ##

/* confdefs.h */
#define PACKAGE_NAME "L3afpad"
#define PACKAGE_TARNAME "l3afpad"
#define PACKAGE_VERSION "0.8.18.1.11"
#define PACKAGE_STRING "L3afpad 0.8.18.1.11"
#define PACKAGE_BUGREPORT "stevenhoneyman@gmail.com"
#define PACKAGE_URL ""
#define PACKAGE "l3afpad"
#define VERSION "0.8.18.1.11"
#define _FILE_OFFSET_BITS 64
#define HAVE_STDIO_H 1
#define HAVE_STDLIB_H 1
#define HAVE_STRING_H 1
#define HAVE_INTTYPES_H 1
#define HAVE_STDINT_H 1
#define HAVE_STRINGS_H 1
#define HAVE_SYS_STAT_H 1
#define HAVE_SYS_TYPES_H 1
#define HAVE_UNISTD_H 1
#define STDC_HEADERS 1
#define HAVE_LOCALE_H 1
#define HAVE_LC_MESSAGES 1
#define HAVE_GETTEXT 1
#define ENABLE_NLS 1
#define LOCALEDIR "/data/data/com.termux/files/usr/lib/locale"

configure: exit 0
