This file contains any messages produced by compilers while
running configure, to aid debugging if configure makes a mistake.

It was created by lxinput configure 0.3.5, which was
generated by GNU Autoconf 2.71.  Invocation command line was

  $ ./configure --prefix=/data/data/com.termux/files/usr

## --------- ##
## Platform. ##
## --------- ##

hostname = localhost
uname -m = armv7l
uname -r = 3.18.71-perf-gb847930
uname -s = Linux
uname -v = #1 SMP PREEMPT Fri Sep 27 14:15:01 CDT 2019

/usr/bin/uname -p = unknown
/bin/uname -X     = unknown

/bin/arch              = unknown
/usr/bin/arch -k       = unknown
/usr/convex/getsysinfo = unknown
/usr/bin/hostinfo      = unknown
/bin/machine           = unknown
/usr/bin/oslevel       = unknown
/bin/universe          = unknown

PATH: /data/data/com.termux/files/usr/bin/


## ----------- ##
## Core tests. ##
## ----------- ##

configure:2382: looking for aux files: compile missing install-sh
configure:2395:  trying ./
configure:2424:   ./compile found
configure:2424:   ./missing found
configure:2406:   ./install-sh found
configure:2553: checking for a BSD-compatible install
configure:2626: result: /data/data/com.termux/files/usr/bin/install -c
configure:2637: checking whether build environment is sane
configure:2692: result: yes
configure:2851: checking for a race-free mkdir -p
configure:2895: result: /data/data/com.termux/files/usr/bin/mkdir -p
configure:2902: checking for gawk
configure:2923: found /data/data/com.termux/files/usr/bin/gawk
configure:2934: result: gawk
configure:2945: checking whether make sets $(MAKE)
configure:2968: result: yes
configure:2998: checking whether make supports nested variables
configure:3016: result: yes
configure:3154: checking whether make supports nested variables
configure:3172: result: yes
configure:3186: checking whether to enable maintainer-specific portions of Makefiles
configure:3196: result: yes
configure:3223: checking whether make supports the include directive
configure:3238: make -f confmf.GNU && cat confinc.out
this is the am__doit target
configure:3241: $? = 0
configure:3260: result: yes (GNU style)
configure:3336: checking for gcc
configure:3357: found /data/data/com.termux/files/usr/bin/gcc
configure:3368: result: gcc
configure:3721: checking for C compiler version
configure:3730: gcc --version >&5
clang version 12.0.0
Target: armv7a-unknown-linux-android24
Thread model: posix
InstalledDir: /data/data/com.termux/files/usr/bin
configure:3741: $? = 0
configure:3730: gcc -v >&5
clang version 12.0.0
Target: armv7a-unknown-linux-android24
Thread model: posix
InstalledDir: /data/data/com.termux/files/usr/bin
configure:3741: $? = 0
configure:3730: gcc -V >&5
clang-12: error: argument to '-V' is missing (expected 1 value)
clang-12: error: no input files
configure:3741: $? = 1
configure:3730: gcc -qversion >&5
clang-12: error: unknown argument '-qversion'; did you mean '--version'?
clang-12: error: no input files
configure:3741: $? = 1
configure:3730: gcc -version >&5
clang-12: error: unknown argument '-version'; did you mean '--version'?
clang-12: error: no input files
configure:3741: $? = 1
configure:3761: checking whether the C compiler works
configure:3783: gcc    conftest.c  >&5
configure:3787: $? = 0
configure:3837: result: yes
configure:3840: checking for C compiler default output file name
configure:3842: result: a.out
configure:3848: checking for suffix of executables
configure:3855: gcc -o conftest    conftest.c  >&5
configure:3859: $? = 0
configure:3882: result: 
configure:3904: checking whether we are cross compiling
configure:3912: gcc -o conftest    conftest.c  >&5
configure:3916: $? = 0
configure:3923: ./conftest
configure:3927: $? = 0
configure:3942: result: no
configure:3947: checking for suffix of object files
configure:3970: gcc -c   conftest.c >&5
configure:3974: $? = 0
configure:3996: result: o
configure:4000: checking whether the compiler supports GNU C
configure:4020: gcc -c   conftest.c >&5
configure:4020: $? = 0
configure:4030: result: yes
configure:4041: checking whether gcc accepts -g
configure:4062: gcc -c -g  conftest.c >&5
configure:4062: $? = 0
configure:4106: result: yes
configure:4126: checking for gcc option to enable C11 features
configure:4141: gcc  -c -g -O2  conftest.c >&5
configure:4141: $? = 0
configure:4159: result: none needed
configure:4275: checking whether gcc understands -c and -o together
configure:4298: gcc -c conftest.c -o conftest2.o
configure:4301: $? = 0
configure:4298: gcc -c conftest.c -o conftest2.o
configure:4301: $? = 0
configure:4313: result: yes
configure:4332: checking dependency style of gcc
configure:4444: result: gcc3
configure:4460: checking for library containing strerror
configure:4490: gcc -o conftest -g -O2   conftest.c  >&5
conftest.c:15:6: warning: incompatible redeclaration of library function 'strerror' [-Wincompatible-library-redeclaration]
char strerror ();
     ^
conftest.c:15:6: note: 'strerror' is a builtin with type 'char *(int)'
1 warning generated.
configure:4490: $? = 0
configure:4510: result: none required
configure:4572: checking for gcc
configure:4604: result: gcc
configure:4957: checking for C compiler version
configure:4966: gcc --version >&5
clang version 12.0.0
Target: armv7a-unknown-linux-android24
Thread model: posix
InstalledDir: /data/data/com.termux/files/usr/bin
configure:4977: $? = 0
configure:4966: gcc -v >&5
clang version 12.0.0
Target: armv7a-unknown-linux-android24
Thread model: posix
InstalledDir: /data/data/com.termux/files/usr/bin
configure:4977: $? = 0
configure:4966: gcc -V >&5
clang-12: error: argument to '-V' is missing (expected 1 value)
clang-12: error: no input files
configure:4977: $? = 1
configure:4966: gcc -qversion >&5
clang-12: error: unknown argument '-qversion'; did you mean '--version'?
clang-12: error: no input files
configure:4977: $? = 1
configure:4966: gcc -version >&5
clang-12: error: unknown argument '-version'; did you mean '--version'?
clang-12: error: no input files
configure:4977: $? = 1
configure:4981: checking whether the compiler supports GNU C
configure:5011: result: yes
configure:5022: checking whether gcc accepts -g
configure:5087: result: yes
configure:5107: checking for gcc option to enable C11 features
configure:5140: result: none needed
configure:5256: checking whether gcc understands -c and -o together
configure:5294: result: yes
configure:5313: checking dependency style of gcc
configure:5425: result: gcc3
configure:5493: checking for gcc
configure:5525: result: gcc
configure:5878: checking for C compiler version
configure:5887: gcc --version >&5
clang version 12.0.0
Target: armv7a-unknown-linux-android24
Thread model: posix
InstalledDir: /data/data/com.termux/files/usr/bin
configure:5898: $? = 0
configure:5887: gcc -v >&5
clang version 12.0.0
Target: armv7a-unknown-linux-android24
Thread model: posix
InstalledDir: /data/data/com.termux/files/usr/bin
configure:5898: $? = 0
configure:5887: gcc -V >&5
clang-12: error: argument to '-V' is missing (expected 1 value)
clang-12: error: no input files
configure:5898: $? = 1
configure:5887: gcc -qversion >&5
clang-12: error: unknown argument '-qversion'; did you mean '--version'?
clang-12: error: no input files
configure:5898: $? = 1
configure:5887: gcc -version >&5
clang-12: error: unknown argument '-version'; did you mean '--version'?
clang-12: error: no input files
configure:5898: $? = 1
configure:5902: checking whether the compiler supports GNU C
configure:5932: result: yes
configure:5943: checking whether gcc accepts -g
configure:6008: result: yes
configure:6028: checking for gcc option to enable C11 features
configure:6061: result: none needed
configure:6177: checking whether gcc understands -c and -o together
configure:6215: result: yes
configure:6234: checking dependency style of gcc
configure:6346: result: gcc3
configure:6367: checking for stdio.h
configure:6367: gcc -c -g -O2  conftest.c >&5
configure:6367: $? = 0
configure:6367: result: yes
configure:6367: checking for stdlib.h
configure:6367: gcc -c -g -O2  conftest.c >&5
configure:6367: $? = 0
configure:6367: result: yes
configure:6367: checking for string.h
configure:6367: gcc -c -g -O2  conftest.c >&5
configure:6367: $? = 0
configure:6367: result: yes
configure:6367: checking for inttypes.h
configure:6367: gcc -c -g -O2  conftest.c >&5
configure:6367: $? = 0
configure:6367: result: yes
configure:6367: checking for stdint.h
configure:6367: gcc -c -g -O2  conftest.c >&5
configure:6367: $? = 0
configure:6367: result: yes
configure:6367: checking for strings.h
configure:6367: gcc -c -g -O2  conftest.c >&5
configure:6367: $? = 0
configure:6367: result: yes
configure:6367: checking for sys/stat.h
configure:6367: gcc -c -g -O2  conftest.c >&5
configure:6367: $? = 0
configure:6367: result: yes
configure:6367: checking for sys/types.h
configure:6367: gcc -c -g -O2  conftest.c >&5
configure:6367: $? = 0
configure:6367: result: yes
configure:6367: checking for unistd.h
configure:6367: gcc -c -g -O2  conftest.c >&5
configure:6367: $? = 0
configure:6367: result: yes
configure:6392: checking for grep that handles long lines and -e
configure:6456: result: /data/data/com.termux/files/usr/bin/grep
configure:6464: checking for egrep
configure:6532: result: /data/data/com.termux/files/usr/bin/grep -E
configure:6540: checking for locale.h
configure:6540: gcc -c -g -O2  conftest.c >&5
configure:6540: $? = 0
configure:6540: result: yes
configure:6548: checking for LC_MESSAGES
configure:6565: gcc -o conftest -g -O2   conftest.c  >&5
configure:6565: $? = 0
configure:6574: result: yes
configure:6592: checking for CFPreferencesCopyAppValue
configure:6611: gcc -o conftest -g -O2   conftest.c  -Wl,-framework -Wl,CoreFoundation >&5
conftest.c:23:10: fatal error: 'CoreFoundation/CFPreferences.h' file not found
#include <CoreFoundation/CFPreferences.h>
         ^~~~~~~~~~~~~~~~~~~~~~~~~~~~~~~~
1 error generated.
configure:6611: $? = 1
configure: failed program was:
| /* confdefs.h */
| #define PACKAGE_NAME "lxinput"
| #define PACKAGE_TARNAME "lxinput"
| #define PACKAGE_VERSION "0.3.5"
| #define PACKAGE_STRING "lxinput 0.3.5"
| #define PACKAGE_BUGREPORT "http://lxde.org/"
| #define PACKAGE_URL ""
| #define PACKAGE "lxinput"
| #define VERSION "0.3.5"
| #define HAVE_STDIO_H 1
| #define HAVE_STDLIB_H 1
| #define HAVE_STRING_H 1
| #define HAVE_INTTYPES_H 1
| #define HAVE_STDINT_H 1
| #define HAVE_STRINGS_H 1
| #define HAVE_SYS_STAT_H 1
| #define HAVE_SYS_TYPES_H 1
| #define HAVE_UNISTD_H 1
| #define STDC_HEADERS 1
| #define HAVE_LOCALE_H 1
| #define HAVE_LC_MESSAGES 1
| /* end confdefs.h.  */
| #include <CoreFoundation/CFPreferences.h>
| int
| main (void)
| {
| CFPreferencesCopyAppValue(NULL, NULL)
|   ;
|   return 0;
| }
configure:6621: result: no
configure:6628: checking for CFLocaleCopyCurrent
configure:6647: gcc -o conftest -g -O2   conftest.c  -Wl,-framework -Wl,CoreFoundation >&5
conftest.c:23:10: fatal error: 'CoreFoundation/CFLocale.h' file not found
#include <CoreFoundation/CFLocale.h>
         ^~~~~~~~~~~~~~~~~~~~~~~~~~~
1 error generated.
configure:6647: $? = 1
configure: failed program was:
| /* confdefs.h */
| #define PACKAGE_NAME "lxinput"
| #define PACKAGE_TARNAME "lxinput"
| #define PACKAGE_VERSION "0.3.5"
| #define PACKAGE_STRING "lxinput 0.3.5"
| #define PACKAGE_BUGREPORT "http://lxde.org/"
| #define PACKAGE_URL ""
| #define PACKAGE "lxinput"
| #define VERSION "0.3.5"
| #define HAVE_STDIO_H 1
| #define HAVE_STDLIB_H 1
| #define HAVE_STRING_H 1
| #define HAVE_INTTYPES_H 1
| #define HAVE_STDINT_H 1
| #define HAVE_STRINGS_H 1
| #define HAVE_SYS_STAT_H 1
| #define HAVE_SYS_TYPES_H 1
| #define HAVE_UNISTD_H 1
| #define STDC_HEADERS 1
| #define HAVE_LOCALE_H 1
| #define HAVE_LC_MESSAGES 1
| /* end confdefs.h.  */
| #include <CoreFoundation/CFLocale.h>
| int
| main (void)
| {
| CFLocaleCopyCurrent();
|   ;
|   return 0;
| }
configure:6657: result: no
configure:6671: checking for libintl.h
configure:6671: gcc -c -g -O2  conftest.c >&5
configure:6671: $? = 0
configure:6671: result: yes
configure:6680: checking for ngettext in libc
configure:6699: gcc -o conftest -g -O2   conftest.c  >&5
configure:6699: $? = 0
configure:6709: result: yes
configure:6713: checking for dgettext in libc
configure:6732: gcc -o conftest -g -O2   conftest.c  >&5
configure:6732: $? = 0
configure:6742: result: yes
configure:6747: checking for bind_textdomain_codeset
configure:6747: gcc -o conftest -g -O2   conftest.c  >&5
/data/data/com.termux/files/usr/bin/ld: /data/data/com.termux/files/usr/tmp/conftest-3957a0.o: in function `main':
/data/data/com.termux/files/home/extra/build-lxde/lxinput/conftest.c:50: undefined reference to `bind_textdomain_codeset'
clang-12: error: linker command failed with exit code 1 (use -v to see invocation)
configure:6747: $? = 1
configure: failed program was:
| /* confdefs.h */
| #define PACKAGE_NAME "lxinput"
| #define PACKAGE_TARNAME "lxinput"
| #define PACKAGE_VERSION "0.3.5"
| #define PACKAGE_STRING "lxinput 0.3.5"
| #define PACKAGE_BUGREPORT "http://lxde.org/"
| #define PACKAGE_URL ""
| #define PACKAGE "lxinput"
| #define VERSION "0.3.5"
| #define HAVE_STDIO_H 1
| #define HAVE_STDLIB_H 1
| #define HAVE_STRING_H 1
| #define HAVE_INTTYPES_H 1
| #define HAVE_STDINT_H 1
| #define HAVE_STRINGS_H 1
| #define HAVE_SYS_STAT_H 1
| #define HAVE_SYS_TYPES_H 1
| #define HAVE_UNISTD_H 1
| #define STDC_HEADERS 1
| #define HAVE_LOCALE_H 1
| #define HAVE_LC_MESSAGES 1
| /* end confdefs.h.  */
| /* Define bind_textdomain_codeset to an innocuous variant, in case <limits.h> declares bind_textdomain_codeset.
|    For example, HP-UX 11i <limits.h> declares gettimeofday.  */
| #define bind_textdomain_codeset innocuous_bind_textdomain_codeset
| 
| /* System header to define __stub macros and hopefully few prototypes,
|    which can conflict with char bind_textdomain_codeset (); below.  */
| 
| #include <limits.h>
| #undef bind_textdomain_codeset
| 
| /* Override any GCC internal prototype to avoid an error.
|    Use char because int might match the return type of a GCC
|    builtin and then its argument prototype would still apply.  */
| #ifdef __cplusplus
| extern "C"
| #endif
| char bind_textdomain_codeset ();
| /* The GNU C library defines this for functions which it implements
|     to always fail with ENOSYS.  Some functions are actually named
|     something starting with __ and the normal name is an alias.  */
| #if defined __stub_bind_textdomain_codeset || defined __stub___bind_textdomain_codeset
| choke me
| #endif
| 
| int
| main (void)
| {
| return bind_textdomain_codeset ();
|   ;
|   return 0;
| }
configure:6747: result: no
configure:6763: checking for bindtextdomain in -lintl
configure:6786: gcc -o conftest -g -O2   conftest.c -lintl   >&5
/data/data/com.termux/files/usr/bin/ld: cannot find -lintl
clang-12: error: linker command failed with exit code 1 (use -v to see invocation)
configure:6786: $? = 1
configure: failed program was:
| /* confdefs.h */
| #define PACKAGE_NAME "lxinput"
| #define PACKAGE_TARNAME "lxinput"
| #define PACKAGE_VERSION "0.3.5"
| #define PACKAGE_STRING "lxinput 0.3.5"
| #define PACKAGE_BUGREPORT "http://lxde.org/"
| #define PACKAGE_URL ""
| #define PACKAGE "lxinput"
| #define VERSION "0.3.5"
| #define HAVE_STDIO_H 1
| #define HAVE_STDLIB_H 1
| #define HAVE_STRING_H 1
| #define HAVE_INTTYPES_H 1
| #define HAVE_STDINT_H 1
| #define HAVE_STRINGS_H 1
| #define HAVE_SYS_STAT_H 1
| #define HAVE_SYS_TYPES_H 1
| #define HAVE_UNISTD_H 1
| #define STDC_HEADERS 1
| #define HAVE_LOCALE_H 1
| #define HAVE_LC_MESSAGES 1
| /* end confdefs.h.  */
| 
| /* Override any GCC internal prototype to avoid an error.
|    Use char because int might match the return type of a GCC
|    builtin and then its argument prototype would still apply.  */
| char bindtextdomain ();
| int
| main (void)
| {
| return bindtextdomain ();
|   ;
|   return 0;
| }
configure:6796: result: no
configure:6883: checking if -liconv is needed to use gettext
configure:6885: result: 
configure:6887: checking for ngettext in -lintl
configure:6910: gcc -o conftest -g -O2   conftest.c -lintl -liconv  >&5
/data/data/com.termux/files/usr/bin/ld: cannot find -lintl
clang-12: error: linker command failed with exit code 1 (use -v to see invocation)
configure:6910: $? = 1
configure: failed program was:
| /* confdefs.h */
| #define PACKAGE_NAME "lxinput"
| #define PACKAGE_TARNAME "lxinput"
| #define PACKAGE_VERSION "0.3.5"
| #define PACKAGE_STRING "lxinput 0.3.5"
| #define PACKAGE_BUGREPORT "http://lxde.org/"
| #define PACKAGE_URL ""
| #define PACKAGE "lxinput"
| #define VERSION "0.3.5"
| #define HAVE_STDIO_H 1
| #define HAVE_STDLIB_H 1
| #define HAVE_STRING_H 1
| #define HAVE_INTTYPES_H 1
| #define HAVE_STDINT_H 1
| #define HAVE_STRINGS_H 1
| #define HAVE_SYS_STAT_H 1
| #define HAVE_SYS_TYPES_H 1
| #define HAVE_UNISTD_H 1
| #define STDC_HEADERS 1
| #define HAVE_LOCALE_H 1
| #define HAVE_LC_MESSAGES 1
| /* end confdefs.h.  */
| 
| /* Override any GCC internal prototype to avoid an error.
|    Use char because int might match the return type of a GCC
|    builtin and then its argument prototype would still apply.  */
| char ngettext ();
| int
| main (void)
| {
| return ngettext ();
|   ;
|   return 0;
| }
configure:6920: result: no
configure:7017: checking for msgfmt
configure:7045: result: /data/data/com.termux/files/usr/bin/msgfmt
configure:7054: checking for dcgettext
configure:7054: gcc -o conftest -g -O2   conftest.c   >&5
/data/data/com.termux/files/usr/bin/ld: /data/data/com.termux/files/usr/tmp/conftest-f1644e.o: in function `main':
/data/data/com.termux/files/home/extra/build-lxde/lxinput/conftest.c:51: undefined reference to `dcgettext'
clang-12: error: linker command failed with exit code 1 (use -v to see invocation)
configure:7054: $? = 1
configure: failed program was:
| /* confdefs.h */
| #define PACKAGE_NAME "lxinput"
| #define PACKAGE_TARNAME "lxinput"
| #define PACKAGE_VERSION "0.3.5"
| #define PACKAGE_STRING "lxinput 0.3.5"
| #define PACKAGE_BUGREPORT "http://lxde.org/"
| #define PACKAGE_URL ""
| #define PACKAGE "lxinput"
| #define VERSION "0.3.5"
| #define HAVE_STDIO_H 1
| #define HAVE_STDLIB_H 1
| #define HAVE_STRING_H 1
| #define HAVE_INTTYPES_H 1
| #define HAVE_STDINT_H 1
| #define HAVE_STRINGS_H 1
| #define HAVE_SYS_STAT_H 1
| #define HAVE_SYS_TYPES_H 1
| #define HAVE_UNISTD_H 1
| #define STDC_HEADERS 1
| #define HAVE_LOCALE_H 1
| #define HAVE_LC_MESSAGES 1
| #define HAVE_GETTEXT 1
| /* end confdefs.h.  */
| /* Define dcgettext to an innocuous variant, in case <limits.h> declares dcgettext.
|    For example, HP-UX 11i <limits.h> declares gettimeofday.  */
| #define dcgettext innocuous_dcgettext
| 
| /* System header to define __stub macros and hopefully few prototypes,
|    which can conflict with char dcgettext (); below.  */
| 
| #include <limits.h>
| #undef dcgettext
| 
| /* Override any GCC internal prototype to avoid an error.
|    Use char because int might match the return type of a GCC
|    builtin and then its argument prototype would still apply.  */
| #ifdef __cplusplus
| extern "C"
| #endif
| char dcgettext ();
| /* The GNU C library defines this for functions which it implements
|     to always fail with ENOSYS.  Some functions are actually named
|     something starting with __ and the normal name is an alias.  */
| #if defined __stub_dcgettext || defined __stub___dcgettext
| choke me
| #endif
| 
| int
| main (void)
| {
| return dcgettext ();
|   ;
|   return 0;
| }
configure:7054: result: no
configure:7062: checking if msgfmt accepts -c
configure:7077: $MSGFMT -c -o /dev/null conftest.foo
conftest.foo:3: warning: header field 'Language' missing in header
configure:7080: $? = 0
configure:7082: result: yes
configure:7092: checking for gmsgfmt
configure:7128: result: /data/data/com.termux/files/usr/bin/msgfmt
configure:7138: checking for xgettext
configure:7166: result: /data/data/com.termux/files/usr/bin/xgettext
configure:7185: gcc -o conftest -g -O2   conftest.c   >&5
/data/data/com.termux/files/usr/bin/ld: /data/data/com.termux/files/usr/tmp/conftest-83e658.o: in function `main':
/data/data/com.termux/files/home/extra/build-lxde/lxinput/conftest.c:(.text+0x10): undefined reference to `_nl_msg_cat_cntr'
clang-12: error: linker command failed with exit code 1 (use -v to see invocation)
configure:7185: $? = 1
configure: failed program was:
| /* confdefs.h */
| #define PACKAGE_NAME "lxinput"
| #define PACKAGE_TARNAME "lxinput"
| #define PACKAGE_VERSION "0.3.5"
| #define PACKAGE_STRING "lxinput 0.3.5"
| #define PACKAGE_BUGREPORT "http://lxde.org/"
| #define PACKAGE_URL ""
| #define PACKAGE "lxinput"
| #define VERSION "0.3.5"
| #define HAVE_STDIO_H 1
| #define HAVE_STDLIB_H 1
| #define HAVE_STRING_H 1
| #define HAVE_INTTYPES_H 1
| #define HAVE_STDINT_H 1
| #define HAVE_STRINGS_H 1
| #define HAVE_SYS_STAT_H 1
| #define HAVE_SYS_TYPES_H 1
| #define HAVE_UNISTD_H 1
| #define STDC_HEADERS 1
| #define HAVE_LOCALE_H 1
| #define HAVE_LC_MESSAGES 1
| #define HAVE_GETTEXT 1
| /* end confdefs.h.  */
| 
| int
| main (void)
| {
| extern int _nl_msg_cat_cntr;
| 			 return _nl_msg_cat_cntr
|   ;
|   return 0;
| }
configure:7326: checking whether NLS is requested
configure:7336: result: yes
configure:7354: checking for intltool >= 0.40.0
configure:7356: result: 0.51.0 found
configure:7364: checking for intltool-update
configure:7387: found /data/data/com.termux/files/usr/bin/intltool-update
configure:7399: result: /data/data/com.termux/files/usr/bin/intltool-update
configure:7409: checking for intltool-merge
configure:7432: found /data/data/com.termux/files/usr/bin/intltool-merge
configure:7444: result: /data/data/com.termux/files/usr/bin/intltool-merge
configure:7454: checking for intltool-extract
configure:7477: found /data/data/com.termux/files/usr/bin/intltool-extract
configure:7489: result: /data/data/com.termux/files/usr/bin/intltool-extract
configure:7643: checking for xgettext
configure:7678: result: /data/data/com.termux/files/usr/bin/xgettext
configure:7688: checking for msgmerge
configure:7711: found /data/data/com.termux/files/usr/bin/msgmerge
configure:7723: result: /data/data/com.termux/files/usr/bin/msgmerge
configure:7733: checking for msgfmt
configure:7768: result: /data/data/com.termux/files/usr/bin/msgfmt
configure:7778: checking for gmsgfmt
configure:7814: result: /data/data/com.termux/files/usr/bin/msgfmt
configure:7834: checking for perl
configure:7857: found /data/data/com.termux/files/usr/bin/perl
configure:7869: result: /data/data/com.termux/files/usr/bin/perl
configure:7880: checking for perl >= 5.8.1
configure:7887: result: 5.34.0
configure:7891: checking for XML::Parser
configure:7894: result: ok
configure:8005: checking for pkg-config
configure:8028: found /data/data/com.termux/files/usr/bin/pkg-config
configure:8040: result: /data/data/com.termux/files/usr/bin/pkg-config
configure:8065: checking pkg-config is at least version 0.9.0
configure:8068: result: yes
configure:8078: checking for gtk+-2.0 >= 2.12.0
configure:8085: $PKG_CONFIG --exists --print-errors "$gtk_modules"
configure:8088: $? = 0
configure:8102: $PKG_CONFIG --exists --print-errors "$gtk_modules"
configure:8105: $? = 0
configure:8163: result: yes
configure:8172: checking for "x11"
configure:8179: $PKG_CONFIG --exists --print-errors ""x11""
configure:8182: $? = 0
configure:8196: $PKG_CONFIG --exists --print-errors ""x11""
configure:8199: $? = 0
configure:8257: result: yes
configure:8282: checking for locale.h
configure:8282: result: yes
configure:8290: checking for LC_MESSAGES
configure:8316: result: yes
configure:8334: checking for CFPreferencesCopyAppValue
configure:8363: result: no
configure:8370: checking for CFLocaleCopyCurrent
configure:8399: result: no
configure:8413: checking for libintl.h
configure:8413: result: yes
configure:8422: checking for ngettext in libc
configure:8451: result: yes
configure:8455: checking for dgettext in libc
configure:8484: result: yes
configure:8489: checking for bind_textdomain_codeset
configure:8489: result: no
configure:8505: checking for bindtextdomain in -lintl
configure:8538: result: no
configure:8625: checking if -liconv is needed to use gettext
configure:8627: result: 
configure:8629: checking for ngettext in -lintl
configure:8662: result: no
configure:8759: checking for msgfmt
configure:8787: result: /data/data/com.termux/files/usr/bin/msgfmt
configure:8796: checking for dcgettext
configure:8796: result: no
configure:8804: checking if msgfmt accepts -c
configure:8819: $MSGFMT -c -o /dev/null conftest.foo
conftest.foo:3: warning: header field 'Language' missing in header
configure:8822: $? = 0
configure:8824: result: yes
configure:8834: checking for gmsgfmt
configure:8870: result: /data/data/com.termux/files/usr/bin/msgfmt
configure:8880: checking for xgettext
configure:8908: result: /data/data/com.termux/files/usr/bin/xgettext
configure:8927: gcc -o conftest -g -O2   conftest.c   >&5
/data/data/com.termux/files/usr/bin/ld: /data/data/com.termux/files/usr/tmp/conftest-1cefa4.o: in function `main':
/data/data/com.termux/files/home/extra/build-lxde/lxinput/conftest.c:(.text+0x10): undefined reference to `_nl_msg_cat_cntr'
clang-12: error: linker command failed with exit code 1 (use -v to see invocation)
configure:8927: $? = 1
configure: failed program was:
| /* confdefs.h */
| #define PACKAGE_NAME "lxinput"
| #define PACKAGE_TARNAME "lxinput"
| #define PACKAGE_VERSION "0.3.5"
| #define PACKAGE_STRING "lxinput 0.3.5"
| #define PACKAGE_BUGREPORT "http://lxde.org/"
| #define PACKAGE_URL ""
| #define PACKAGE "lxinput"
| #define VERSION "0.3.5"
| #define HAVE_STDIO_H 1
| #define HAVE_STDLIB_H 1
| #define HAVE_STRING_H 1
| #define HAVE_INTTYPES_H 1
| #define HAVE_STDINT_H 1
| #define HAVE_STRINGS_H 1
| #define HAVE_SYS_STAT_H 1
| #define HAVE_SYS_TYPES_H 1
| #define HAVE_UNISTD_H 1
| #define STDC_HEADERS 1
| #define HAVE_LOCALE_H 1
| #define HAVE_LC_MESSAGES 1
| #define HAVE_GETTEXT 1
| #define ENABLE_NLS 1
| #define HAVE_LOCALE_H 1
| #define HAVE_LC_MESSAGES 1
| #define HAVE_GETTEXT 1
| /* end confdefs.h.  */
| 
| int
| main (void)
| {
| extern int _nl_msg_cat_cntr;
| 			 return _nl_msg_cat_cntr
|   ;
|   return 0;
| }
configure:9384: checking that generated files are newer than configure
configure:9390: result: done
configure:9433: creating ./config.status

## ---------------------- ##
## Running config.status. ##
## ---------------------- ##

This file was extended by lxinput config.status 0.3.5, which was
generated by GNU Autoconf 2.71.  Invocation command line was

  CONFIG_FILES    = 
  CONFIG_HEADERS  = 
  CONFIG_LINKS    = 
  CONFIG_COMMANDS = 
  $ ./config.status 

on localhost

config.status:956: creating Makefile
config.status:956: creating src/Makefile
config.status:956: creating po/Makefile.in
config.status:956: creating man/Makefile
config.status:956: creating config.h
config.status:1185: executing depfiles commands
config.status:1260: cd src       && sed -e '/# am--include-marker/d' Makefile         | make -f - am--depfiles
config.status:1267: $? = 0
config.status:1185: executing default-1 commands
config.status:1185: executing default-2 commands
config.status:1185: executing po/stamp-it commands

## ---------------- ##
## Cache variables. ##
## ---------------- ##

ac_cv_c_compiler_gnu='yes'
ac_cv_env_CC_set=''
ac_cv_env_CC_value=''
ac_cv_env_CFLAGS_set=''
ac_cv_env_CFLAGS_value=''
ac_cv_env_CPPFLAGS_set=''
ac_cv_env_CPPFLAGS_value=''
ac_cv_env_GTK_CFLAGS_set=''
ac_cv_env_GTK_CFLAGS_value=''
ac_cv_env_GTK_LIBS_set=''
ac_cv_env_GTK_LIBS_value=''
ac_cv_env_LDFLAGS_set=''
ac_cv_env_LDFLAGS_value=''
ac_cv_env_LIBS_set=''
ac_cv_env_LIBS_value=''
ac_cv_env_PKG_CONFIG_LIBDIR_set=''
ac_cv_env_PKG_CONFIG_LIBDIR_value=''
ac_cv_env_PKG_CONFIG_PATH_set=''
ac_cv_env_PKG_CONFIG_PATH_value=''
ac_cv_env_PKG_CONFIG_set=''
ac_cv_env_PKG_CONFIG_value=''
ac_cv_env_XLIB_CFLAGS_set=''
ac_cv_env_XLIB_CFLAGS_value=''
ac_cv_env_XLIB_LIBS_set=''
ac_cv_env_XLIB_LIBS_value=''
ac_cv_env_build_alias_set=''
ac_cv_env_build_alias_value=''
ac_cv_env_host_alias_set=''
ac_cv_env_host_alias_value=''
ac_cv_env_target_alias_set=''
ac_cv_env_target_alias_value=''
ac_cv_func_bind_textdomain_codeset='no'
ac_cv_func_dcgettext='no'
ac_cv_header_inttypes_h='yes'
ac_cv_header_libintl_h='yes'
ac_cv_header_locale_h='yes'
ac_cv_header_stdint_h='yes'
ac_cv_header_stdio_h='yes'
ac_cv_header_stdlib_h='yes'
ac_cv_header_string_h='yes'
ac_cv_header_strings_h='yes'
ac_cv_header_sys_stat_h='yes'
ac_cv_header_sys_types_h='yes'
ac_cv_header_unistd_h='yes'
ac_cv_lib_intl_bindtextdomain='no'
ac_cv_lib_intl_ngettext='no'
ac_cv_objext='o'
ac_cv_path_EGREP='/data/data/com.termux/files/usr/bin/grep -E'
ac_cv_path_GMSGFMT='/data/data/com.termux/files/usr/bin/msgfmt'
ac_cv_path_GREP='/data/data/com.termux/files/usr/bin/grep'
ac_cv_path_INTLTOOL_EXTRACT='/data/data/com.termux/files/usr/bin/intltool-extract'
ac_cv_path_INTLTOOL_MERGE='/data/data/com.termux/files/usr/bin/intltool-merge'
ac_cv_path_INTLTOOL_PERL='/data/data/com.termux/files/usr/bin/perl'
ac_cv_path_INTLTOOL_UPDATE='/data/data/com.termux/files/usr/bin/intltool-update'
ac_cv_path_MSGFMT='/data/data/com.termux/files/usr/bin/msgfmt'
ac_cv_path_MSGMERGE='/data/data/com.termux/files/usr/bin/msgmerge'
ac_cv_path_XGETTEXT='/data/data/com.termux/files/usr/bin/xgettext'
ac_cv_path_ac_pt_PKG_CONFIG='/data/data/com.termux/files/usr/bin/pkg-config'
ac_cv_path_install='/data/data/com.termux/files/usr/bin/install -c'
ac_cv_path_mkdir='/data/data/com.termux/files/usr/bin/mkdir'
ac_cv_prog_AWK='gawk'
ac_cv_prog_ac_ct_CC='gcc'
ac_cv_prog_cc_c11=''
ac_cv_prog_cc_g='yes'
ac_cv_prog_cc_stdc=''
ac_cv_prog_make_make_set='yes'
ac_cv_search_strerror='none required'
am_cv_CC_dependencies_compiler_type='gcc3'
am_cv_make_support_nested_variables='yes'
am_cv_prog_cc_c_o='yes'
am_cv_prog_cc_stdc=''
am_cv_val_LC_MESSAGES='yes'
gt_cv_func_CFLocaleCopyCurrent='no'
gt_cv_func_CFPreferencesCopyAppValue='no'
gt_cv_func_dgettext_libc='yes'
gt_cv_func_dgettext_libintl='no'
gt_cv_func_ngettext_libc='yes'
gt_cv_have_gettext='yes'
pkg_cv_GTK_CFLAGS='-pthread -I/data/data/com.termux/files/usr/include/gtk-2.0 -I/data/data/com.termux/files/usr/lib/gtk-2.0/include -I/data/data/com.termux/files/usr/include/pango-1.0 -I/data/data/com.termux/files/usr/include/gio-unix-2.0 -I/data/data/com.termux/files/usr/include -I/data/data/com.termux/files/usr/include/cairo -I/data/data/com.termux/files/usr/include/atk-1.0 -I/data/data/com.termux/files/usr/include/gdk-pixbuf-2.0 -I/data/data/com.termux/files/usr/include/libpng16 -I/data/data/com.termux/files/usr/include -I/data/data/com.termux/files/usr/include/pango-1.0 -I/data/data/com.termux/files/usr/include -I/data/data/com.termux/files/usr/include/fribidi -I/data/data/com.termux/files/usr/include -I/data/data/com.termux/files/usr/include/cairo -I/data/data/com.termux/files/usr/include/pixman-1 -I/data/data/com.termux/files/usr/include -I/data/data/com.termux/files/usr/include/harfbuzz -I/data/data/com.termux/files/usr/include -I/data/data/com.termux/files/usr/include/glib-2.0 -I/data/data/com.termux/files/usr/lib/glib-2.0/include -I/data/data/com.termux/files/usr/include -I/data/data/com.termux/files/usr/include/uuid -I/data/data/com.termux/files/usr/include/libxml2 -I/data/data/com.termux/files/usr/include/freetype2 -I/data/data/com.termux/files/usr/include/libpng16 -I/data/data/com.termux/files/usr/include'
pkg_cv_GTK_LIBS='-L/data/data/com.termux/files/usr/lib -lgtk-x11-2.0 -lgdk-x11-2.0 -lpangocairo-1.0 -lXrender -lXinerama -lXrandr -lXcursor -lXcomposite -lXdamage -lXfixes -lX11 -lXext -latk-1.0 -lcairo -lgdk_pixbuf-2.0 -lgio-2.0 -lpangoft2-1.0 -lpango-1.0 -lgobject-2.0 -lglib-2.0 -lharfbuzz -lfontconfig -lfreetype'
pkg_cv_XLIB_CFLAGS='-I/data/data/com.termux/files/usr/include'
pkg_cv_XLIB_LIBS='-L/data/data/com.termux/files/usr/lib -lX11'

## ----------------- ##
## Output variables. ##
## ----------------- ##

ACLOCAL='${SHELL} '\''/data/data/com.termux/files/home/extra/build-lxde/lxinput/missing'\'' aclocal-1.16'
ADDITIONAL_FLAGS=''
ALL_LINGUAS=''
AMDEPBACKSLASH='\'
AMDEP_FALSE='#'
AMDEP_TRUE=''
AMTAR='$${TAR-tar}'
AM_BACKSLASH='\'
AM_DEFAULT_V='$(AM_DEFAULT_VERBOSITY)'
AM_DEFAULT_VERBOSITY='0'
AM_V='$(V)'
AUTOCONF='${SHELL} '\''/data/data/com.termux/files/home/extra/build-lxde/lxinput/missing'\'' autoconf'
AUTOHEADER='${SHELL} '\''/data/data/com.termux/files/home/extra/build-lxde/lxinput/missing'\'' autoheader'
AUTOMAKE='${SHELL} '\''/data/data/com.termux/files/home/extra/build-lxde/lxinput/missing'\'' automake-1.16'
AWK='gawk'
CATALOGS=''
CATOBJEXT='.mo'
CC='gcc'
CCDEPMODE='depmode=gcc3'
CFLAGS='-g -O2'
CPPFLAGS=' -DG_DISABLE_ASSERT -DG_DISABLE_CHECKS -DG_DISABLE_CAST_CHECKS'
CYGPATH_W='echo'
DATADIRNAME='lib'
DEFS='-DHAVE_CONFIG_H'
DEPDIR='.deps'
ECHO_C=''
ECHO_N='-n'
ECHO_T=''
EGREP='/data/data/com.termux/files/usr/bin/grep -E'
ENABLE_REGENERATE_MAN_FALSE=''
ENABLE_REGENERATE_MAN_TRUE='#'
EXEEXT=''
GETTEXT_PACKAGE='lxinput'
GMOFILES=''
GMSGFMT='/data/data/com.termux/files/usr/bin/msgfmt'
GREP='/data/data/com.termux/files/usr/bin/grep'
GTK_CFLAGS='-pthread -I/data/data/com.termux/files/usr/include/gtk-2.0 -I/data/data/com.termux/files/usr/lib/gtk-2.0/include -I/data/data/com.termux/files/usr/include/pango-1.0 -I/data/data/com.termux/files/usr/include/gio-unix-2.0 -I/data/data/com.termux/files/usr/include -I/data/data/com.termux/files/usr/include/cairo -I/data/data/com.termux/files/usr/include/atk-1.0 -I/data/data/com.termux/files/usr/include/gdk-pixbuf-2.0 -I/data/data/com.termux/files/usr/include/libpng16 -I/data/data/com.termux/files/usr/include -I/data/data/com.termux/files/usr/include/pango-1.0 -I/data/data/com.termux/files/usr/include -I/data/data/com.termux/files/usr/include/fribidi -I/data/data/com.termux/files/usr/include -I/data/data/com.termux/files/usr/include/cairo -I/data/data/com.termux/files/usr/include/pixman-1 -I/data/data/com.termux/files/usr/include -I/data/data/com.termux/files/usr/include/harfbuzz -I/data/data/com.termux/files/usr/include -I/data/data/com.termux/files/usr/include/glib-2.0 -I/data/data/com.termux/files/usr/lib/glib-2.0/include -I/data/data/com.termux/files/usr/include -I/data/data/com.termux/files/usr/include/uuid -I/data/data/com.termux/files/usr/include/libxml2 -I/data/data/com.termux/files/usr/include/freetype2 -I/data/data/com.termux/files/usr/include/libpng16 -I/data/data/com.termux/files/usr/include'
GTK_LIBS='-L/data/data/com.termux/files/usr/lib -lgtk-x11-2.0 -lgdk-x11-2.0 -lpangocairo-1.0 -lXrender -lXinerama -lXrandr -lXcursor -lXcomposite -lXdamage -lXfixes -lX11 -lXext -latk-1.0 -lcairo -lgdk_pixbuf-2.0 -lgio-2.0 -lpangoft2-1.0 -lpango-1.0 -lgobject-2.0 -lglib-2.0 -lharfbuzz -lfontconfig -lfreetype'
INSTALL_DATA='${INSTALL} -m 644'
INSTALL_PROGRAM='${INSTALL}'
INSTALL_SCRIPT='${INSTALL}'
INSTALL_STRIP_PROGRAM='$(install_sh) -c -s'
INSTOBJEXT='.mo'
INTLLIBS=''
INTLTOOL_CAVES_RULE='%.caves:     %.caves.in     $(INTLTOOL_MERGE) $(wildcard $(top_srcdir)/po/*.po) ; $(INTLTOOL_V_MERGE)LC_ALL=C $(INTLTOOL_MERGE) $(INTLTOOL_V_MERGE_OPTIONS) -d -u -c $(top_builddir)/po/.intltool-merge-cache $(top_srcdir)/po $< $@'
INTLTOOL_DESKTOP_RULE='%.desktop:   %.desktop.in   $(INTLTOOL_MERGE) $(wildcard $(top_srcdir)/po/*.po) ; $(INTLTOOL_V_MERGE)LC_ALL=C $(INTLTOOL_MERGE) $(INTLTOOL_V_MERGE_OPTIONS) -d -u -c $(top_builddir)/po/.intltool-merge-cache $(top_srcdir)/po $< $@'
INTLTOOL_DIRECTORY_RULE='%.directory: %.directory.in $(INTLTOOL_MERGE) $(wildcard $(top_srcdir)/po/*.po) ; $(INTLTOOL_V_MERGE)LC_ALL=C $(INTLTOOL_MERGE) $(INTLTOOL_V_MERGE_OPTIONS) -d -u -c $(top_builddir)/po/.intltool-merge-cache $(top_srcdir)/po $< $@'
INTLTOOL_EXTRACT='/data/data/com.termux/files/usr/bin/intltool-extract'
INTLTOOL_KBD_RULE='%.kbd:       %.kbd.in       $(INTLTOOL_MERGE) $(wildcard $(top_srcdir)/po/*.po) ; $(INTLTOOL_V_MERGE)LC_ALL=C $(INTLTOOL_MERGE) $(INTLTOOL_V_MERGE_OPTIONS) -x -u -m -c $(top_builddir)/po/.intltool-merge-cache $(top_srcdir)/po $< $@'
INTLTOOL_KEYS_RULE='%.keys:      %.keys.in      $(INTLTOOL_MERGE) $(wildcard $(top_srcdir)/po/*.po) ; $(INTLTOOL_V_MERGE)LC_ALL=C $(INTLTOOL_MERGE) $(INTLTOOL_V_MERGE_OPTIONS) -k -u -c $(top_builddir)/po/.intltool-merge-cache $(top_srcdir)/po $< $@'
INTLTOOL_MERGE='/data/data/com.termux/files/usr/bin/intltool-merge'
INTLTOOL_OAF_RULE='%.oaf:       %.oaf.in       $(INTLTOOL_MERGE) $(wildcard $(top_srcdir)/po/*.po) ; $(INTLTOOL_V_MERGE)LC_ALL=C $(INTLTOOL_MERGE) $(INTLTOOL_V_MERGE_OPTIONS) -o -p $(top_srcdir)/po $< $@'
INTLTOOL_PERL='/data/data/com.termux/files/usr/bin/perl'
INTLTOOL_POLICY_RULE='%.policy:    %.policy.in    $(INTLTOOL_MERGE) $(wildcard $(top_srcdir)/po/*.po) ; $(INTLTOOL_V_MERGE)LC_ALL=C $(INTLTOOL_MERGE) $(INTLTOOL_V_MERGE_OPTIONS) -x -u -c $(top_builddir)/po/.intltool-merge-cache $(top_srcdir)/po $< $@'
INTLTOOL_PONG_RULE='%.pong:      %.pong.in      $(INTLTOOL_MERGE) $(wildcard $(top_srcdir)/po/*.po) ; $(INTLTOOL_V_MERGE)LC_ALL=C $(INTLTOOL_MERGE) $(INTLTOOL_V_MERGE_OPTIONS) -x -u -c $(top_builddir)/po/.intltool-merge-cache $(top_srcdir)/po $< $@'
INTLTOOL_PROP_RULE='%.prop:      %.prop.in      $(INTLTOOL_MERGE) $(wildcard $(top_srcdir)/po/*.po) ; $(INTLTOOL_V_MERGE)LC_ALL=C $(INTLTOOL_MERGE) $(INTLTOOL_V_MERGE_OPTIONS) -d -u -c $(top_builddir)/po/.intltool-merge-cache $(top_srcdir)/po $< $@'
INTLTOOL_SCHEMAS_RULE='%.schemas:   %.schemas.in   $(INTLTOOL_MERGE) $(wildcard $(top_srcdir)/po/*.po) ; $(INTLTOOL_V_MERGE)LC_ALL=C $(INTLTOOL_MERGE) $(INTLTOOL_V_MERGE_OPTIONS) -s -u -c $(top_builddir)/po/.intltool-merge-cache $(top_srcdir)/po $< $@'
INTLTOOL_SERVER_RULE='%.server:    %.server.in    $(INTLTOOL_MERGE) $(wildcard $(top_srcdir)/po/*.po) ; $(INTLTOOL_V_MERGE)LC_ALL=C $(INTLTOOL_MERGE) $(INTLTOOL_V_MERGE_OPTIONS) -o -u -c $(top_builddir)/po/.intltool-merge-cache $(top_srcdir)/po $< $@'
INTLTOOL_SERVICE_RULE='%.service: %.service.in   $(INTLTOOL_MERGE) $(wildcard $(top_srcdir)/po/*.po) ; $(INTLTOOL_V_MERGE)LC_ALL=C $(INTLTOOL_MERGE) $(INTLTOOL_V_MERGE_OPTIONS) -d -u -c $(top_builddir)/po/.intltool-merge-cache $(top_srcdir)/po $< $@'
INTLTOOL_SHEET_RULE='%.sheet:     %.sheet.in     $(INTLTOOL_MERGE) $(wildcard $(top_srcdir)/po/*.po) ; $(INTLTOOL_V_MERGE)LC_ALL=C $(INTLTOOL_MERGE) $(INTLTOOL_V_MERGE_OPTIONS) -x -u -c $(top_builddir)/po/.intltool-merge-cache $(top_srcdir)/po $< $@'
INTLTOOL_SOUNDLIST_RULE='%.soundlist: %.soundlist.in $(INTLTOOL_MERGE) $(wildcard $(top_srcdir)/po/*.po) ; $(INTLTOOL_V_MERGE)LC_ALL=C $(INTLTOOL_MERGE) $(INTLTOOL_V_MERGE_OPTIONS) -d -u -c $(top_builddir)/po/.intltool-merge-cache $(top_srcdir)/po $< $@'
INTLTOOL_THEME_RULE='%.theme:     %.theme.in     $(INTLTOOL_MERGE) $(wildcard $(top_srcdir)/po/*.po) ; $(INTLTOOL_V_MERGE)LC_ALL=C $(INTLTOOL_MERGE) $(INTLTOOL_V_MERGE_OPTIONS) -d -u -c $(top_builddir)/po/.intltool-merge-cache $(top_srcdir)/po $< $@'
INTLTOOL_UI_RULE='%.ui:        %.ui.in        $(INTLTOOL_MERGE) $(wildcard $(top_srcdir)/po/*.po) ; $(INTLTOOL_V_MERGE)LC_ALL=C $(INTLTOOL_MERGE) $(INTLTOOL_V_MERGE_OPTIONS) -x -u -c $(top_builddir)/po/.intltool-merge-cache $(top_srcdir)/po $< $@'
INTLTOOL_UPDATE='/data/data/com.termux/files/usr/bin/intltool-update'
INTLTOOL_V_MERGE='$(INTLTOOL__v_MERGE_$(V))'
INTLTOOL_V_MERGE_OPTIONS='$(intltool__v_merge_options_$(V))'
INTLTOOL_XAM_RULE='%.xam:       %.xml.in       $(INTLTOOL_MERGE) $(wildcard $(top_srcdir)/po/*.po) ; $(INTLTOOL_V_MERGE)LC_ALL=C $(INTLTOOL_MERGE) $(INTLTOOL_V_MERGE_OPTIONS) -x -u -c $(top_builddir)/po/.intltool-merge-cache $(top_srcdir)/po $< $@'
INTLTOOL_XML_NOMERGE_RULE='%.xml:       %.xml.in       $(INTLTOOL_MERGE) ; $(INTLTOOL_V_MERGE)LC_ALL=C $(INTLTOOL_MERGE) $(INTLTOOL_V_MERGE_OPTIONS) -x -u --no-translations $< $@'
INTLTOOL_XML_RULE='%.xml:       %.xml.in       $(INTLTOOL_MERGE) $(wildcard $(top_srcdir)/po/*.po) ; $(INTLTOOL_V_MERGE)LC_ALL=C $(INTLTOOL_MERGE) $(INTLTOOL_V_MERGE_OPTIONS) -x -u -c $(top_builddir)/po/.intltool-merge-cache $(top_srcdir)/po $< $@'
INTLTOOL__v_MERGE_0='@echo "  ITMRG " $@;'
INTLTOOL__v_MERGE_='$(INTLTOOL__v_MERGE_$(AM_DEFAULT_VERBOSITY))'
INTL_MACOSX_LIBS=''
LDFLAGS=''
LIBOBJS=''
LIBS=''
LTLIBOBJS=''
MAINT=''
MAINTAINER_MODE_FALSE='#'
MAINTAINER_MODE_TRUE=''
MAKEINFO='${SHELL} '\''/data/data/com.termux/files/home/extra/build-lxde/lxinput/missing'\'' makeinfo'
MKDIR_P='/data/data/com.termux/files/usr/bin/mkdir -p'
MKINSTALLDIRS='.//mkinstalldirs'
MSGFMT='/data/data/com.termux/files/usr/bin/msgfmt'
MSGFMT_OPTS='-c'
MSGMERGE='/data/data/com.termux/files/usr/bin/msgmerge'
OBJEXT='o'
PACKAGE='lxinput'
PACKAGE_BUGREPORT='http://lxde.org/'
PACKAGE_NAME='lxinput'
PACKAGE_STRING='lxinput 0.3.5'
PACKAGE_TARNAME='lxinput'
PACKAGE_URL=''
PACKAGE_VERSION='0.3.5'
PATH_SEPARATOR=':'
PKG_CONFIG='/data/data/com.termux/files/usr/bin/pkg-config'
PKG_CONFIG_LIBDIR=''
PKG_CONFIG_PATH=''
POFILES=''
POSUB='po'
PO_IN_DATADIR_FALSE=''
PO_IN_DATADIR_TRUE=''
SET_MAKE=''
SHELL='/data/data/com.termux/files/usr/bin/sh'
STRIP=''
USE_NLS='yes'
VERSION='0.3.5'
XGETTEXT='/data/data/com.termux/files/usr/bin/xgettext'
XLIB_CFLAGS='-I/data/data/com.termux/files/usr/include'
XLIB_LIBS='-L/data/data/com.termux/files/usr/lib -lX11'
XMLCATALOG=''
XML_CATALOG_FILE=''
XSLTPROC=''
ac_ct_CC='gcc'
am__EXEEXT_FALSE=''
am__EXEEXT_TRUE='#'
am__fastdepCC_FALSE='#'
am__fastdepCC_TRUE=''
am__include='include'
am__isrc=''
am__leading_dot='.'
am__nodep='_no'
am__quote=''
am__tar='$${TAR-tar} chof - "$$tardir"'
am__untar='$${TAR-tar} xf -'
bindir='${exec_prefix}/bin'
build_alias=''
datadir='${datarootdir}'
datarootdir='${prefix}/share'
docdir='${datarootdir}/doc/${PACKAGE_TARNAME}'
dvidir='${docdir}'
exec_prefix='${prefix}'
host_alias=''
htmldir='${docdir}'
includedir='${prefix}/include'
infodir='${datarootdir}/info'
install_sh='${SHELL} /data/data/com.termux/files/home/extra/build-lxde/lxinput/install-sh'
intltool__v_merge_options_0='-q'
intltool__v_merge_options_='$(intltool__v_merge_options_$(AM_DEFAULT_VERBOSITY))'
libdir='${exec_prefix}/lib'
libexecdir='${exec_prefix}/libexec'
localedir='${datarootdir}/locale'
localstatedir='${prefix}/var'
mandir='${datarootdir}/man'
mkdir_p='$(MKDIR_P)'
oldincludedir='/usr/include'
pdfdir='${docdir}'
prefix='/data/data/com.termux/files/usr'
program_transform_name='s,x,x,'
psdir='${docdir}'
runstatedir='${localstatedir}/run'
sbindir='${exec_prefix}/sbin'
sharedstatedir='${prefix}/com'
sysconfdir='${prefix}/etc'
target_alias=''

## ----------- ##
## confdefs.h. ##
## ----------- ##

/* confdefs.h */
#define PACKAGE_NAME "lxinput"
#define PACKAGE_TARNAME "lxinput"
#define PACKAGE_VERSION "0.3.5"
#define PACKAGE_STRING "lxinput 0.3.5"
#define PACKAGE_BUGREPORT "http://lxde.org/"
#define PACKAGE_URL ""
#define PACKAGE "lxinput"
#define VERSION "0.3.5"
#define HAVE_STDIO_H 1
#define HAVE_STDLIB_H 1
#define HAVE_STRING_H 1
#define HAVE_INTTYPES_H 1
#define HAVE_STDINT_H 1
#define HAVE_STRINGS_H 1
#define HAVE_SYS_STAT_H 1
#define HAVE_SYS_TYPES_H 1
#define HAVE_UNISTD_H 1
#define STDC_HEADERS 1
#define HAVE_LOCALE_H 1
#define HAVE_LC_MESSAGES 1
#define HAVE_GETTEXT 1
#define ENABLE_NLS 1
#define HAVE_LOCALE_H 1
#define HAVE_LC_MESSAGES 1
#define HAVE_GETTEXT 1
#define ENABLE_NLS 1
#define GETTEXT_PACKAGE "lxinput"

configure: exit 0
