This file contains any messages produced by compilers while
running configure, to aid debugging if configure makes a mistake.

It was created by lxsession configure 0.5.5, which was
generated by GNU Autoconf 2.71.  Invocation command line was

  $ ./configure --enable-man --prefix=/data/data/com.termux/files/usr

## --------- ##
## Platform. ##
## --------- ##

hostname = localhost
uname -m = armv7l
uname -r = 3.18.71-perf-gb847930
uname -s = Linux
uname -v = #1 SMP PREEMPT Fri Sep 27 14:15:01 CDT 2019

/usr/bin/uname -p = unknown
/bin/uname -X     = unknown

/bin/arch              = unknown
/usr/bin/arch -k       = unknown
/usr/convex/getsysinfo = unknown
/usr/bin/hostinfo      = unknown
/bin/machine           = unknown
/usr/bin/oslevel       = unknown
/bin/universe          = unknown

PATH: /data/data/com.termux/files/usr/bin/


## ----------- ##
## Core tests. ##
## ----------- ##

configure:2489: looking for aux files: compile missing install-sh
configure:2502:  trying ./
configure:2531:   ./compile found
configure:2531:   ./missing found
configure:2513:   ./install-sh found
configure:2662: checking for a BSD-compatible install
configure:2735: result: /data/data/com.termux/files/usr/bin/install -c
configure:2746: checking whether build environment is sane
configure:2801: result: yes
configure:2960: checking for a race-free mkdir -p
configure:3004: result: /data/data/com.termux/files/usr/bin/mkdir -p
configure:3011: checking for gawk
configure:3032: found /data/data/com.termux/files/usr/bin/gawk
configure:3043: result: gawk
configure:3054: checking whether make sets $(MAKE)
configure:3077: result: yes
configure:3107: checking whether make supports nested variables
configure:3125: result: yes
configure:3249: checking whether NLS is requested
configure:3259: result: yes
configure:3277: checking for intltool >= 0.40.0
configure:3279: result: 0.51.0 found
configure:3287: checking for intltool-update
configure:3310: found /data/data/com.termux/files/usr/bin/intltool-update
configure:3322: result: /data/data/com.termux/files/usr/bin/intltool-update
configure:3332: checking for intltool-merge
configure:3355: found /data/data/com.termux/files/usr/bin/intltool-merge
configure:3367: result: /data/data/com.termux/files/usr/bin/intltool-merge
configure:3377: checking for intltool-extract
configure:3400: found /data/data/com.termux/files/usr/bin/intltool-extract
configure:3412: result: /data/data/com.termux/files/usr/bin/intltool-extract
configure:3566: checking for xgettext
configure:3589: found /data/data/com.termux/files/usr/bin/xgettext
configure:3601: result: /data/data/com.termux/files/usr/bin/xgettext
configure:3611: checking for msgmerge
configure:3634: found /data/data/com.termux/files/usr/bin/msgmerge
configure:3646: result: /data/data/com.termux/files/usr/bin/msgmerge
configure:3656: checking for msgfmt
configure:3679: found /data/data/com.termux/files/usr/bin/msgfmt
configure:3691: result: /data/data/com.termux/files/usr/bin/msgfmt
configure:3701: checking for gmsgfmt
configure:3737: result: /data/data/com.termux/files/usr/bin/msgfmt
configure:3757: checking for perl
configure:3780: found /data/data/com.termux/files/usr/bin/perl
configure:3792: result: /data/data/com.termux/files/usr/bin/perl
configure:3803: checking for perl >= 5.8.1
configure:3810: result: 5.34.0
configure:3845: checking whether make supports nested variables
configure:3863: result: yes
configure:3942: checking for gcc
configure:3963: found /data/data/com.termux/files/usr/bin/gcc
configure:3974: result: gcc
configure:4327: checking for C compiler version
configure:4336: gcc --version >&5
clang version 12.0.0
Target: armv7a-unknown-linux-android24
Thread model: posix
InstalledDir: /data/data/com.termux/files/usr/bin
configure:4347: $? = 0
configure:4336: gcc -v >&5
clang version 12.0.0
Target: armv7a-unknown-linux-android24
Thread model: posix
InstalledDir: /data/data/com.termux/files/usr/bin
configure:4347: $? = 0
configure:4336: gcc -V >&5
clang-12: error: argument to '-V' is missing (expected 1 value)
clang-12: error: no input files
configure:4347: $? = 1
configure:4336: gcc -qversion >&5
clang-12: error: unknown argument '-qversion'; did you mean '--version'?
clang-12: error: no input files
configure:4347: $? = 1
configure:4336: gcc -version >&5
clang-12: error: unknown argument '-version'; did you mean '--version'?
clang-12: error: no input files
configure:4347: $? = 1
configure:4367: checking whether the C compiler works
configure:4389: gcc    conftest.c  >&5
configure:4393: $? = 0
configure:4443: result: yes
configure:4446: checking for C compiler default output file name
configure:4448: result: a.out
configure:4454: checking for suffix of executables
configure:4461: gcc -o conftest    conftest.c  >&5
configure:4465: $? = 0
configure:4488: result: 
configure:4510: checking whether we are cross compiling
configure:4518: gcc -o conftest    conftest.c  >&5
configure:4522: $? = 0
configure:4529: ./conftest
configure:4533: $? = 0
configure:4548: result: no
configure:4553: checking for suffix of object files
configure:4576: gcc -c   conftest.c >&5
configure:4580: $? = 0
configure:4602: result: o
configure:4606: checking whether the compiler supports GNU C
configure:4626: gcc -c   conftest.c >&5
configure:4626: $? = 0
configure:4636: result: yes
configure:4647: checking whether gcc accepts -g
configure:4668: gcc -c -g  conftest.c >&5
configure:4668: $? = 0
configure:4712: result: yes
configure:4732: checking for gcc option to enable C11 features
configure:4747: gcc  -c -g -O2  conftest.c >&5
configure:4747: $? = 0
configure:4765: result: none needed
configure:4881: checking whether gcc understands -c and -o together
configure:4904: gcc -c conftest.c -o conftest2.o
configure:4907: $? = 0
configure:4904: gcc -c conftest.c -o conftest2.o
configure:4907: $? = 0
configure:4919: result: yes
configure:4939: checking whether make supports the include directive
configure:4954: make -f confmf.GNU && cat confinc.out
this is the am__doit target
configure:4957: $? = 0
configure:4976: result: yes (GNU style)
configure:5002: checking dependency style of gcc
configure:5114: result: gcc3
configure:5135: checking for mkstemp
configure:5135: gcc -o conftest -g -O2   conftest.c  >&5
configure:5135: $? = 0
configure:5135: result: yes
configure:5228: checking for pkg-config
configure:5251: found /data/data/com.termux/files/usr/bin/pkg-config
configure:5263: result: /data/data/com.termux/files/usr/bin/pkg-config
configure:5288: checking pkg-config is at least version 0.9.0
configure:5291: result: yes
configure:5301: checking for x11
configure:5308: $PKG_CONFIG --exists --print-errors "x11"
configure:5311: $? = 0
configure:5325: $PKG_CONFIG --exists --print-errors "x11"
configure:5328: $? = 0
configure:5386: result: yes
configure:5395: checking for glib-2.0 >= 2.28.0
configure:5402: $PKG_CONFIG --exists --print-errors "glib-2.0 >= 2.28.0"
configure:5405: $? = 0
configure:5419: $PKG_CONFIG --exists --print-errors "glib-2.0 >= 2.28.0"
configure:5422: $? = 0
configure:5480: result: yes
configure:5489: checking for gio-unix-2.0
configure:5496: $PKG_CONFIG --exists --print-errors "gio-unix-2.0"
configure:5499: $? = 0
configure:5513: $PKG_CONFIG --exists --print-errors "gio-unix-2.0"
configure:5516: $? = 0
configure:5574: result: yes
configure:5624: checking for gtk+-2.0 >= 2.6.0
configure:5631: $PKG_CONFIG --exists --print-errors "$gtk_modules"
configure:5634: $? = 0
configure:5648: $PKG_CONFIG --exists --print-errors "$gtk_modules"
configure:5651: $? = 0
configure:5709: result: yes
configure:5721: checking for polkit-agent-1
configure:5728: $PKG_CONFIG --exists --print-errors "$polkit_modules"
Package polkit-agent-1 was not found in the pkg-config search path.
Perhaps you should add the directory containing `polkit-agent-1.pc'
to the PKG_CONFIG_PATH environment variable
No package 'polkit-agent-1' found
configure:5731: $? = 1
configure:5745: $PKG_CONFIG --exists --print-errors "$polkit_modules"
Package polkit-agent-1 was not found in the pkg-config search path.
Perhaps you should add the directory containing `polkit-agent-1.pc'
to the PKG_CONFIG_PATH environment variable
No package 'polkit-agent-1' found
configure:5748: $? = 1
configure:5762: result: no
No package 'polkit-agent-1' found
configure:5778: error: Package requirements (polkit-agent-1) were not met:

No package 'polkit-agent-1' found

Consider adjusting the PKG_CONFIG_PATH environment variable if you
installed software in a non-standard prefix.

Alternatively, you may set the environment variables POLKIT_CFLAGS
and POLKIT_LIBS to avoid the need to call pkg-config.
See the pkg-config man page for more details.

## ---------------- ##
## Cache variables. ##
## ---------------- ##

ac_cv_c_compiler_gnu='yes'
ac_cv_env_CC_set=''
ac_cv_env_CC_value=''
ac_cv_env_CFLAGS_set=''
ac_cv_env_CFLAGS_value=''
ac_cv_env_CPPFLAGS_set=''
ac_cv_env_CPPFLAGS_value=''
ac_cv_env_GIO_CFLAGS_set=''
ac_cv_env_GIO_CFLAGS_value=''
ac_cv_env_GIO_LIBS_set=''
ac_cv_env_GIO_LIBS_value=''
ac_cv_env_GLIB_CFLAGS_set=''
ac_cv_env_GLIB_CFLAGS_value=''
ac_cv_env_GLIB_LIBS_set=''
ac_cv_env_GLIB_LIBS_value=''
ac_cv_env_GTK_CFLAGS_set=''
ac_cv_env_GTK_CFLAGS_value=''
ac_cv_env_GTK_LIBS_set=''
ac_cv_env_GTK_LIBS_value=''
ac_cv_env_INDICATORS_CFLAGS_set=''
ac_cv_env_INDICATORS_CFLAGS_value=''
ac_cv_env_INDICATORS_LIBS_set=''
ac_cv_env_INDICATORS_LIBS_value=''
ac_cv_env_LDFLAGS_set=''
ac_cv_env_LDFLAGS_value=''
ac_cv_env_LIBNOTIFY_CFLAGS_set=''
ac_cv_env_LIBNOTIFY_CFLAGS_value=''
ac_cv_env_LIBNOTIFY_LIBS_set=''
ac_cv_env_LIBNOTIFY_LIBS_value=''
ac_cv_env_LIBS_set=''
ac_cv_env_LIBS_value=''
ac_cv_env_PKG_CONFIG_LIBDIR_set=''
ac_cv_env_PKG_CONFIG_LIBDIR_value=''
ac_cv_env_PKG_CONFIG_PATH_set=''
ac_cv_env_PKG_CONFIG_PATH_value=''
ac_cv_env_PKG_CONFIG_set=''
ac_cv_env_PKG_CONFIG_value=''
ac_cv_env_POLKIT_CFLAGS_set=''
ac_cv_env_POLKIT_CFLAGS_value=''
ac_cv_env_POLKIT_LIBS_set=''
ac_cv_env_POLKIT_LIBS_value=''
ac_cv_env_X11_CFLAGS_set=''
ac_cv_env_X11_CFLAGS_value=''
ac_cv_env_X11_LIBS_set=''
ac_cv_env_X11_LIBS_value=''
ac_cv_env_build_alias_set=''
ac_cv_env_build_alias_value=''
ac_cv_env_host_alias_set=''
ac_cv_env_host_alias_value=''
ac_cv_env_target_alias_set=''
ac_cv_env_target_alias_value=''
ac_cv_func_mkstemp='yes'
ac_cv_objext='o'
ac_cv_path_GMSGFMT='/data/data/com.termux/files/usr/bin/msgfmt'
ac_cv_path_INTLTOOL_EXTRACT='/data/data/com.termux/files/usr/bin/intltool-extract'
ac_cv_path_INTLTOOL_MERGE='/data/data/com.termux/files/usr/bin/intltool-merge'
ac_cv_path_INTLTOOL_PERL='/data/data/com.termux/files/usr/bin/perl'
ac_cv_path_INTLTOOL_UPDATE='/data/data/com.termux/files/usr/bin/intltool-update'
ac_cv_path_MSGFMT='/data/data/com.termux/files/usr/bin/msgfmt'
ac_cv_path_MSGMERGE='/data/data/com.termux/files/usr/bin/msgmerge'
ac_cv_path_XGETTEXT='/data/data/com.termux/files/usr/bin/xgettext'
ac_cv_path_ac_pt_PKG_CONFIG='/data/data/com.termux/files/usr/bin/pkg-config'
ac_cv_path_install='/data/data/com.termux/files/usr/bin/install -c'
ac_cv_path_mkdir='/data/data/com.termux/files/usr/bin/mkdir'
ac_cv_prog_AWK='gawk'
ac_cv_prog_ac_ct_CC='gcc'
ac_cv_prog_cc_c11=''
ac_cv_prog_cc_g='yes'
ac_cv_prog_cc_stdc=''
ac_cv_prog_make_make_set='yes'
am_cv_CC_dependencies_compiler_type='gcc3'
am_cv_make_support_nested_variables='yes'
am_cv_prog_cc_c_o='yes'
pkg_cv_GIO_CFLAGS='-pthread -I/data/data/com.termux/files/usr/include/gio-unix-2.0 -I/data/data/com.termux/files/usr/include -I/data/data/com.termux/files/usr/include/glib-2.0 -I/data/data/com.termux/files/usr/lib/glib-2.0/include -I/data/data/com.termux/files/usr/include'
pkg_cv_GIO_LIBS='-L/data/data/com.termux/files/usr/lib -lgio-2.0 -lgobject-2.0 -lglib-2.0'
pkg_cv_GLIB_CFLAGS='-I/data/data/com.termux/files/usr/include/glib-2.0 -I/data/data/com.termux/files/usr/lib/glib-2.0/include -I/data/data/com.termux/files/usr/include'
pkg_cv_GLIB_LIBS='-L/data/data/com.termux/files/usr/lib -lglib-2.0'
pkg_cv_GTK_CFLAGS='-pthread -I/data/data/com.termux/files/usr/include/gtk-2.0 -I/data/data/com.termux/files/usr/lib/gtk-2.0/include -I/data/data/com.termux/files/usr/include/pango-1.0 -I/data/data/com.termux/files/usr/include/gio-unix-2.0 -I/data/data/com.termux/files/usr/include -I/data/data/com.termux/files/usr/include/cairo -I/data/data/com.termux/files/usr/include/atk-1.0 -I/data/data/com.termux/files/usr/include/gdk-pixbuf-2.0 -I/data/data/com.termux/files/usr/include/libpng16 -I/data/data/com.termux/files/usr/include -I/data/data/com.termux/files/usr/include/pango-1.0 -I/data/data/com.termux/files/usr/include -I/data/data/com.termux/files/usr/include/fribidi -I/data/data/com.termux/files/usr/include -I/data/data/com.termux/files/usr/include/cairo -I/data/data/com.termux/files/usr/include/pixman-1 -I/data/data/com.termux/files/usr/include -I/data/data/com.termux/files/usr/include/harfbuzz -I/data/data/com.termux/files/usr/include -I/data/data/com.termux/files/usr/include/glib-2.0 -I/data/data/com.termux/files/usr/lib/glib-2.0/include -I/data/data/com.termux/files/usr/include -I/data/data/com.termux/files/usr/include/uuid -I/data/data/com.termux/files/usr/include/libxml2 -I/data/data/com.termux/files/usr/include/freetype2 -I/data/data/com.termux/files/usr/include/libpng16 -I/data/data/com.termux/files/usr/include'
pkg_cv_GTK_LIBS='-L/data/data/com.termux/files/usr/lib -lgtk-x11-2.0 -lgdk-x11-2.0 -lpangocairo-1.0 -lXrender -lXinerama -lXrandr -lXcursor -lXcomposite -lXdamage -lXfixes -lX11 -lXext -latk-1.0 -lcairo -lgdk_pixbuf-2.0 -lgio-2.0 -lpangoft2-1.0 -lpango-1.0 -lgobject-2.0 -lglib-2.0 -lharfbuzz -lfontconfig -lfreetype'
pkg_cv_X11_CFLAGS='-I/data/data/com.termux/files/usr/include'
pkg_cv_X11_LIBS='-L/data/data/com.termux/files/usr/lib -lX11'

## ----------------- ##
## Output variables. ##
## ----------------- ##

ACLOCAL='${SHELL} '\''/data/data/com.termux/files/home/extra/build-lxde/lxsession/missing'\'' aclocal-1.16'
ADDITIONAL_FLAGS=''
ALL_LINGUAS=''
AMDEPBACKSLASH='\'
AMDEP_FALSE='#'
AMDEP_TRUE=''
AMTAR='$${TAR-tar}'
AM_BACKSLASH='\'
AM_DEFAULT_V='$(AM_DEFAULT_VERBOSITY)'
AM_DEFAULT_VERBOSITY='0'
AM_V='$(V)'
AUTOCONF='${SHELL} '\''/data/data/com.termux/files/home/extra/build-lxde/lxsession/missing'\'' autoconf'
AUTOHEADER='${SHELL} '\''/data/data/com.termux/files/home/extra/build-lxde/lxsession/missing'\'' autoheader'
AUTOMAKE='${SHELL} '\''/data/data/com.termux/files/home/extra/build-lxde/lxsession/missing'\'' automake-1.16'
AWK='gawk'
CATALOGS=''
CATOBJEXT=''
CC='gcc'
CCDEPMODE='depmode=gcc3'
CFLAGS='-g -O2 -D USE_GTK2'
CPPFLAGS=''
CYGPATH_W='echo'
DATADIRNAME=''
DEFS=''
DEPDIR='.deps'
ECHO_C=''
ECHO_N='-n'
ECHO_T=''
ENABLE_REGENERATE_MAN_FALSE=''
ENABLE_REGENERATE_MAN_TRUE=''
EXEEXT=''
GETTEXT_PACKAGE=''
GIO_CFLAGS='-pthread -I/data/data/com.termux/files/usr/include/gio-unix-2.0 -I/data/data/com.termux/files/usr/include -I/data/data/com.termux/files/usr/include/glib-2.0 -I/data/data/com.termux/files/usr/lib/glib-2.0/include -I/data/data/com.termux/files/usr/include'
GIO_LIBS='-L/data/data/com.termux/files/usr/lib -lgio-2.0 -lgobject-2.0 -lglib-2.0'
GLIB_CFLAGS='-I/data/data/com.termux/files/usr/include/glib-2.0 -I/data/data/com.termux/files/usr/lib/glib-2.0/include -I/data/data/com.termux/files/usr/include'
GLIB_LIBS='-L/data/data/com.termux/files/usr/lib -lglib-2.0'
GMOFILES=''
GMSGFMT='/data/data/com.termux/files/usr/bin/msgfmt'
GTK_CFLAGS='-pthread -I/data/data/com.termux/files/usr/include/gtk-2.0 -I/data/data/com.termux/files/usr/lib/gtk-2.0/include -I/data/data/com.termux/files/usr/include/pango-1.0 -I/data/data/com.termux/files/usr/include/gio-unix-2.0 -I/data/data/com.termux/files/usr/include -I/data/data/com.termux/files/usr/include/cairo -I/data/data/com.termux/files/usr/include/atk-1.0 -I/data/data/com.termux/files/usr/include/gdk-pixbuf-2.0 -I/data/data/com.termux/files/usr/include/libpng16 -I/data/data/com.termux/files/usr/include -I/data/data/com.termux/files/usr/include/pango-1.0 -I/data/data/com.termux/files/usr/include -I/data/data/com.termux/files/usr/include/fribidi -I/data/data/com.termux/files/usr/include -I/data/data/com.termux/files/usr/include/cairo -I/data/data/com.termux/files/usr/include/pixman-1 -I/data/data/com.termux/files/usr/include -I/data/data/com.termux/files/usr/include/harfbuzz -I/data/data/com.termux/files/usr/include -I/data/data/com.termux/files/usr/include/glib-2.0 -I/data/data/com.termux/files/usr/lib/glib-2.0/include -I/data/data/com.termux/files/usr/include -I/data/data/com.termux/files/usr/include/uuid -I/data/data/com.termux/files/usr/include/libxml2 -I/data/data/com.termux/files/usr/include/freetype2 -I/data/data/com.termux/files/usr/include/libpng16 -I/data/data/com.termux/files/usr/include'
GTK_LIBS='-L/data/data/com.termux/files/usr/lib -lgtk-x11-2.0 -lgdk-x11-2.0 -lpangocairo-1.0 -lXrender -lXinerama -lXrandr -lXcursor -lXcomposite -lXdamage -lXfixes -lX11 -lXext -latk-1.0 -lcairo -lgdk_pixbuf-2.0 -lgio-2.0 -lpangoft2-1.0 -lpango-1.0 -lgobject-2.0 -lglib-2.0 -lharfbuzz -lfontconfig -lfreetype'
HIDE_LXPOLKIT_AUTOSTART=''
INDICATORS_CFLAGS=''
INDICATORS_LIBS=''
INSTALL_DATA='${INSTALL} -m 644'
INSTALL_PROGRAM='${INSTALL}'
INSTALL_SCRIPT='${INSTALL}'
INSTALL_STRIP_PROGRAM='$(install_sh) -c -s'
INSTOBJEXT=''
INTLLIBS=''
INTLTOOL_CAVES_RULE='%.caves:     %.caves.in     $(INTLTOOL_MERGE) $(wildcard $(top_srcdir)/po/*.po) ; $(INTLTOOL_V_MERGE)LC_ALL=C $(INTLTOOL_MERGE) $(INTLTOOL_V_MERGE_OPTIONS) -d -u -c $(top_builddir)/po/.intltool-merge-cache $(top_srcdir)/po $< $@'
INTLTOOL_DESKTOP_RULE='%.desktop:   %.desktop.in   $(INTLTOOL_MERGE) $(wildcard $(top_srcdir)/po/*.po) ; $(INTLTOOL_V_MERGE)LC_ALL=C $(INTLTOOL_MERGE) $(INTLTOOL_V_MERGE_OPTIONS) -d -u -c $(top_builddir)/po/.intltool-merge-cache $(top_srcdir)/po $< $@'
INTLTOOL_DIRECTORY_RULE='%.directory: %.directory.in $(INTLTOOL_MERGE) $(wildcard $(top_srcdir)/po/*.po) ; $(INTLTOOL_V_MERGE)LC_ALL=C $(INTLTOOL_MERGE) $(INTLTOOL_V_MERGE_OPTIONS) -d -u -c $(top_builddir)/po/.intltool-merge-cache $(top_srcdir)/po $< $@'
INTLTOOL_EXTRACT='/data/data/com.termux/files/usr/bin/intltool-extract'
INTLTOOL_KBD_RULE='%.kbd:       %.kbd.in       $(INTLTOOL_MERGE) $(wildcard $(top_srcdir)/po/*.po) ; $(INTLTOOL_V_MERGE)LC_ALL=C $(INTLTOOL_MERGE) $(INTLTOOL_V_MERGE_OPTIONS) -x -u -m -c $(top_builddir)/po/.intltool-merge-cache $(top_srcdir)/po $< $@'
INTLTOOL_KEYS_RULE='%.keys:      %.keys.in      $(INTLTOOL_MERGE) $(wildcard $(top_srcdir)/po/*.po) ; $(INTLTOOL_V_MERGE)LC_ALL=C $(INTLTOOL_MERGE) $(INTLTOOL_V_MERGE_OPTIONS) -k -u -c $(top_builddir)/po/.intltool-merge-cache $(top_srcdir)/po $< $@'
INTLTOOL_MERGE='/data/data/com.termux/files/usr/bin/intltool-merge'
INTLTOOL_OAF_RULE='%.oaf:       %.oaf.in       $(INTLTOOL_MERGE) $(wildcard $(top_srcdir)/po/*.po) ; $(INTLTOOL_V_MERGE)LC_ALL=C $(INTLTOOL_MERGE) $(INTLTOOL_V_MERGE_OPTIONS) -o -p $(top_srcdir)/po $< $@'
INTLTOOL_PERL='/data/data/com.termux/files/usr/bin/perl'
INTLTOOL_POLICY_RULE='%.policy:    %.policy.in    $(INTLTOOL_MERGE) $(wildcard $(top_srcdir)/po/*.po) ; $(INTLTOOL_V_MERGE)LC_ALL=C $(INTLTOOL_MERGE) $(INTLTOOL_V_MERGE_OPTIONS) -x -u -c $(top_builddir)/po/.intltool-merge-cache $(top_srcdir)/po $< $@'
INTLTOOL_PONG_RULE='%.pong:      %.pong.in      $(INTLTOOL_MERGE) $(wildcard $(top_srcdir)/po/*.po) ; $(INTLTOOL_V_MERGE)LC_ALL=C $(INTLTOOL_MERGE) $(INTLTOOL_V_MERGE_OPTIONS) -x -u -c $(top_builddir)/po/.intltool-merge-cache $(top_srcdir)/po $< $@'
INTLTOOL_PROP_RULE='%.prop:      %.prop.in      $(INTLTOOL_MERGE) $(wildcard $(top_srcdir)/po/*.po) ; $(INTLTOOL_V_MERGE)LC_ALL=C $(INTLTOOL_MERGE) $(INTLTOOL_V_MERGE_OPTIONS) -d -u -c $(top_builddir)/po/.intltool-merge-cache $(top_srcdir)/po $< $@'
INTLTOOL_SCHEMAS_RULE='%.schemas:   %.schemas.in   $(INTLTOOL_MERGE) $(wildcard $(top_srcdir)/po/*.po) ; $(INTLTOOL_V_MERGE)LC_ALL=C $(INTLTOOL_MERGE) $(INTLTOOL_V_MERGE_OPTIONS) -s -u -c $(top_builddir)/po/.intltool-merge-cache $(top_srcdir)/po $< $@'
INTLTOOL_SERVER_RULE='%.server:    %.server.in    $(INTLTOOL_MERGE) $(wildcard $(top_srcdir)/po/*.po) ; $(INTLTOOL_V_MERGE)LC_ALL=C $(INTLTOOL_MERGE) $(INTLTOOL_V_MERGE_OPTIONS) -o -u -c $(top_builddir)/po/.intltool-merge-cache $(top_srcdir)/po $< $@'
INTLTOOL_SERVICE_RULE='%.service: %.service.in   $(INTLTOOL_MERGE) $(wildcard $(top_srcdir)/po/*.po) ; $(INTLTOOL_V_MERGE)LC_ALL=C $(INTLTOOL_MERGE) $(INTLTOOL_V_MERGE_OPTIONS) -d -u -c $(top_builddir)/po/.intltool-merge-cache $(top_srcdir)/po $< $@'
INTLTOOL_SHEET_RULE='%.sheet:     %.sheet.in     $(INTLTOOL_MERGE) $(wildcard $(top_srcdir)/po/*.po) ; $(INTLTOOL_V_MERGE)LC_ALL=C $(INTLTOOL_MERGE) $(INTLTOOL_V_MERGE_OPTIONS) -x -u -c $(top_builddir)/po/.intltool-merge-cache $(top_srcdir)/po $< $@'
INTLTOOL_SOUNDLIST_RULE='%.soundlist: %.soundlist.in $(INTLTOOL_MERGE) $(wildcard $(top_srcdir)/po/*.po) ; $(INTLTOOL_V_MERGE)LC_ALL=C $(INTLTOOL_MERGE) $(INTLTOOL_V_MERGE_OPTIONS) -d -u -c $(top_builddir)/po/.intltool-merge-cache $(top_srcdir)/po $< $@'
INTLTOOL_THEME_RULE='%.theme:     %.theme.in     $(INTLTOOL_MERGE) $(wildcard $(top_srcdir)/po/*.po) ; $(INTLTOOL_V_MERGE)LC_ALL=C $(INTLTOOL_MERGE) $(INTLTOOL_V_MERGE_OPTIONS) -d -u -c $(top_builddir)/po/.intltool-merge-cache $(top_srcdir)/po $< $@'
INTLTOOL_UI_RULE='%.ui:        %.ui.in        $(INTLTOOL_MERGE) $(wildcard $(top_srcdir)/po/*.po) ; $(INTLTOOL_V_MERGE)LC_ALL=C $(INTLTOOL_MERGE) $(INTLTOOL_V_MERGE_OPTIONS) -x -u -c $(top_builddir)/po/.intltool-merge-cache $(top_srcdir)/po $< $@'
INTLTOOL_UPDATE='/data/data/com.termux/files/usr/bin/intltool-update'
INTLTOOL_V_MERGE='$(INTLTOOL__v_MERGE_$(V))'
INTLTOOL_V_MERGE_OPTIONS='$(intltool__v_merge_options_$(V))'
INTLTOOL_XAM_RULE='%.xam:       %.xml.in       $(INTLTOOL_MERGE) $(wildcard $(top_srcdir)/po/*.po) ; $(INTLTOOL_V_MERGE)LC_ALL=C $(INTLTOOL_MERGE) $(INTLTOOL_V_MERGE_OPTIONS) -x -u -c $(top_builddir)/po/.intltool-merge-cache $(top_srcdir)/po $< $@'
INTLTOOL_XML_NOMERGE_RULE='%.xml:       %.xml.in       $(INTLTOOL_MERGE) ; $(INTLTOOL_V_MERGE)LC_ALL=C $(INTLTOOL_MERGE) $(INTLTOOL_V_MERGE_OPTIONS) -x -u --no-translations $< $@'
INTLTOOL_XML_RULE='%.xml:       %.xml.in       $(INTLTOOL_MERGE) $(wildcard $(top_srcdir)/po/*.po) ; $(INTLTOOL_V_MERGE)LC_ALL=C $(INTLTOOL_MERGE) $(INTLTOOL_V_MERGE_OPTIONS) -x -u -c $(top_builddir)/po/.intltool-merge-cache $(top_srcdir)/po $< $@'
INTLTOOL__v_MERGE_0='@echo "  ITMRG " $@;'
INTLTOOL__v_MERGE_='$(INTLTOOL__v_MERGE_$(AM_DEFAULT_VERBOSITY))'
INTL_MACOSX_LIBS=''
LDFLAGS=''
LIBNOTIFY_CFLAGS=''
LIBNOTIFY_LIBS=''
LIBOBJS=''
LIBS=''
LTLIBOBJS=''
MAKEINFO='${SHELL} '\''/data/data/com.termux/files/home/extra/build-lxde/lxsession/missing'\'' makeinfo'
MKDIR_P='/data/data/com.termux/files/usr/bin/mkdir -p'
MKINSTALLDIRS=''
MSGFMT='/data/data/com.termux/files/usr/bin/msgfmt'
MSGFMT_OPTS=''
MSGMERGE='/data/data/com.termux/files/usr/bin/msgmerge'
OBJEXT='o'
PACKAGE='lxsession'
PACKAGE_BUGREPORT=''
PACKAGE_NAME='lxsession'
PACKAGE_STRING='lxsession 0.5.5'
PACKAGE_TARNAME='lxsession'
PACKAGE_URL=''
PACKAGE_VERSION='0.5.5'
PATH_SEPARATOR=':'
PKG_CONFIG='/data/data/com.termux/files/usr/bin/pkg-config'
PKG_CONFIG_LIBDIR=''
PKG_CONFIG_PATH=''
POFILES=''
POLKIT_CFLAGS=''
POLKIT_LIBS=''
POSUB=''
PO_IN_DATADIR_FALSE=''
PO_IN_DATADIR_TRUE=''
SET_MAKE=''
SHELL='/data/data/com.termux/files/usr/bin/sh'
STRIP=''
USE_ADVANCED_NOTIFICATIONS_FALSE=''
USE_ADVANCED_NOTIFICATIONS_TRUE=''
USE_BUILDIN_CLIPBOARD_FALSE=''
USE_BUILDIN_CLIPBOARD_TRUE=''
USE_BUILDIN_POLKIT_FALSE=''
USE_BUILDIN_POLKIT_TRUE=''
USE_GTK3_FALSE=''
USE_GTK3_TRUE=''
USE_GTK_FALSE='#'
USE_GTK_TRUE=''
USE_NLS='yes'
VALAC=''
VALA_GTK_LIBS='gtk+-2.0'
VERSION='0.5.5'
X11_CFLAGS='-I/data/data/com.termux/files/usr/include'
X11_LIBS='-L/data/data/com.termux/files/usr/lib -lX11'
XGETTEXT='/data/data/com.termux/files/usr/bin/xgettext'
XMLCATALOG=''
XML_CATALOG_FILE=''
XSLTPROC=''
ac_ct_CC='gcc'
am__EXEEXT_FALSE=''
am__EXEEXT_TRUE=''
am__fastdepCC_FALSE='#'
am__fastdepCC_TRUE=''
am__include='include'
am__isrc=''
am__leading_dot='.'
am__nodep='_no'
am__quote=''
am__tar='$${TAR-tar} chof - "$$tardir"'
am__untar='$${TAR-tar} xf -'
bindir='${exec_prefix}/bin'
build_alias=''
datadir='${datarootdir}'
datarootdir='${prefix}/share'
docdir='${datarootdir}/doc/${PACKAGE_TARNAME}'
dvidir='${docdir}'
exec_prefix='NONE'
host_alias=''
htmldir='${docdir}'
includedir='${prefix}/include'
infodir='${datarootdir}/info'
install_sh='${SHELL} /data/data/com.termux/files/home/extra/build-lxde/lxsession/install-sh'
intltool__v_merge_options_0='-q'
intltool__v_merge_options_='$(intltool__v_merge_options_$(AM_DEFAULT_VERBOSITY))'
libdir='${exec_prefix}/lib'
libexecdir='${exec_prefix}/libexec'
localedir='${datarootdir}/locale'
localstatedir='${prefix}/var'
mandir='${datarootdir}/man'
mkdir_p='$(MKDIR_P)'
oldincludedir='/usr/include'
pdfdir='${docdir}'
prefix='/data/data/com.termux/files/usr'
program_transform_name='s,x,x,'
psdir='${docdir}'
runstatedir='${localstatedir}/run'
sbindir='${exec_prefix}/sbin'
sharedstatedir='${prefix}/com'
sysconfdir='${prefix}/etc'
target_alias=''

## ----------- ##
## confdefs.h. ##
## ----------- ##

/* confdefs.h */
#define PACKAGE_NAME "lxsession"
#define PACKAGE_TARNAME "lxsession"
#define PACKAGE_VERSION "0.5.5"
#define PACKAGE_STRING "lxsession 0.5.5"
#define PACKAGE_BUGREPORT ""
#define PACKAGE_URL ""
#define PACKAGE "lxsession"
#define VERSION "0.5.5"
#define HAS_MKSTEMP 1

configure: exit 1
