This file contains any messages produced by compilers while
running configure, to aid debugging if configure makes a mistake.

It was created by lxlauncher configure 0.2.5, which was
generated by GNU Autoconf 2.71.  Invocation command line was

  $ ./configure --prefix=/data/data/com.termux/files/usr

## --------- ##
## Platform. ##
## --------- ##

hostname = localhost
uname -m = armv7l
uname -r = 3.18.71-perf-gb847930
uname -s = Linux
uname -v = #1 SMP PREEMPT Fri Sep 27 14:15:01 CDT 2019

/usr/bin/uname -p = unknown
/bin/uname -X     = unknown

/bin/arch              = unknown
/usr/bin/arch -k       = unknown
/usr/convex/getsysinfo = unknown
/usr/bin/hostinfo      = unknown
/bin/machine           = unknown
/usr/bin/oslevel       = unknown
/bin/universe          = unknown

PATH: /data/data/com.termux/files/usr/bin/


## ----------- ##
## Core tests. ##
## ----------- ##

configure:2379: looking for aux files: compile missing install-sh
configure:2392:  trying ./
configure:2421:   ./compile found
configure:2421:   ./missing found
configure:2403:   ./install-sh found
configure:2550: checking for a BSD-compatible install
configure:2623: result: /data/data/com.termux/files/usr/bin/install -c
configure:2634: checking whether build environment is sane
configure:2689: result: yes
configure:2848: checking for a race-free mkdir -p
configure:2892: result: /data/data/com.termux/files/usr/bin/mkdir -p
configure:2899: checking for gawk
configure:2920: found /data/data/com.termux/files/usr/bin/gawk
configure:2931: result: gawk
configure:2942: checking whether make sets $(MAKE)
configure:2965: result: yes
configure:2995: checking whether make supports nested variables
configure:3013: result: yes
configure:3151: checking whether make supports nested variables
configure:3169: result: yes
configure:3182: checking whether to enable maintainer-specific portions of Makefiles
configure:3192: result: yes
configure:3208: checking whether NLS is requested
configure:3218: result: yes
configure:3246: checking for intltool-update
configure:3269: found /data/data/com.termux/files/usr/bin/intltool-update
configure:3281: result: /data/data/com.termux/files/usr/bin/intltool-update
configure:3291: checking for intltool-merge
configure:3314: found /data/data/com.termux/files/usr/bin/intltool-merge
configure:3326: result: /data/data/com.termux/files/usr/bin/intltool-merge
configure:3336: checking for intltool-extract
configure:3359: found /data/data/com.termux/files/usr/bin/intltool-extract
configure:3371: result: /data/data/com.termux/files/usr/bin/intltool-extract
configure:3525: checking for xgettext
configure:3548: found /data/data/com.termux/files/usr/bin/xgettext
configure:3560: result: /data/data/com.termux/files/usr/bin/xgettext
configure:3570: checking for msgmerge
configure:3593: found /data/data/com.termux/files/usr/bin/msgmerge
configure:3605: result: /data/data/com.termux/files/usr/bin/msgmerge
configure:3615: checking for msgfmt
configure:3638: found /data/data/com.termux/files/usr/bin/msgfmt
configure:3650: result: /data/data/com.termux/files/usr/bin/msgfmt
configure:3660: checking for gmsgfmt
configure:3696: result: /data/data/com.termux/files/usr/bin/msgfmt
configure:3716: checking for perl
configure:3739: found /data/data/com.termux/files/usr/bin/perl
configure:3751: result: /data/data/com.termux/files/usr/bin/perl
configure:3762: checking for perl >= 5.8.1
configure:3769: result: 5.34.0
configure:3773: checking for XML::Parser
configure:3776: result: ok
configure:3803: checking whether make supports the include directive
configure:3818: make -f confmf.GNU && cat confinc.out
this is the am__doit target
configure:3821: $? = 0
configure:3840: result: yes (GNU style)
configure:3916: checking for gcc
configure:3937: found /data/data/com.termux/files/usr/bin/gcc
configure:3948: result: gcc
configure:4301: checking for C compiler version
configure:4310: gcc --version >&5
clang version 12.0.0
Target: armv7a-unknown-linux-android24
Thread model: posix
InstalledDir: /data/data/com.termux/files/usr/bin
configure:4321: $? = 0
configure:4310: gcc -v >&5
clang version 12.0.0
Target: armv7a-unknown-linux-android24
Thread model: posix
InstalledDir: /data/data/com.termux/files/usr/bin
configure:4321: $? = 0
configure:4310: gcc -V >&5
clang-12: error: argument to '-V' is missing (expected 1 value)
clang-12: error: no input files
configure:4321: $? = 1
configure:4310: gcc -qversion >&5
clang-12: error: unknown argument '-qversion'; did you mean '--version'?
clang-12: error: no input files
configure:4321: $? = 1
configure:4310: gcc -version >&5
clang-12: error: unknown argument '-version'; did you mean '--version'?
clang-12: error: no input files
configure:4321: $? = 1
configure:4341: checking whether the C compiler works
configure:4363: gcc    conftest.c  >&5
configure:4367: $? = 0
configure:4417: result: yes
configure:4420: checking for C compiler default output file name
configure:4422: result: a.out
configure:4428: checking for suffix of executables
configure:4435: gcc -o conftest    conftest.c  >&5
configure:4439: $? = 0
configure:4462: result: 
configure:4484: checking whether we are cross compiling
configure:4492: gcc -o conftest    conftest.c  >&5
configure:4496: $? = 0
configure:4503: ./conftest
configure:4507: $? = 0
configure:4522: result: no
configure:4527: checking for suffix of object files
configure:4550: gcc -c   conftest.c >&5
configure:4554: $? = 0
configure:4576: result: o
configure:4580: checking whether the compiler supports GNU C
configure:4600: gcc -c   conftest.c >&5
configure:4600: $? = 0
configure:4610: result: yes
configure:4621: checking whether gcc accepts -g
configure:4642: gcc -c -g  conftest.c >&5
configure:4642: $? = 0
configure:4686: result: yes
configure:4706: checking for gcc option to enable C11 features
configure:4721: gcc  -c -g -O2  conftest.c >&5
configure:4721: $? = 0
configure:4739: result: none needed
configure:4855: checking whether gcc understands -c and -o together
configure:4878: gcc -c conftest.c -o conftest2.o
configure:4881: $? = 0
configure:4878: gcc -c conftest.c -o conftest2.o
configure:4881: $? = 0
configure:4893: result: yes
configure:4912: checking dependency style of gcc
configure:5024: result: gcc3
configure:5040: checking for library containing strerror
configure:5070: gcc -o conftest -g -O2   conftest.c  >&5
conftest.c:15:6: warning: incompatible redeclaration of library function 'strerror' [-Wincompatible-library-redeclaration]
char strerror ();
     ^
conftest.c:15:6: note: 'strerror' is a builtin with type 'char *(int)'
1 warning generated.
configure:5070: $? = 0
configure:5090: result: none required
configure:5152: checking for gcc
configure:5184: result: gcc
configure:5537: checking for C compiler version
configure:5546: gcc --version >&5
clang version 12.0.0
Target: armv7a-unknown-linux-android24
Thread model: posix
InstalledDir: /data/data/com.termux/files/usr/bin
configure:5557: $? = 0
configure:5546: gcc -v >&5
clang version 12.0.0
Target: armv7a-unknown-linux-android24
Thread model: posix
InstalledDir: /data/data/com.termux/files/usr/bin
configure:5557: $? = 0
configure:5546: gcc -V >&5
clang-12: error: argument to '-V' is missing (expected 1 value)
clang-12: error: no input files
configure:5557: $? = 1
configure:5546: gcc -qversion >&5
clang-12: error: unknown argument '-qversion'; did you mean '--version'?
clang-12: error: no input files
configure:5557: $? = 1
configure:5546: gcc -version >&5
clang-12: error: unknown argument '-version'; did you mean '--version'?
clang-12: error: no input files
configure:5557: $? = 1
configure:5561: checking whether the compiler supports GNU C
configure:5591: result: yes
configure:5602: checking whether gcc accepts -g
configure:5667: result: yes
configure:5687: checking for gcc option to enable C11 features
configure:5720: result: none needed
configure:5836: checking whether gcc understands -c and -o together
configure:5874: result: yes
configure:5893: checking dependency style of gcc
configure:6005: result: gcc3
configure:6073: checking for gcc
configure:6105: result: gcc
configure:6458: checking for C compiler version
configure:6467: gcc --version >&5
clang version 12.0.0
Target: armv7a-unknown-linux-android24
Thread model: posix
InstalledDir: /data/data/com.termux/files/usr/bin
configure:6478: $? = 0
configure:6467: gcc -v >&5
clang version 12.0.0
Target: armv7a-unknown-linux-android24
Thread model: posix
InstalledDir: /data/data/com.termux/files/usr/bin
configure:6478: $? = 0
configure:6467: gcc -V >&5
clang-12: error: argument to '-V' is missing (expected 1 value)
clang-12: error: no input files
configure:6478: $? = 1
configure:6467: gcc -qversion >&5
clang-12: error: unknown argument '-qversion'; did you mean '--version'?
clang-12: error: no input files
configure:6478: $? = 1
configure:6467: gcc -version >&5
clang-12: error: unknown argument '-version'; did you mean '--version'?
clang-12: error: no input files
configure:6478: $? = 1
configure:6482: checking whether the compiler supports GNU C
configure:6512: result: yes
configure:6523: checking whether gcc accepts -g
configure:6588: result: yes
configure:6608: checking for gcc option to enable C11 features
configure:6641: result: none needed
configure:6757: checking whether gcc understands -c and -o together
configure:6795: result: yes
configure:6814: checking dependency style of gcc
configure:6926: result: gcc3
configure:6947: checking for stdio.h
configure:6947: gcc -c -g -O2  conftest.c >&5
configure:6947: $? = 0
configure:6947: result: yes
configure:6947: checking for stdlib.h
configure:6947: gcc -c -g -O2  conftest.c >&5
configure:6947: $? = 0
configure:6947: result: yes
configure:6947: checking for string.h
configure:6947: gcc -c -g -O2  conftest.c >&5
configure:6947: $? = 0
configure:6947: result: yes
configure:6947: checking for inttypes.h
configure:6947: gcc -c -g -O2  conftest.c >&5
configure:6947: $? = 0
configure:6947: result: yes
configure:6947: checking for stdint.h
configure:6947: gcc -c -g -O2  conftest.c >&5
configure:6947: $? = 0
configure:6947: result: yes
configure:6947: checking for strings.h
configure:6947: gcc -c -g -O2  conftest.c >&5
configure:6947: $? = 0
configure:6947: result: yes
configure:6947: checking for sys/stat.h
configure:6947: gcc -c -g -O2  conftest.c >&5
configure:6947: $? = 0
configure:6947: result: yes
configure:6947: checking for sys/types.h
configure:6947: gcc -c -g -O2  conftest.c >&5
configure:6947: $? = 0
configure:6947: result: yes
configure:6947: checking for unistd.h
configure:6947: gcc -c -g -O2  conftest.c >&5
configure:6947: $? = 0
configure:6947: result: yes
configure:6972: checking for grep that handles long lines and -e
configure:7036: result: /data/data/com.termux/files/usr/bin/grep
configure:7044: checking for egrep
configure:7112: result: /data/data/com.termux/files/usr/bin/grep -E
configure:7205: checking for pkg-config
configure:7228: found /data/data/com.termux/files/usr/bin/pkg-config
configure:7240: result: /data/data/com.termux/files/usr/bin/pkg-config
configure:7265: checking pkg-config is at least version 0.9.0
configure:7268: result: yes
configure:7278: checking for gtk+-2.0 >= 2.10.0
configure:7285: $PKG_CONFIG --exists --print-errors "$gtk_modules"
configure:7288: $? = 0
configure:7302: $PKG_CONFIG --exists --print-errors "$gtk_modules"
configure:7305: $? = 0
configure:7363: result: yes
configure:7373: checking for libstartup-notification-1.0
configure:7380: $PKG_CONFIG --exists --print-errors "$sn_modules"
configure:7383: $? = 0
configure:7397: $PKG_CONFIG --exists --print-errors "$sn_modules"
configure:7400: $? = 0
configure:7458: result: yes
configure:7468: checking for libmenu-cache
configure:7475: $PKG_CONFIG --exists --print-errors "$gmenu_modules"
configure:7478: $? = 0
configure:7492: $PKG_CONFIG --exists --print-errors "$gmenu_modules"
configure:7495: $? = 0
configure:7553: result: yes
configure:7561: checking for menu_cache_dir_list_children
configure:7561: gcc -o conftest -g -O2   conftest.c  -L/data/data/com.termux/files/usr/lib -lmenu-cache -lglib-2.0 >&5
configure:7561: $? = 0
configure:7561: result: yes
configure:7573: checking for x11
configure:7580: $PKG_CONFIG --exists --print-errors "x11"
configure:7583: $? = 0
configure:7597: $PKG_CONFIG --exists --print-errors "x11"
configure:7600: $? = 0
configure:7658: result: yes
configure:7687: checking for locale.h
configure:7687: gcc -c -g -O2  conftest.c >&5
configure:7687: $? = 0
configure:7687: result: yes
configure:7695: checking for LC_MESSAGES
configure:7712: gcc -o conftest -g -O2   conftest.c  >&5
configure:7712: $? = 0
configure:7721: result: yes
configure:7739: checking for CFPreferencesCopyAppValue
configure:7758: gcc -o conftest -g -O2   conftest.c  -Wl,-framework -Wl,CoreFoundation >&5
conftest.c:25:10: fatal error: 'CoreFoundation/CFPreferences.h' file not found
#include <CoreFoundation/CFPreferences.h>
         ^~~~~~~~~~~~~~~~~~~~~~~~~~~~~~~~
1 error generated.
configure:7758: $? = 1
configure: failed program was:
| /* confdefs.h */
| #define PACKAGE_NAME "lxlauncher"
| #define PACKAGE_TARNAME "lxlauncher"
| #define PACKAGE_VERSION "0.2.5"
| #define PACKAGE_STRING "lxlauncher 0.2.5"
| #define PACKAGE_BUGREPORT "http://lxde.org"
| #define PACKAGE_URL ""
| #define PACKAGE "lxlauncher"
| #define VERSION "0.2.5"
| #define HAVE_STDIO_H 1
| #define HAVE_STDLIB_H 1
| #define HAVE_STRING_H 1
| #define HAVE_INTTYPES_H 1
| #define HAVE_STDINT_H 1
| #define HAVE_STRINGS_H 1
| #define HAVE_SYS_STAT_H 1
| #define HAVE_SYS_TYPES_H 1
| #define HAVE_UNISTD_H 1
| #define STDC_HEADERS 1
| #define HAVE_MENU_CACHE_DIR_LIST_CHILDREN 1
| #define GETTEXT_PACKAGE "lxlauncher"
| #define HAVE_LOCALE_H 1
| #define HAVE_LC_MESSAGES 1
| /* end confdefs.h.  */
| #include <CoreFoundation/CFPreferences.h>
| int
| main (void)
| {
| CFPreferencesCopyAppValue(NULL, NULL)
|   ;
|   return 0;
| }
configure:7768: result: no
configure:7775: checking for CFLocaleCopyCurrent
configure:7794: gcc -o conftest -g -O2   conftest.c  -Wl,-framework -Wl,CoreFoundation >&5
conftest.c:25:10: fatal error: 'CoreFoundation/CFLocale.h' file not found
#include <CoreFoundation/CFLocale.h>
         ^~~~~~~~~~~~~~~~~~~~~~~~~~~
1 error generated.
configure:7794: $? = 1
configure: failed program was:
| /* confdefs.h */
| #define PACKAGE_NAME "lxlauncher"
| #define PACKAGE_TARNAME "lxlauncher"
| #define PACKAGE_VERSION "0.2.5"
| #define PACKAGE_STRING "lxlauncher 0.2.5"
| #define PACKAGE_BUGREPORT "http://lxde.org"
| #define PACKAGE_URL ""
| #define PACKAGE "lxlauncher"
| #define VERSION "0.2.5"
| #define HAVE_STDIO_H 1
| #define HAVE_STDLIB_H 1
| #define HAVE_STRING_H 1
| #define HAVE_INTTYPES_H 1
| #define HAVE_STDINT_H 1
| #define HAVE_STRINGS_H 1
| #define HAVE_SYS_STAT_H 1
| #define HAVE_SYS_TYPES_H 1
| #define HAVE_UNISTD_H 1
| #define STDC_HEADERS 1
| #define HAVE_MENU_CACHE_DIR_LIST_CHILDREN 1
| #define GETTEXT_PACKAGE "lxlauncher"
| #define HAVE_LOCALE_H 1
| #define HAVE_LC_MESSAGES 1
| /* end confdefs.h.  */
| #include <CoreFoundation/CFLocale.h>
| int
| main (void)
| {
| CFLocaleCopyCurrent();
|   ;
|   return 0;
| }
configure:7804: result: no
configure:7818: checking for libintl.h
configure:7818: gcc -c -g -O2  conftest.c >&5
configure:7818: $? = 0
configure:7818: result: yes
configure:7827: checking for ngettext in libc
configure:7846: gcc -o conftest -g -O2   conftest.c  >&5
configure:7846: $? = 0
configure:7856: result: yes
configure:7860: checking for dgettext in libc
configure:7879: gcc -o conftest -g -O2   conftest.c  >&5
configure:7879: $? = 0
configure:7889: result: yes
configure:7894: checking for bind_textdomain_codeset
configure:7894: gcc -o conftest -g -O2   conftest.c  >&5
/data/data/com.termux/files/usr/bin/ld: /data/data/com.termux/files/usr/tmp/conftest-069d31.o: in function `main':
/data/data/com.termux/files/home/extra/build-lxde/lxlauncher/conftest.c:52: undefined reference to `bind_textdomain_codeset'
clang-12: error: linker command failed with exit code 1 (use -v to see invocation)
configure:7894: $? = 1
configure: failed program was:
| /* confdefs.h */
| #define PACKAGE_NAME "lxlauncher"
| #define PACKAGE_TARNAME "lxlauncher"
| #define PACKAGE_VERSION "0.2.5"
| #define PACKAGE_STRING "lxlauncher 0.2.5"
| #define PACKAGE_BUGREPORT "http://lxde.org"
| #define PACKAGE_URL ""
| #define PACKAGE "lxlauncher"
| #define VERSION "0.2.5"
| #define HAVE_STDIO_H 1
| #define HAVE_STDLIB_H 1
| #define HAVE_STRING_H 1
| #define HAVE_INTTYPES_H 1
| #define HAVE_STDINT_H 1
| #define HAVE_STRINGS_H 1
| #define HAVE_SYS_STAT_H 1
| #define HAVE_SYS_TYPES_H 1
| #define HAVE_UNISTD_H 1
| #define STDC_HEADERS 1
| #define HAVE_MENU_CACHE_DIR_LIST_CHILDREN 1
| #define GETTEXT_PACKAGE "lxlauncher"
| #define HAVE_LOCALE_H 1
| #define HAVE_LC_MESSAGES 1
| /* end confdefs.h.  */
| /* Define bind_textdomain_codeset to an innocuous variant, in case <limits.h> declares bind_textdomain_codeset.
|    For example, HP-UX 11i <limits.h> declares gettimeofday.  */
| #define bind_textdomain_codeset innocuous_bind_textdomain_codeset
| 
| /* System header to define __stub macros and hopefully few prototypes,
|    which can conflict with char bind_textdomain_codeset (); below.  */
| 
| #include <limits.h>
| #undef bind_textdomain_codeset
| 
| /* Override any GCC internal prototype to avoid an error.
|    Use char because int might match the return type of a GCC
|    builtin and then its argument prototype would still apply.  */
| #ifdef __cplusplus
| extern "C"
| #endif
| char bind_textdomain_codeset ();
| /* The GNU C library defines this for functions which it implements
|     to always fail with ENOSYS.  Some functions are actually named
|     something starting with __ and the normal name is an alias.  */
| #if defined __stub_bind_textdomain_codeset || defined __stub___bind_textdomain_codeset
| choke me
| #endif
| 
| int
| main (void)
| {
| return bind_textdomain_codeset ();
|   ;
|   return 0;
| }
configure:7894: result: no
configure:7910: checking for bindtextdomain in -lintl
configure:7933: gcc -o conftest -g -O2   conftest.c -lintl   >&5
/data/data/com.termux/files/usr/bin/ld: cannot find -lintl
clang-12: error: linker command failed with exit code 1 (use -v to see invocation)
configure:7933: $? = 1
configure: failed program was:
| /* confdefs.h */
| #define PACKAGE_NAME "lxlauncher"
| #define PACKAGE_TARNAME "lxlauncher"
| #define PACKAGE_VERSION "0.2.5"
| #define PACKAGE_STRING "lxlauncher 0.2.5"
| #define PACKAGE_BUGREPORT "http://lxde.org"
| #define PACKAGE_URL ""
| #define PACKAGE "lxlauncher"
| #define VERSION "0.2.5"
| #define HAVE_STDIO_H 1
| #define HAVE_STDLIB_H 1
| #define HAVE_STRING_H 1
| #define HAVE_INTTYPES_H 1
| #define HAVE_STDINT_H 1
| #define HAVE_STRINGS_H 1
| #define HAVE_SYS_STAT_H 1
| #define HAVE_SYS_TYPES_H 1
| #define HAVE_UNISTD_H 1
| #define STDC_HEADERS 1
| #define HAVE_MENU_CACHE_DIR_LIST_CHILDREN 1
| #define GETTEXT_PACKAGE "lxlauncher"
| #define HAVE_LOCALE_H 1
| #define HAVE_LC_MESSAGES 1
| /* end confdefs.h.  */
| 
| /* Override any GCC internal prototype to avoid an error.
|    Use char because int might match the return type of a GCC
|    builtin and then its argument prototype would still apply.  */
| char bindtextdomain ();
| int
| main (void)
| {
| return bindtextdomain ();
|   ;
|   return 0;
| }
configure:7943: result: no
configure:8030: checking if -liconv is needed to use gettext
configure:8032: result: 
configure:8034: checking for ngettext in -lintl
configure:8057: gcc -o conftest -g -O2   conftest.c -lintl -liconv  >&5
/data/data/com.termux/files/usr/bin/ld: cannot find -lintl
clang-12: error: linker command failed with exit code 1 (use -v to see invocation)
configure:8057: $? = 1
configure: failed program was:
| /* confdefs.h */
| #define PACKAGE_NAME "lxlauncher"
| #define PACKAGE_TARNAME "lxlauncher"
| #define PACKAGE_VERSION "0.2.5"
| #define PACKAGE_STRING "lxlauncher 0.2.5"
| #define PACKAGE_BUGREPORT "http://lxde.org"
| #define PACKAGE_URL ""
| #define PACKAGE "lxlauncher"
| #define VERSION "0.2.5"
| #define HAVE_STDIO_H 1
| #define HAVE_STDLIB_H 1
| #define HAVE_STRING_H 1
| #define HAVE_INTTYPES_H 1
| #define HAVE_STDINT_H 1
| #define HAVE_STRINGS_H 1
| #define HAVE_SYS_STAT_H 1
| #define HAVE_SYS_TYPES_H 1
| #define HAVE_UNISTD_H 1
| #define STDC_HEADERS 1
| #define HAVE_MENU_CACHE_DIR_LIST_CHILDREN 1
| #define GETTEXT_PACKAGE "lxlauncher"
| #define HAVE_LOCALE_H 1
| #define HAVE_LC_MESSAGES 1
| /* end confdefs.h.  */
| 
| /* Override any GCC internal prototype to avoid an error.
|    Use char because int might match the return type of a GCC
|    builtin and then its argument prototype would still apply.  */
| char ngettext ();
| int
| main (void)
| {
| return ngettext ();
|   ;
|   return 0;
| }
configure:8067: result: no
configure:8164: checking for msgfmt
configure:8192: result: /data/data/com.termux/files/usr/bin/msgfmt
configure:8201: checking for dcgettext
configure:8201: gcc -o conftest -g -O2   conftest.c   >&5
/data/data/com.termux/files/usr/bin/ld: /data/data/com.termux/files/usr/tmp/conftest-aba788.o: in function `main':
/data/data/com.termux/files/home/extra/build-lxde/lxlauncher/conftest.c:53: undefined reference to `dcgettext'
clang-12: error: linker command failed with exit code 1 (use -v to see invocation)
configure:8201: $? = 1
configure: failed program was:
| /* confdefs.h */
| #define PACKAGE_NAME "lxlauncher"
| #define PACKAGE_TARNAME "lxlauncher"
| #define PACKAGE_VERSION "0.2.5"
| #define PACKAGE_STRING "lxlauncher 0.2.5"
| #define PACKAGE_BUGREPORT "http://lxde.org"
| #define PACKAGE_URL ""
| #define PACKAGE "lxlauncher"
| #define VERSION "0.2.5"
| #define HAVE_STDIO_H 1
| #define HAVE_STDLIB_H 1
| #define HAVE_STRING_H 1
| #define HAVE_INTTYPES_H 1
| #define HAVE_STDINT_H 1
| #define HAVE_STRINGS_H 1
| #define HAVE_SYS_STAT_H 1
| #define HAVE_SYS_TYPES_H 1
| #define HAVE_UNISTD_H 1
| #define STDC_HEADERS 1
| #define HAVE_MENU_CACHE_DIR_LIST_CHILDREN 1
| #define GETTEXT_PACKAGE "lxlauncher"
| #define HAVE_LOCALE_H 1
| #define HAVE_LC_MESSAGES 1
| #define HAVE_GETTEXT 1
| /* end confdefs.h.  */
| /* Define dcgettext to an innocuous variant, in case <limits.h> declares dcgettext.
|    For example, HP-UX 11i <limits.h> declares gettimeofday.  */
| #define dcgettext innocuous_dcgettext
| 
| /* System header to define __stub macros and hopefully few prototypes,
|    which can conflict with char dcgettext (); below.  */
| 
| #include <limits.h>
| #undef dcgettext
| 
| /* Override any GCC internal prototype to avoid an error.
|    Use char because int might match the return type of a GCC
|    builtin and then its argument prototype would still apply.  */
| #ifdef __cplusplus
| extern "C"
| #endif
| char dcgettext ();
| /* The GNU C library defines this for functions which it implements
|     to always fail with ENOSYS.  Some functions are actually named
|     something starting with __ and the normal name is an alias.  */
| #if defined __stub_dcgettext || defined __stub___dcgettext
| choke me
| #endif
| 
| int
| main (void)
| {
| return dcgettext ();
|   ;
|   return 0;
| }
configure:8201: result: no
configure:8209: checking if msgfmt accepts -c
configure:8224: $MSGFMT -c -o /dev/null conftest.foo
conftest.foo:3: warning: header field 'Language' missing in header
configure:8227: $? = 0
configure:8229: result: yes
configure:8239: checking for gmsgfmt
configure:8275: result: /data/data/com.termux/files/usr/bin/msgfmt
configure:8285: checking for xgettext
configure:8313: result: /data/data/com.termux/files/usr/bin/xgettext
configure:8332: gcc -o conftest -g -O2   conftest.c   >&5
/data/data/com.termux/files/usr/bin/ld: /data/data/com.termux/files/usr/tmp/conftest-c93e11.o: in function `main':
/data/data/com.termux/files/home/extra/build-lxde/lxlauncher/conftest.c:(.text+0x10): undefined reference to `_nl_msg_cat_cntr'
clang-12: error: linker command failed with exit code 1 (use -v to see invocation)
configure:8332: $? = 1
configure: failed program was:
| /* confdefs.h */
| #define PACKAGE_NAME "lxlauncher"
| #define PACKAGE_TARNAME "lxlauncher"
| #define PACKAGE_VERSION "0.2.5"
| #define PACKAGE_STRING "lxlauncher 0.2.5"
| #define PACKAGE_BUGREPORT "http://lxde.org"
| #define PACKAGE_URL ""
| #define PACKAGE "lxlauncher"
| #define VERSION "0.2.5"
| #define HAVE_STDIO_H 1
| #define HAVE_STDLIB_H 1
| #define HAVE_STRING_H 1
| #define HAVE_INTTYPES_H 1
| #define HAVE_STDINT_H 1
| #define HAVE_STRINGS_H 1
| #define HAVE_SYS_STAT_H 1
| #define HAVE_SYS_TYPES_H 1
| #define HAVE_UNISTD_H 1
| #define STDC_HEADERS 1
| #define HAVE_MENU_CACHE_DIR_LIST_CHILDREN 1
| #define GETTEXT_PACKAGE "lxlauncher"
| #define HAVE_LOCALE_H 1
| #define HAVE_LC_MESSAGES 1
| #define HAVE_GETTEXT 1
| /* end confdefs.h.  */
| 
| int
| main (void)
| {
| extern int _nl_msg_cat_cntr;
| 			 return _nl_msg_cat_cntr
|   ;
|   return 0;
| }
configure:8583: checking that generated files are newer than configure
configure:8589: result: done
configure:8628: creating ./config.status

## ---------------------- ##
## Running config.status. ##
## ---------------------- ##

This file was extended by lxlauncher config.status 0.2.5, which was
generated by GNU Autoconf 2.71.  Invocation command line was

  CONFIG_FILES    = 
  CONFIG_HEADERS  = 
  CONFIG_LINKS    = 
  CONFIG_COMMANDS = 
  $ ./config.status 

on localhost

config.status:952: creating Makefile
config.status:952: creating settings.conf
config.status:952: creating src/Makefile
config.status:952: creating po/Makefile.in
config.status:952: creating data/lxlauncher.1
config.status:952: creating config.h
config.status:1181: executing depfiles commands
config.status:1256: cd src       && sed -e '/# am--include-marker/d' Makefile         | make -f - am--depfiles
config.status:1263: $? = 0
config.status:1181: executing default-1 commands
config.status:1181: executing po/stamp-it commands

## ---------------- ##
## Cache variables. ##
## ---------------- ##

ac_cv_c_compiler_gnu='yes'
ac_cv_env_CC_set=''
ac_cv_env_CC_value=''
ac_cv_env_CFLAGS_set=''
ac_cv_env_CFLAGS_value=''
ac_cv_env_CPPFLAGS_set=''
ac_cv_env_CPPFLAGS_value=''
ac_cv_env_GMENU_CFLAGS_set=''
ac_cv_env_GMENU_CFLAGS_value=''
ac_cv_env_GMENU_LIBS_set=''
ac_cv_env_GMENU_LIBS_value=''
ac_cv_env_GTK_CFLAGS_set=''
ac_cv_env_GTK_CFLAGS_value=''
ac_cv_env_GTK_LIBS_set=''
ac_cv_env_GTK_LIBS_value=''
ac_cv_env_LDFLAGS_set=''
ac_cv_env_LDFLAGS_value=''
ac_cv_env_LIBS_set=''
ac_cv_env_LIBS_value=''
ac_cv_env_PKG_CONFIG_LIBDIR_set=''
ac_cv_env_PKG_CONFIG_LIBDIR_value=''
ac_cv_env_PKG_CONFIG_PATH_set=''
ac_cv_env_PKG_CONFIG_PATH_value=''
ac_cv_env_PKG_CONFIG_set=''
ac_cv_env_PKG_CONFIG_value=''
ac_cv_env_SN_CFLAGS_set=''
ac_cv_env_SN_CFLAGS_value=''
ac_cv_env_SN_LIBS_set=''
ac_cv_env_SN_LIBS_value=''
ac_cv_env_X11_CFLAGS_set=''
ac_cv_env_X11_CFLAGS_value=''
ac_cv_env_X11_LIBS_set=''
ac_cv_env_X11_LIBS_value=''
ac_cv_env_build_alias_set=''
ac_cv_env_build_alias_value=''
ac_cv_env_host_alias_set=''
ac_cv_env_host_alias_value=''
ac_cv_env_target_alias_set=''
ac_cv_env_target_alias_value=''
ac_cv_func_bind_textdomain_codeset='no'
ac_cv_func_dcgettext='no'
ac_cv_func_menu_cache_dir_list_children='yes'
ac_cv_header_inttypes_h='yes'
ac_cv_header_libintl_h='yes'
ac_cv_header_locale_h='yes'
ac_cv_header_stdint_h='yes'
ac_cv_header_stdio_h='yes'
ac_cv_header_stdlib_h='yes'
ac_cv_header_string_h='yes'
ac_cv_header_strings_h='yes'
ac_cv_header_sys_stat_h='yes'
ac_cv_header_sys_types_h='yes'
ac_cv_header_unistd_h='yes'
ac_cv_lib_intl_bindtextdomain='no'
ac_cv_lib_intl_ngettext='no'
ac_cv_objext='o'
ac_cv_path_EGREP='/data/data/com.termux/files/usr/bin/grep -E'
ac_cv_path_GMSGFMT='/data/data/com.termux/files/usr/bin/msgfmt'
ac_cv_path_GREP='/data/data/com.termux/files/usr/bin/grep'
ac_cv_path_INTLTOOL_EXTRACT='/data/data/com.termux/files/usr/bin/intltool-extract'
ac_cv_path_INTLTOOL_MERGE='/data/data/com.termux/files/usr/bin/intltool-merge'
ac_cv_path_INTLTOOL_PERL='/data/data/com.termux/files/usr/bin/perl'
ac_cv_path_INTLTOOL_UPDATE='/data/data/com.termux/files/usr/bin/intltool-update'
ac_cv_path_MSGFMT='/data/data/com.termux/files/usr/bin/msgfmt'
ac_cv_path_MSGMERGE='/data/data/com.termux/files/usr/bin/msgmerge'
ac_cv_path_XGETTEXT='/data/data/com.termux/files/usr/bin/xgettext'
ac_cv_path_ac_pt_PKG_CONFIG='/data/data/com.termux/files/usr/bin/pkg-config'
ac_cv_path_install='/data/data/com.termux/files/usr/bin/install -c'
ac_cv_path_mkdir='/data/data/com.termux/files/usr/bin/mkdir'
ac_cv_prog_AWK='gawk'
ac_cv_prog_ac_ct_CC='gcc'
ac_cv_prog_cc_c11=''
ac_cv_prog_cc_g='yes'
ac_cv_prog_cc_stdc=''
ac_cv_prog_make_make_set='yes'
ac_cv_search_strerror='none required'
am_cv_CC_dependencies_compiler_type='gcc3'
am_cv_make_support_nested_variables='yes'
am_cv_prog_cc_c_o='yes'
am_cv_prog_cc_stdc=''
am_cv_val_LC_MESSAGES='yes'
gt_cv_func_CFLocaleCopyCurrent='no'
gt_cv_func_CFPreferencesCopyAppValue='no'
gt_cv_func_dgettext_libc='yes'
gt_cv_func_dgettext_libintl='no'
gt_cv_func_ngettext_libc='yes'
gt_cv_have_gettext='yes'
pkg_cv_GMENU_CFLAGS='-I/data/data/com.termux/files/usr/include/menu-cache -I/data/data/com.termux/files/usr/include/glib-2.0 -I/data/data/com.termux/files/usr/lib/glib-2.0/include -I/data/data/com.termux/files/usr/include'
pkg_cv_GMENU_LIBS='-L/data/data/com.termux/files/usr/lib -lmenu-cache -lglib-2.0'
pkg_cv_GTK_CFLAGS='-pthread -I/data/data/com.termux/files/usr/include/gtk-2.0 -I/data/data/com.termux/files/usr/lib/gtk-2.0/include -I/data/data/com.termux/files/usr/include/pango-1.0 -I/data/data/com.termux/files/usr/include/gio-unix-2.0 -I/data/data/com.termux/files/usr/include -I/data/data/com.termux/files/usr/include/cairo -I/data/data/com.termux/files/usr/include/atk-1.0 -I/data/data/com.termux/files/usr/include/gdk-pixbuf-2.0 -I/data/data/com.termux/files/usr/include/libpng16 -I/data/data/com.termux/files/usr/include -I/data/data/com.termux/files/usr/include/pango-1.0 -I/data/data/com.termux/files/usr/include -I/data/data/com.termux/files/usr/include/fribidi -I/data/data/com.termux/files/usr/include -I/data/data/com.termux/files/usr/include/cairo -I/data/data/com.termux/files/usr/include/pixman-1 -I/data/data/com.termux/files/usr/include -I/data/data/com.termux/files/usr/include/harfbuzz -I/data/data/com.termux/files/usr/include -I/data/data/com.termux/files/usr/include/glib-2.0 -I/data/data/com.termux/files/usr/lib/glib-2.0/include -I/data/data/com.termux/files/usr/include -I/data/data/com.termux/files/usr/include/uuid -I/data/data/com.termux/files/usr/include/libxml2 -I/data/data/com.termux/files/usr/include/freetype2 -I/data/data/com.termux/files/usr/include/libpng16 -I/data/data/com.termux/files/usr/include'
pkg_cv_GTK_LIBS='-L/data/data/com.termux/files/usr/lib -lgtk-x11-2.0 -lgdk-x11-2.0 -lpangocairo-1.0 -lXrender -lXinerama -lXrandr -lXcursor -lXcomposite -lXdamage -lXfixes -lX11 -lXext -latk-1.0 -lcairo -lgdk_pixbuf-2.0 -lgio-2.0 -lpangoft2-1.0 -lpango-1.0 -lgobject-2.0 -lglib-2.0 -lharfbuzz -lfontconfig -lfreetype'
pkg_cv_SN_CFLAGS='-I/data/data/com.termux/files/usr/include/startup-notification-1.0'
pkg_cv_SN_LIBS='-L/data/data/com.termux/files/usr/lib -lstartup-notification-1'
pkg_cv_X11_CFLAGS='-I/data/data/com.termux/files/usr/include'
pkg_cv_X11_LIBS='-L/data/data/com.termux/files/usr/lib -lX11'

## ----------------- ##
## Output variables. ##
## ----------------- ##

ACLOCAL='${SHELL} '\''/data/data/com.termux/files/home/extra/build-lxde/lxlauncher/missing'\'' aclocal-1.16'
ADDITIONAL_FLAGS=''
ALL_LINGUAS=''
AMDEPBACKSLASH='\'
AMDEP_FALSE='#'
AMDEP_TRUE=''
AMTAR='$${TAR-tar}'
AM_BACKSLASH='\'
AM_DEFAULT_V='$(AM_DEFAULT_VERBOSITY)'
AM_DEFAULT_VERBOSITY='0'
AM_V='$(V)'
AUTOCONF='${SHELL} '\''/data/data/com.termux/files/home/extra/build-lxde/lxlauncher/missing'\'' autoconf'
AUTOHEADER='${SHELL} '\''/data/data/com.termux/files/home/extra/build-lxde/lxlauncher/missing'\'' autoheader'
AUTOMAKE='${SHELL} '\''/data/data/com.termux/files/home/extra/build-lxde/lxlauncher/missing'\'' automake-1.16'
AWK='gawk'
CATALOGS=''
CATOBJEXT='.mo'
CC='gcc'
CCDEPMODE='depmode=gcc3'
CFLAGS='-g -O2'
CPPFLAGS=''
CYGPATH_W='echo'
DATADIRNAME='lib'
DEFS='-DHAVE_CONFIG_H'
DEPDIR='.deps'
ECHO_C=''
ECHO_N='-n'
ECHO_T=''
EGREP='/data/data/com.termux/files/usr/bin/grep -E'
EXEEXT=''
GETTEXT_PACKAGE='lxlauncher'
GMENU_CFLAGS='-I/data/data/com.termux/files/usr/include/menu-cache -I/data/data/com.termux/files/usr/include/glib-2.0 -I/data/data/com.termux/files/usr/lib/glib-2.0/include -I/data/data/com.termux/files/usr/include'
GMENU_LIBS='-L/data/data/com.termux/files/usr/lib -lmenu-cache -lglib-2.0'
GMOFILES=''
GMSGFMT='/data/data/com.termux/files/usr/bin/msgfmt'
GREP='/data/data/com.termux/files/usr/bin/grep'
GTK_CFLAGS='-pthread -I/data/data/com.termux/files/usr/include/gtk-2.0 -I/data/data/com.termux/files/usr/lib/gtk-2.0/include -I/data/data/com.termux/files/usr/include/pango-1.0 -I/data/data/com.termux/files/usr/include/gio-unix-2.0 -I/data/data/com.termux/files/usr/include -I/data/data/com.termux/files/usr/include/cairo -I/data/data/com.termux/files/usr/include/atk-1.0 -I/data/data/com.termux/files/usr/include/gdk-pixbuf-2.0 -I/data/data/com.termux/files/usr/include/libpng16 -I/data/data/com.termux/files/usr/include -I/data/data/com.termux/files/usr/include/pango-1.0 -I/data/data/com.termux/files/usr/include -I/data/data/com.termux/files/usr/include/fribidi -I/data/data/com.termux/files/usr/include -I/data/data/com.termux/files/usr/include/cairo -I/data/data/com.termux/files/usr/include/pixman-1 -I/data/data/com.termux/files/usr/include -I/data/data/com.termux/files/usr/include/harfbuzz -I/data/data/com.termux/files/usr/include -I/data/data/com.termux/files/usr/include/glib-2.0 -I/data/data/com.termux/files/usr/lib/glib-2.0/include -I/data/data/com.termux/files/usr/include -I/data/data/com.termux/files/usr/include/uuid -I/data/data/com.termux/files/usr/include/libxml2 -I/data/data/com.termux/files/usr/include/freetype2 -I/data/data/com.termux/files/usr/include/libpng16 -I/data/data/com.termux/files/usr/include'
GTK_LIBS='-L/data/data/com.termux/files/usr/lib -lgtk-x11-2.0 -lgdk-x11-2.0 -lpangocairo-1.0 -lXrender -lXinerama -lXrandr -lXcursor -lXcomposite -lXdamage -lXfixes -lX11 -lXext -latk-1.0 -lcairo -lgdk_pixbuf-2.0 -lgio-2.0 -lpangoft2-1.0 -lpango-1.0 -lgobject-2.0 -lglib-2.0 -lharfbuzz -lfontconfig -lfreetype'
INSTALL_DATA='${INSTALL} -m 644'
INSTALL_PROGRAM='${INSTALL}'
INSTALL_SCRIPT='${INSTALL}'
INSTALL_STRIP_PROGRAM='$(install_sh) -c -s'
INSTOBJEXT='.mo'
INTLLIBS=''
INTLTOOL_CAVES_RULE='%.caves:     %.caves.in     $(INTLTOOL_MERGE) $(wildcard $(top_srcdir)/po/*.po) ; $(INTLTOOL_V_MERGE)LC_ALL=C $(INTLTOOL_MERGE) $(INTLTOOL_V_MERGE_OPTIONS) -d -u -c $(top_builddir)/po/.intltool-merge-cache $(top_srcdir)/po $< $@'
INTLTOOL_DESKTOP_RULE='%.desktop:   %.desktop.in   $(INTLTOOL_MERGE) $(wildcard $(top_srcdir)/po/*.po) ; $(INTLTOOL_V_MERGE)LC_ALL=C $(INTLTOOL_MERGE) $(INTLTOOL_V_MERGE_OPTIONS) -d -u -c $(top_builddir)/po/.intltool-merge-cache $(top_srcdir)/po $< $@'
INTLTOOL_DIRECTORY_RULE='%.directory: %.directory.in $(INTLTOOL_MERGE) $(wildcard $(top_srcdir)/po/*.po) ; $(INTLTOOL_V_MERGE)LC_ALL=C $(INTLTOOL_MERGE) $(INTLTOOL_V_MERGE_OPTIONS) -d -u -c $(top_builddir)/po/.intltool-merge-cache $(top_srcdir)/po $< $@'
INTLTOOL_EXTRACT='/data/data/com.termux/files/usr/bin/intltool-extract'
INTLTOOL_KBD_RULE='%.kbd:       %.kbd.in       $(INTLTOOL_MERGE) $(wildcard $(top_srcdir)/po/*.po) ; $(INTLTOOL_V_MERGE)LC_ALL=C $(INTLTOOL_MERGE) $(INTLTOOL_V_MERGE_OPTIONS) -x -u -m -c $(top_builddir)/po/.intltool-merge-cache $(top_srcdir)/po $< $@'
INTLTOOL_KEYS_RULE='%.keys:      %.keys.in      $(INTLTOOL_MERGE) $(wildcard $(top_srcdir)/po/*.po) ; $(INTLTOOL_V_MERGE)LC_ALL=C $(INTLTOOL_MERGE) $(INTLTOOL_V_MERGE_OPTIONS) -k -u -c $(top_builddir)/po/.intltool-merge-cache $(top_srcdir)/po $< $@'
INTLTOOL_MERGE='/data/data/com.termux/files/usr/bin/intltool-merge'
INTLTOOL_OAF_RULE='%.oaf:       %.oaf.in       $(INTLTOOL_MERGE) $(wildcard $(top_srcdir)/po/*.po) ; $(INTLTOOL_V_MERGE)LC_ALL=C $(INTLTOOL_MERGE) $(INTLTOOL_V_MERGE_OPTIONS) -o -p $(top_srcdir)/po $< $@'
INTLTOOL_PERL='/data/data/com.termux/files/usr/bin/perl'
INTLTOOL_POLICY_RULE='%.policy:    %.policy.in    $(INTLTOOL_MERGE) $(wildcard $(top_srcdir)/po/*.po) ; $(INTLTOOL_V_MERGE)LC_ALL=C $(INTLTOOL_MERGE) $(INTLTOOL_V_MERGE_OPTIONS) -x -u -c $(top_builddir)/po/.intltool-merge-cache $(top_srcdir)/po $< $@'
INTLTOOL_PONG_RULE='%.pong:      %.pong.in      $(INTLTOOL_MERGE) $(wildcard $(top_srcdir)/po/*.po) ; $(INTLTOOL_V_MERGE)LC_ALL=C $(INTLTOOL_MERGE) $(INTLTOOL_V_MERGE_OPTIONS) -x -u -c $(top_builddir)/po/.intltool-merge-cache $(top_srcdir)/po $< $@'
INTLTOOL_PROP_RULE='%.prop:      %.prop.in      $(INTLTOOL_MERGE) $(wildcard $(top_srcdir)/po/*.po) ; $(INTLTOOL_V_MERGE)LC_ALL=C $(INTLTOOL_MERGE) $(INTLTOOL_V_MERGE_OPTIONS) -d -u -c $(top_builddir)/po/.intltool-merge-cache $(top_srcdir)/po $< $@'
INTLTOOL_SCHEMAS_RULE='%.schemas:   %.schemas.in   $(INTLTOOL_MERGE) $(wildcard $(top_srcdir)/po/*.po) ; $(INTLTOOL_V_MERGE)LC_ALL=C $(INTLTOOL_MERGE) $(INTLTOOL_V_MERGE_OPTIONS) -s -u -c $(top_builddir)/po/.intltool-merge-cache $(top_srcdir)/po $< $@'
INTLTOOL_SERVER_RULE='%.server:    %.server.in    $(INTLTOOL_MERGE) $(wildcard $(top_srcdir)/po/*.po) ; $(INTLTOOL_V_MERGE)LC_ALL=C $(INTLTOOL_MERGE) $(INTLTOOL_V_MERGE_OPTIONS) -o -u -c $(top_builddir)/po/.intltool-merge-cache $(top_srcdir)/po $< $@'
INTLTOOL_SERVICE_RULE='%.service: %.service.in   $(INTLTOOL_MERGE) $(wildcard $(top_srcdir)/po/*.po) ; $(INTLTOOL_V_MERGE)LC_ALL=C $(INTLTOOL_MERGE) $(INTLTOOL_V_MERGE_OPTIONS) -d -u -c $(top_builddir)/po/.intltool-merge-cache $(top_srcdir)/po $< $@'
INTLTOOL_SHEET_RULE='%.sheet:     %.sheet.in     $(INTLTOOL_MERGE) $(wildcard $(top_srcdir)/po/*.po) ; $(INTLTOOL_V_MERGE)LC_ALL=C $(INTLTOOL_MERGE) $(INTLTOOL_V_MERGE_OPTIONS) -x -u -c $(top_builddir)/po/.intltool-merge-cache $(top_srcdir)/po $< $@'
INTLTOOL_SOUNDLIST_RULE='%.soundlist: %.soundlist.in $(INTLTOOL_MERGE) $(wildcard $(top_srcdir)/po/*.po) ; $(INTLTOOL_V_MERGE)LC_ALL=C $(INTLTOOL_MERGE) $(INTLTOOL_V_MERGE_OPTIONS) -d -u -c $(top_builddir)/po/.intltool-merge-cache $(top_srcdir)/po $< $@'
INTLTOOL_THEME_RULE='%.theme:     %.theme.in     $(INTLTOOL_MERGE) $(wildcard $(top_srcdir)/po/*.po) ; $(INTLTOOL_V_MERGE)LC_ALL=C $(INTLTOOL_MERGE) $(INTLTOOL_V_MERGE_OPTIONS) -d -u -c $(top_builddir)/po/.intltool-merge-cache $(top_srcdir)/po $< $@'
INTLTOOL_UI_RULE='%.ui:        %.ui.in        $(INTLTOOL_MERGE) $(wildcard $(top_srcdir)/po/*.po) ; $(INTLTOOL_V_MERGE)LC_ALL=C $(INTLTOOL_MERGE) $(INTLTOOL_V_MERGE_OPTIONS) -x -u -c $(top_builddir)/po/.intltool-merge-cache $(top_srcdir)/po $< $@'
INTLTOOL_UPDATE='/data/data/com.termux/files/usr/bin/intltool-update'
INTLTOOL_V_MERGE='$(INTLTOOL__v_MERGE_$(V))'
INTLTOOL_V_MERGE_OPTIONS='$(intltool__v_merge_options_$(V))'
INTLTOOL_XAM_RULE='%.xam:       %.xml.in       $(INTLTOOL_MERGE) $(wildcard $(top_srcdir)/po/*.po) ; $(INTLTOOL_V_MERGE)LC_ALL=C $(INTLTOOL_MERGE) $(INTLTOOL_V_MERGE_OPTIONS) -x -u -c $(top_builddir)/po/.intltool-merge-cache $(top_srcdir)/po $< $@'
INTLTOOL_XML_NOMERGE_RULE='%.xml:       %.xml.in       $(INTLTOOL_MERGE) ; $(INTLTOOL_V_MERGE)LC_ALL=C $(INTLTOOL_MERGE) $(INTLTOOL_V_MERGE_OPTIONS) -x -u --no-translations $< $@'
INTLTOOL_XML_RULE='%.xml:       %.xml.in       $(INTLTOOL_MERGE) $(wildcard $(top_srcdir)/po/*.po) ; $(INTLTOOL_V_MERGE)LC_ALL=C $(INTLTOOL_MERGE) $(INTLTOOL_V_MERGE_OPTIONS) -x -u -c $(top_builddir)/po/.intltool-merge-cache $(top_srcdir)/po $< $@'
INTLTOOL__v_MERGE_0='@echo "  ITMRG " $@;'
INTLTOOL__v_MERGE_='$(INTLTOOL__v_MERGE_$(AM_DEFAULT_VERBOSITY))'
INTL_MACOSX_LIBS=''
LDFLAGS=''
LIBOBJS=''
LIBS=''
LTLIBOBJS=''
MAINT=''
MAINTAINER_MODE_FALSE='#'
MAINTAINER_MODE_TRUE=''
MAKEINFO='${SHELL} '\''/data/data/com.termux/files/home/extra/build-lxde/lxlauncher/missing'\'' makeinfo'
MKDIR_P='/data/data/com.termux/files/usr/bin/mkdir -p'
MKINSTALLDIRS='.//mkinstalldirs'
MSGFMT='/data/data/com.termux/files/usr/bin/msgfmt'
MSGFMT_OPTS='-c'
MSGMERGE='/data/data/com.termux/files/usr/bin/msgmerge'
OBJEXT='o'
PACKAGE='lxlauncher'
PACKAGE_BUGREPORT='http://lxde.org'
PACKAGE_NAME='lxlauncher'
PACKAGE_STRING='lxlauncher 0.2.5'
PACKAGE_TARNAME='lxlauncher'
PACKAGE_URL=''
PACKAGE_VERSION='0.2.5'
PATH_SEPARATOR=':'
PKG_CONFIG='/data/data/com.termux/files/usr/bin/pkg-config'
PKG_CONFIG_LIBDIR=''
PKG_CONFIG_PATH=''
POFILES=''
POSUB='po'
PO_IN_DATADIR_FALSE=''
PO_IN_DATADIR_TRUE=''
SET_MAKE=''
SHELL='/data/data/com.termux/files/usr/bin/sh'
SN_CFLAGS='-I/data/data/com.termux/files/usr/include/startup-notification-1.0'
SN_LIBS='-L/data/data/com.termux/files/usr/lib -lstartup-notification-1'
STRIP=''
USE_NLS='yes'
VERSION='0.2.5'
X11_CFLAGS='-I/data/data/com.termux/files/usr/include'
X11_LIBS='-L/data/data/com.termux/files/usr/lib -lX11'
XGETTEXT='/data/data/com.termux/files/usr/bin/xgettext'
ac_ct_CC='gcc'
am__EXEEXT_FALSE=''
am__EXEEXT_TRUE='#'
am__fastdepCC_FALSE='#'
am__fastdepCC_TRUE=''
am__include='include'
am__isrc=''
am__leading_dot='.'
am__nodep='_no'
am__quote=''
am__tar='$${TAR-tar} chof - "$$tardir"'
am__untar='$${TAR-tar} xf -'
bindir='${exec_prefix}/bin'
build_alias=''
datadir='${datarootdir}'
datarootdir='${prefix}/share'
docdir='${datarootdir}/doc/${PACKAGE_TARNAME}'
dvidir='${docdir}'
exec_prefix='${prefix}'
host_alias=''
htmldir='${docdir}'
includedir='${prefix}/include'
infodir='${datarootdir}/info'
install_sh='${SHELL} /data/data/com.termux/files/home/extra/build-lxde/lxlauncher/install-sh'
intltool__v_merge_options_0='-q'
intltool__v_merge_options_='$(intltool__v_merge_options_$(AM_DEFAULT_VERBOSITY))'
libdir='${exec_prefix}/lib'
libexecdir='${exec_prefix}/libexec'
localedir='${datarootdir}/locale'
localstatedir='${prefix}/var'
mandir='${datarootdir}/man'
mkdir_p='$(MKDIR_P)'
oldincludedir='/usr/include'
pdfdir='${docdir}'
prefix='/data/data/com.termux/files/usr'
program_transform_name='s,x,x,'
psdir='${docdir}'
runstatedir='${localstatedir}/run'
sbindir='${exec_prefix}/sbin'
sharedstatedir='${prefix}/com'
sysconfdir='${prefix}/etc'
target_alias=''

## ----------- ##
## confdefs.h. ##
## ----------- ##

/* confdefs.h */
#define PACKAGE_NAME "lxlauncher"
#define PACKAGE_TARNAME "lxlauncher"
#define PACKAGE_VERSION "0.2.5"
#define PACKAGE_STRING "lxlauncher 0.2.5"
#define PACKAGE_BUGREPORT "http://lxde.org"
#define PACKAGE_URL ""
#define PACKAGE "lxlauncher"
#define VERSION "0.2.5"
#define HAVE_STDIO_H 1
#define HAVE_STDLIB_H 1
#define HAVE_STRING_H 1
#define HAVE_INTTYPES_H 1
#define HAVE_STDINT_H 1
#define HAVE_STRINGS_H 1
#define HAVE_SYS_STAT_H 1
#define HAVE_SYS_TYPES_H 1
#define HAVE_UNISTD_H 1
#define STDC_HEADERS 1
#define HAVE_MENU_CACHE_DIR_LIST_CHILDREN 1
#define GETTEXT_PACKAGE "lxlauncher"
#define HAVE_LOCALE_H 1
#define HAVE_LC_MESSAGES 1
#define HAVE_GETTEXT 1
#define ENABLE_NLS 1

configure: exit 0
