This file contains any messages produced by compilers while
running configure, to aid debugging if configure makes a mistake.

It was created by lxrandr configure 0.3.2, which was
generated by GNU Autoconf 2.71.  Invocation command line was

  $ ./configure --prefix=/data/data/com.termux/files/usr --enable-man

## --------- ##
## Platform. ##
## --------- ##

hostname = localhost
uname -m = armv7l
uname -r = 3.18.71-perf-gb847930
uname -s = Linux
uname -v = #1 SMP PREEMPT Fri Sep 27 14:15:01 CDT 2019

/usr/bin/uname -p = unknown
/bin/uname -X     = unknown

/bin/arch              = unknown
/usr/bin/arch -k       = unknown
/usr/convex/getsysinfo = unknown
/usr/bin/hostinfo      = unknown
/bin/machine           = unknown
/usr/bin/oslevel       = unknown
/bin/universe          = unknown

PATH: /data/data/com.termux/files/usr/bin/


## ----------- ##
## Core tests. ##
## ----------- ##

configure:2373: looking for aux files: compile missing install-sh
configure:2386:  trying ./
configure:2415:   ./compile found
configure:2415:   ./missing found
configure:2397:   ./install-sh found
configure:2544: checking for a BSD-compatible install
configure:2617: result: /data/data/com.termux/files/usr/bin/install -c
configure:2628: checking whether build environment is sane
configure:2683: result: yes
configure:2842: checking for a race-free mkdir -p
configure:2886: result: /data/data/com.termux/files/usr/bin/mkdir -p
configure:2893: checking for gawk
configure:2914: found /data/data/com.termux/files/usr/bin/gawk
configure:2925: result: gawk
configure:2936: checking whether make sets $(MAKE)
configure:2959: result: yes
configure:2989: checking whether make supports nested variables
configure:3007: result: yes
configure:3147: checking whether make supports nested variables
configure:3165: result: yes
configure:3178: checking whether to enable maintainer-specific portions of Makefiles
configure:3188: result: yes
configure:3204: checking whether NLS is requested
configure:3214: result: yes
configure:3242: checking for intltool-update
configure:3265: found /data/data/com.termux/files/usr/bin/intltool-update
configure:3277: result: /data/data/com.termux/files/usr/bin/intltool-update
configure:3287: checking for intltool-merge
configure:3310: found /data/data/com.termux/files/usr/bin/intltool-merge
configure:3322: result: /data/data/com.termux/files/usr/bin/intltool-merge
configure:3332: checking for intltool-extract
configure:3355: found /data/data/com.termux/files/usr/bin/intltool-extract
configure:3367: result: /data/data/com.termux/files/usr/bin/intltool-extract
configure:3521: checking for xgettext
configure:3544: found /data/data/com.termux/files/usr/bin/xgettext
configure:3556: result: /data/data/com.termux/files/usr/bin/xgettext
configure:3566: checking for msgmerge
configure:3589: found /data/data/com.termux/files/usr/bin/msgmerge
configure:3601: result: /data/data/com.termux/files/usr/bin/msgmerge
configure:3611: checking for msgfmt
configure:3634: found /data/data/com.termux/files/usr/bin/msgfmt
configure:3646: result: /data/data/com.termux/files/usr/bin/msgfmt
configure:3656: checking for gmsgfmt
configure:3692: result: /data/data/com.termux/files/usr/bin/msgfmt
configure:3712: checking for perl
configure:3735: found /data/data/com.termux/files/usr/bin/perl
configure:3747: result: /data/data/com.termux/files/usr/bin/perl
configure:3758: checking for perl >= 5.8.1
configure:3765: result: 5.34.0
configure:3769: checking for XML::Parser
configure:3772: result: ok
configure:3799: checking whether make supports the include directive
configure:3814: make -f confmf.GNU && cat confinc.out
this is the am__doit target
configure:3817: $? = 0
configure:3836: result: yes (GNU style)
configure:3912: checking for gcc
configure:3933: found /data/data/com.termux/files/usr/bin/gcc
configure:3944: result: gcc
configure:4297: checking for C compiler version
configure:4306: gcc --version >&5
clang version 12.0.0
Target: armv7a-unknown-linux-android24
Thread model: posix
InstalledDir: /data/data/com.termux/files/usr/bin
configure:4317: $? = 0
configure:4306: gcc -v >&5
clang version 12.0.0
Target: armv7a-unknown-linux-android24
Thread model: posix
InstalledDir: /data/data/com.termux/files/usr/bin
configure:4317: $? = 0
configure:4306: gcc -V >&5
clang-12: error: argument to '-V' is missing (expected 1 value)
clang-12: error: no input files
configure:4317: $? = 1
configure:4306: gcc -qversion >&5
clang-12: error: unknown argument '-qversion'; did you mean '--version'?
clang-12: error: no input files
configure:4317: $? = 1
configure:4306: gcc -version >&5
clang-12: error: unknown argument '-version'; did you mean '--version'?
clang-12: error: no input files
configure:4317: $? = 1
configure:4337: checking whether the C compiler works
configure:4359: gcc    conftest.c  >&5
configure:4363: $? = 0
configure:4413: result: yes
configure:4416: checking for C compiler default output file name
configure:4418: result: a.out
configure:4424: checking for suffix of executables
configure:4431: gcc -o conftest    conftest.c  >&5
configure:4435: $? = 0
configure:4458: result: 
configure:4480: checking whether we are cross compiling
configure:4488: gcc -o conftest    conftest.c  >&5
configure:4492: $? = 0
configure:4499: ./conftest
configure:4503: $? = 0
configure:4518: result: no
configure:4523: checking for suffix of object files
configure:4546: gcc -c   conftest.c >&5
configure:4550: $? = 0
configure:4572: result: o
configure:4576: checking whether the compiler supports GNU C
configure:4596: gcc -c   conftest.c >&5
configure:4596: $? = 0
configure:4606: result: yes
configure:4617: checking whether gcc accepts -g
configure:4638: gcc -c -g  conftest.c >&5
configure:4638: $? = 0
configure:4682: result: yes
configure:4702: checking for gcc option to enable C11 features
configure:4717: gcc  -c -g -O2  conftest.c >&5
configure:4717: $? = 0
configure:4735: result: none needed
configure:4851: checking whether gcc understands -c and -o together
configure:4874: gcc -c conftest.c -o conftest2.o
configure:4877: $? = 0
configure:4874: gcc -c conftest.c -o conftest2.o
configure:4877: $? = 0
configure:4889: result: yes
configure:4908: checking dependency style of gcc
configure:5020: result: gcc3
configure:5036: checking for library containing strerror
configure:5066: gcc -o conftest -g -O2   conftest.c  >&5
conftest.c:15:6: warning: incompatible redeclaration of library function 'strerror' [-Wincompatible-library-redeclaration]
char strerror ();
     ^
conftest.c:15:6: note: 'strerror' is a builtin with type 'char *(int)'
1 warning generated.
configure:5066: $? = 0
configure:5086: result: none required
configure:5148: checking for gcc
configure:5180: result: gcc
configure:5533: checking for C compiler version
configure:5542: gcc --version >&5
clang version 12.0.0
Target: armv7a-unknown-linux-android24
Thread model: posix
InstalledDir: /data/data/com.termux/files/usr/bin
configure:5553: $? = 0
configure:5542: gcc -v >&5
clang version 12.0.0
Target: armv7a-unknown-linux-android24
Thread model: posix
InstalledDir: /data/data/com.termux/files/usr/bin
configure:5553: $? = 0
configure:5542: gcc -V >&5
clang-12: error: argument to '-V' is missing (expected 1 value)
clang-12: error: no input files
configure:5553: $? = 1
configure:5542: gcc -qversion >&5
clang-12: error: unknown argument '-qversion'; did you mean '--version'?
clang-12: error: no input files
configure:5553: $? = 1
configure:5542: gcc -version >&5
clang-12: error: unknown argument '-version'; did you mean '--version'?
clang-12: error: no input files
configure:5553: $? = 1
configure:5557: checking whether the compiler supports GNU C
configure:5587: result: yes
configure:5598: checking whether gcc accepts -g
configure:5663: result: yes
configure:5683: checking for gcc option to enable C11 features
configure:5716: result: none needed
configure:5832: checking whether gcc understands -c and -o together
configure:5870: result: yes
configure:5889: checking dependency style of gcc
configure:6001: result: gcc3
configure:6069: checking for gcc
configure:6101: result: gcc
configure:6454: checking for C compiler version
configure:6463: gcc --version >&5
clang version 12.0.0
Target: armv7a-unknown-linux-android24
Thread model: posix
InstalledDir: /data/data/com.termux/files/usr/bin
configure:6474: $? = 0
configure:6463: gcc -v >&5
clang version 12.0.0
Target: armv7a-unknown-linux-android24
Thread model: posix
InstalledDir: /data/data/com.termux/files/usr/bin
configure:6474: $? = 0
configure:6463: gcc -V >&5
clang-12: error: argument to '-V' is missing (expected 1 value)
clang-12: error: no input files
configure:6474: $? = 1
configure:6463: gcc -qversion >&5
clang-12: error: unknown argument '-qversion'; did you mean '--version'?
clang-12: error: no input files
configure:6474: $? = 1
configure:6463: gcc -version >&5
clang-12: error: unknown argument '-version'; did you mean '--version'?
clang-12: error: no input files
configure:6474: $? = 1
configure:6478: checking whether the compiler supports GNU C
configure:6508: result: yes
configure:6519: checking whether gcc accepts -g
configure:6584: result: yes
configure:6604: checking for gcc option to enable C11 features
configure:6637: result: none needed
configure:6753: checking whether gcc understands -c and -o together
configure:6791: result: yes
configure:6810: checking dependency style of gcc
configure:6922: result: gcc3
configure:6943: checking for stdio.h
configure:6943: gcc -c -g -O2  conftest.c >&5
configure:6943: $? = 0
configure:6943: result: yes
configure:6943: checking for stdlib.h
configure:6943: gcc -c -g -O2  conftest.c >&5
configure:6943: $? = 0
configure:6943: result: yes
configure:6943: checking for string.h
configure:6943: gcc -c -g -O2  conftest.c >&5
configure:6943: $? = 0
configure:6943: result: yes
configure:6943: checking for inttypes.h
configure:6943: gcc -c -g -O2  conftest.c >&5
configure:6943: $? = 0
configure:6943: result: yes
configure:6943: checking for stdint.h
configure:6943: gcc -c -g -O2  conftest.c >&5
configure:6943: $? = 0
configure:6943: result: yes
configure:6943: checking for strings.h
configure:6943: gcc -c -g -O2  conftest.c >&5
configure:6943: $? = 0
configure:6943: result: yes
configure:6943: checking for sys/stat.h
configure:6943: gcc -c -g -O2  conftest.c >&5
configure:6943: $? = 0
configure:6943: result: yes
configure:6943: checking for sys/types.h
configure:6943: gcc -c -g -O2  conftest.c >&5
configure:6943: $? = 0
configure:6943: result: yes
configure:6943: checking for unistd.h
configure:6943: gcc -c -g -O2  conftest.c >&5
configure:6943: $? = 0
configure:6943: result: yes
configure:6968: checking for grep that handles long lines and -e
configure:7032: result: /data/data/com.termux/files/usr/bin/grep
configure:7040: checking for egrep
configure:7108: result: /data/data/com.termux/files/usr/bin/grep -E
configure:7212: checking for pkg-config
configure:7235: found /data/data/com.termux/files/usr/bin/pkg-config
configure:7247: result: /data/data/com.termux/files/usr/bin/pkg-config
configure:7272: checking pkg-config is at least version 0.9.0
configure:7275: result: yes
configure:7285: checking for gtk+-2.0 >= 2.0.0
configure:7292: $PKG_CONFIG --exists --print-errors "$gtk_modules"
configure:7295: $? = 0
configure:7309: $PKG_CONFIG --exists --print-errors "$gtk_modules"
configure:7312: $? = 0
configure:7370: result: yes
configure:7399: checking for locale.h
configure:7399: gcc -c -g -O2  conftest.c >&5
configure:7399: $? = 0
configure:7399: result: yes
configure:7407: checking for LC_MESSAGES
configure:7424: gcc -o conftest -g -O2   conftest.c  >&5
configure:7424: $? = 0
configure:7433: result: yes
configure:7451: checking for CFPreferencesCopyAppValue
configure:7470: gcc -o conftest -g -O2   conftest.c  -Wl,-framework -Wl,CoreFoundation >&5
conftest.c:24:10: fatal error: 'CoreFoundation/CFPreferences.h' file not found
#include <CoreFoundation/CFPreferences.h>
         ^~~~~~~~~~~~~~~~~~~~~~~~~~~~~~~~
1 error generated.
configure:7470: $? = 1
configure: failed program was:
| /* confdefs.h */
| #define PACKAGE_NAME "lxrandr"
| #define PACKAGE_TARNAME "lxrandr"
| #define PACKAGE_VERSION "0.3.2"
| #define PACKAGE_STRING "lxrandr 0.3.2"
| #define PACKAGE_BUGREPORT ""
| #define PACKAGE_URL ""
| #define PACKAGE "lxrandr"
| #define VERSION "0.3.2"
| #define HAVE_STDIO_H 1
| #define HAVE_STDLIB_H 1
| #define HAVE_STRING_H 1
| #define HAVE_INTTYPES_H 1
| #define HAVE_STDINT_H 1
| #define HAVE_STRINGS_H 1
| #define HAVE_SYS_STAT_H 1
| #define HAVE_SYS_TYPES_H 1
| #define HAVE_UNISTD_H 1
| #define STDC_HEADERS 1
| #define GETTEXT_PACKAGE "lxrandr"
| #define HAVE_LOCALE_H 1
| #define HAVE_LC_MESSAGES 1
| /* end confdefs.h.  */
| #include <CoreFoundation/CFPreferences.h>
| int
| main (void)
| {
| CFPreferencesCopyAppValue(NULL, NULL)
|   ;
|   return 0;
| }
configure:7480: result: no
configure:7487: checking for CFLocaleCopyCurrent
configure:7506: gcc -o conftest -g -O2   conftest.c  -Wl,-framework -Wl,CoreFoundation >&5
conftest.c:24:10: fatal error: 'CoreFoundation/CFLocale.h' file not found
#include <CoreFoundation/CFLocale.h>
         ^~~~~~~~~~~~~~~~~~~~~~~~~~~
1 error generated.
configure:7506: $? = 1
configure: failed program was:
| /* confdefs.h */
| #define PACKAGE_NAME "lxrandr"
| #define PACKAGE_TARNAME "lxrandr"
| #define PACKAGE_VERSION "0.3.2"
| #define PACKAGE_STRING "lxrandr 0.3.2"
| #define PACKAGE_BUGREPORT ""
| #define PACKAGE_URL ""
| #define PACKAGE "lxrandr"
| #define VERSION "0.3.2"
| #define HAVE_STDIO_H 1
| #define HAVE_STDLIB_H 1
| #define HAVE_STRING_H 1
| #define HAVE_INTTYPES_H 1
| #define HAVE_STDINT_H 1
| #define HAVE_STRINGS_H 1
| #define HAVE_SYS_STAT_H 1
| #define HAVE_SYS_TYPES_H 1
| #define HAVE_UNISTD_H 1
| #define STDC_HEADERS 1
| #define GETTEXT_PACKAGE "lxrandr"
| #define HAVE_LOCALE_H 1
| #define HAVE_LC_MESSAGES 1
| /* end confdefs.h.  */
| #include <CoreFoundation/CFLocale.h>
| int
| main (void)
| {
| CFLocaleCopyCurrent();
|   ;
|   return 0;
| }
configure:7516: result: no
configure:7530: checking for libintl.h
configure:7530: gcc -c -g -O2  conftest.c >&5
configure:7530: $? = 0
configure:7530: result: yes
configure:7539: checking for ngettext in libc
configure:7558: gcc -o conftest -g -O2   conftest.c  >&5
configure:7558: $? = 0
configure:7568: result: yes
configure:7572: checking for dgettext in libc
configure:7591: gcc -o conftest -g -O2   conftest.c  >&5
configure:7591: $? = 0
configure:7601: result: yes
configure:7606: checking for bind_textdomain_codeset
configure:7606: gcc -o conftest -g -O2   conftest.c  >&5
/data/data/com.termux/files/usr/bin/ld: /data/data/com.termux/files/usr/tmp/conftest-7411cf.o: in function `main':
/data/data/com.termux/files/home/extra/build-lxde/lxrandr/conftest.c:51: undefined reference to `bind_textdomain_codeset'
clang-12: error: linker command failed with exit code 1 (use -v to see invocation)
configure:7606: $? = 1
configure: failed program was:
| /* confdefs.h */
| #define PACKAGE_NAME "lxrandr"
| #define PACKAGE_TARNAME "lxrandr"
| #define PACKAGE_VERSION "0.3.2"
| #define PACKAGE_STRING "lxrandr 0.3.2"
| #define PACKAGE_BUGREPORT ""
| #define PACKAGE_URL ""
| #define PACKAGE "lxrandr"
| #define VERSION "0.3.2"
| #define HAVE_STDIO_H 1
| #define HAVE_STDLIB_H 1
| #define HAVE_STRING_H 1
| #define HAVE_INTTYPES_H 1
| #define HAVE_STDINT_H 1
| #define HAVE_STRINGS_H 1
| #define HAVE_SYS_STAT_H 1
| #define HAVE_SYS_TYPES_H 1
| #define HAVE_UNISTD_H 1
| #define STDC_HEADERS 1
| #define GETTEXT_PACKAGE "lxrandr"
| #define HAVE_LOCALE_H 1
| #define HAVE_LC_MESSAGES 1
| /* end confdefs.h.  */
| /* Define bind_textdomain_codeset to an innocuous variant, in case <limits.h> declares bind_textdomain_codeset.
|    For example, HP-UX 11i <limits.h> declares gettimeofday.  */
| #define bind_textdomain_codeset innocuous_bind_textdomain_codeset
| 
| /* System header to define __stub macros and hopefully few prototypes,
|    which can conflict with char bind_textdomain_codeset (); below.  */
| 
| #include <limits.h>
| #undef bind_textdomain_codeset
| 
| /* Override any GCC internal prototype to avoid an error.
|    Use char because int might match the return type of a GCC
|    builtin and then its argument prototype would still apply.  */
| #ifdef __cplusplus
| extern "C"
| #endif
| char bind_textdomain_codeset ();
| /* The GNU C library defines this for functions which it implements
|     to always fail with ENOSYS.  Some functions are actually named
|     something starting with __ and the normal name is an alias.  */
| #if defined __stub_bind_textdomain_codeset || defined __stub___bind_textdomain_codeset
| choke me
| #endif
| 
| int
| main (void)
| {
| return bind_textdomain_codeset ();
|   ;
|   return 0;
| }
configure:7606: result: no
configure:7622: checking for bindtextdomain in -lintl
configure:7645: gcc -o conftest -g -O2   conftest.c -lintl   >&5
/data/data/com.termux/files/usr/bin/ld: cannot find -lintl
clang-12: error: linker command failed with exit code 1 (use -v to see invocation)
configure:7645: $? = 1
configure: failed program was:
| /* confdefs.h */
| #define PACKAGE_NAME "lxrandr"
| #define PACKAGE_TARNAME "lxrandr"
| #define PACKAGE_VERSION "0.3.2"
| #define PACKAGE_STRING "lxrandr 0.3.2"
| #define PACKAGE_BUGREPORT ""
| #define PACKAGE_URL ""
| #define PACKAGE "lxrandr"
| #define VERSION "0.3.2"
| #define HAVE_STDIO_H 1
| #define HAVE_STDLIB_H 1
| #define HAVE_STRING_H 1
| #define HAVE_INTTYPES_H 1
| #define HAVE_STDINT_H 1
| #define HAVE_STRINGS_H 1
| #define HAVE_SYS_STAT_H 1
| #define HAVE_SYS_TYPES_H 1
| #define HAVE_UNISTD_H 1
| #define STDC_HEADERS 1
| #define GETTEXT_PACKAGE "lxrandr"
| #define HAVE_LOCALE_H 1
| #define HAVE_LC_MESSAGES 1
| /* end confdefs.h.  */
| 
| /* Override any GCC internal prototype to avoid an error.
|    Use char because int might match the return type of a GCC
|    builtin and then its argument prototype would still apply.  */
| char bindtextdomain ();
| int
| main (void)
| {
| return bindtextdomain ();
|   ;
|   return 0;
| }
configure:7655: result: no
configure:7742: checking if -liconv is needed to use gettext
configure:7744: result: 
configure:7746: checking for ngettext in -lintl
configure:7769: gcc -o conftest -g -O2   conftest.c -lintl -liconv  >&5
/data/data/com.termux/files/usr/bin/ld: cannot find -lintl
clang-12: error: linker command failed with exit code 1 (use -v to see invocation)
configure:7769: $? = 1
configure: failed program was:
| /* confdefs.h */
| #define PACKAGE_NAME "lxrandr"
| #define PACKAGE_TARNAME "lxrandr"
| #define PACKAGE_VERSION "0.3.2"
| #define PACKAGE_STRING "lxrandr 0.3.2"
| #define PACKAGE_BUGREPORT ""
| #define PACKAGE_URL ""
| #define PACKAGE "lxrandr"
| #define VERSION "0.3.2"
| #define HAVE_STDIO_H 1
| #define HAVE_STDLIB_H 1
| #define HAVE_STRING_H 1
| #define HAVE_INTTYPES_H 1
| #define HAVE_STDINT_H 1
| #define HAVE_STRINGS_H 1
| #define HAVE_SYS_STAT_H 1
| #define HAVE_SYS_TYPES_H 1
| #define HAVE_UNISTD_H 1
| #define STDC_HEADERS 1
| #define GETTEXT_PACKAGE "lxrandr"
| #define HAVE_LOCALE_H 1
| #define HAVE_LC_MESSAGES 1
| /* end confdefs.h.  */
| 
| /* Override any GCC internal prototype to avoid an error.
|    Use char because int might match the return type of a GCC
|    builtin and then its argument prototype would still apply.  */
| char ngettext ();
| int
| main (void)
| {
| return ngettext ();
|   ;
|   return 0;
| }
configure:7779: result: no
configure:7876: checking for msgfmt
configure:7904: result: /data/data/com.termux/files/usr/bin/msgfmt
configure:7913: checking for dcgettext
configure:7913: gcc -o conftest -g -O2   conftest.c   >&5
/data/data/com.termux/files/usr/bin/ld: /data/data/com.termux/files/usr/tmp/conftest-8d8f2e.o: in function `main':
/data/data/com.termux/files/home/extra/build-lxde/lxrandr/conftest.c:52: undefined reference to `dcgettext'
clang-12: error: linker command failed with exit code 1 (use -v to see invocation)
configure:7913: $? = 1
configure: failed program was:
| /* confdefs.h */
| #define PACKAGE_NAME "lxrandr"
| #define PACKAGE_TARNAME "lxrandr"
| #define PACKAGE_VERSION "0.3.2"
| #define PACKAGE_STRING "lxrandr 0.3.2"
| #define PACKAGE_BUGREPORT ""
| #define PACKAGE_URL ""
| #define PACKAGE "lxrandr"
| #define VERSION "0.3.2"
| #define HAVE_STDIO_H 1
| #define HAVE_STDLIB_H 1
| #define HAVE_STRING_H 1
| #define HAVE_INTTYPES_H 1
| #define HAVE_STDINT_H 1
| #define HAVE_STRINGS_H 1
| #define HAVE_SYS_STAT_H 1
| #define HAVE_SYS_TYPES_H 1
| #define HAVE_UNISTD_H 1
| #define STDC_HEADERS 1
| #define GETTEXT_PACKAGE "lxrandr"
| #define HAVE_LOCALE_H 1
| #define HAVE_LC_MESSAGES 1
| #define HAVE_GETTEXT 1
| /* end confdefs.h.  */
| /* Define dcgettext to an innocuous variant, in case <limits.h> declares dcgettext.
|    For example, HP-UX 11i <limits.h> declares gettimeofday.  */
| #define dcgettext innocuous_dcgettext
| 
| /* System header to define __stub macros and hopefully few prototypes,
|    which can conflict with char dcgettext (); below.  */
| 
| #include <limits.h>
| #undef dcgettext
| 
| /* Override any GCC internal prototype to avoid an error.
|    Use char because int might match the return type of a GCC
|    builtin and then its argument prototype would still apply.  */
| #ifdef __cplusplus
| extern "C"
| #endif
| char dcgettext ();
| /* The GNU C library defines this for functions which it implements
|     to always fail with ENOSYS.  Some functions are actually named
|     something starting with __ and the normal name is an alias.  */
| #if defined __stub_dcgettext || defined __stub___dcgettext
| choke me
| #endif
| 
| int
| main (void)
| {
| return dcgettext ();
|   ;
|   return 0;
| }
configure:7913: result: no
configure:7921: checking if msgfmt accepts -c
configure:7936: $MSGFMT -c -o /dev/null conftest.foo
conftest.foo:3: warning: header field 'Language' missing in header
configure:7939: $? = 0
configure:7941: result: yes
configure:7951: checking for gmsgfmt
configure:7987: result: /data/data/com.termux/files/usr/bin/msgfmt
configure:7997: checking for xgettext
configure:8025: result: /data/data/com.termux/files/usr/bin/xgettext
configure:8044: gcc -o conftest -g -O2   conftest.c   >&5
/data/data/com.termux/files/usr/bin/ld: /data/data/com.termux/files/usr/tmp/conftest-f86045.o: in function `main':
/data/data/com.termux/files/home/extra/build-lxde/lxrandr/conftest.c:(.text+0x10): undefined reference to `_nl_msg_cat_cntr'
clang-12: error: linker command failed with exit code 1 (use -v to see invocation)
configure:8044: $? = 1
configure: failed program was:
| /* confdefs.h */
| #define PACKAGE_NAME "lxrandr"
| #define PACKAGE_TARNAME "lxrandr"
| #define PACKAGE_VERSION "0.3.2"
| #define PACKAGE_STRING "lxrandr 0.3.2"
| #define PACKAGE_BUGREPORT ""
| #define PACKAGE_URL ""
| #define PACKAGE "lxrandr"
| #define VERSION "0.3.2"
| #define HAVE_STDIO_H 1
| #define HAVE_STDLIB_H 1
| #define HAVE_STRING_H 1
| #define HAVE_INTTYPES_H 1
| #define HAVE_STDINT_H 1
| #define HAVE_STRINGS_H 1
| #define HAVE_SYS_STAT_H 1
| #define HAVE_SYS_TYPES_H 1
| #define HAVE_UNISTD_H 1
| #define STDC_HEADERS 1
| #define GETTEXT_PACKAGE "lxrandr"
| #define HAVE_LOCALE_H 1
| #define HAVE_LC_MESSAGES 1
| #define HAVE_GETTEXT 1
| /* end confdefs.h.  */
| 
| int
| main (void)
| {
| extern int _nl_msg_cat_cntr;
| 			 return _nl_msg_cat_cntr
|   ;
|   return 0;
| }
configure:8188: checking for xsltproc
configure:8211: found /data/data/com.termux/files/usr/bin/xsltproc
configure:8223: result: /data/data/com.termux/files/usr/bin/xsltproc
configure:8249: checking for XML catalog (/etc/xml/catalog)
configure:8256: result: not found
configure:8263: checking for xmlcatalog
configure:8286: found /data/data/com.termux/files/usr/bin/xmlcatalog
configure:8299: result: /data/data/com.termux/files/usr/bin/xmlcatalog
configure:8318: checking for DocBook XML DTD V4.1.2 in XML catalog
configure:8329: result: not found
configure:8335: checking for DocBook XSL Stylesheets >= 1.70.1 in XML catalog
configure:8346: result: not found
configure:8498: checking that generated files are newer than configure
configure:8504: result: done
configure:8547: creating ./config.status

## ---------------------- ##
## Running config.status. ##
## ---------------------- ##

This file was extended by lxrandr config.status 0.3.2, which was
generated by GNU Autoconf 2.71.  Invocation command line was

  CONFIG_FILES    = 
  CONFIG_HEADERS  = 
  CONFIG_LINKS    = 
  CONFIG_COMMANDS = 
  $ ./config.status 

on localhost

config.status:948: creating Makefile
config.status:948: creating src/Makefile
config.status:948: creating po/Makefile.in
config.status:948: creating data/Makefile
config.status:948: creating config.h
config.status:1129: config.h is unchanged
config.status:1177: executing depfiles commands
config.status:1252: cd src       && sed -e '/# am--include-marker/d' Makefile         | make -f - am--depfiles
make: Nothing to be done for 'am--depfiles'.
config.status:1259: $? = 0
config.status:1177: executing default-1 commands
config.status:1177: executing po/stamp-it commands

## ---------------- ##
## Cache variables. ##
## ---------------- ##

ac_cv_c_compiler_gnu='yes'
ac_cv_env_CC_set=''
ac_cv_env_CC_value=''
ac_cv_env_CFLAGS_set=''
ac_cv_env_CFLAGS_value=''
ac_cv_env_CPPFLAGS_set=''
ac_cv_env_CPPFLAGS_value=''
ac_cv_env_GTK_CFLAGS_set=''
ac_cv_env_GTK_CFLAGS_value=''
ac_cv_env_GTK_LIBS_set=''
ac_cv_env_GTK_LIBS_value=''
ac_cv_env_LDFLAGS_set=''
ac_cv_env_LDFLAGS_value=''
ac_cv_env_LIBS_set=''
ac_cv_env_LIBS_value=''
ac_cv_env_PKG_CONFIG_LIBDIR_set=''
ac_cv_env_PKG_CONFIG_LIBDIR_value=''
ac_cv_env_PKG_CONFIG_PATH_set=''
ac_cv_env_PKG_CONFIG_PATH_value=''
ac_cv_env_PKG_CONFIG_set=''
ac_cv_env_PKG_CONFIG_value=''
ac_cv_env_build_alias_set=''
ac_cv_env_build_alias_value=''
ac_cv_env_host_alias_set=''
ac_cv_env_host_alias_value=''
ac_cv_env_target_alias_set=''
ac_cv_env_target_alias_value=''
ac_cv_func_bind_textdomain_codeset='no'
ac_cv_func_dcgettext='no'
ac_cv_header_inttypes_h='yes'
ac_cv_header_libintl_h='yes'
ac_cv_header_locale_h='yes'
ac_cv_header_stdint_h='yes'
ac_cv_header_stdio_h='yes'
ac_cv_header_stdlib_h='yes'
ac_cv_header_string_h='yes'
ac_cv_header_strings_h='yes'
ac_cv_header_sys_stat_h='yes'
ac_cv_header_sys_types_h='yes'
ac_cv_header_unistd_h='yes'
ac_cv_lib_intl_bindtextdomain='no'
ac_cv_lib_intl_ngettext='no'
ac_cv_objext='o'
ac_cv_path_EGREP='/data/data/com.termux/files/usr/bin/grep -E'
ac_cv_path_GMSGFMT='/data/data/com.termux/files/usr/bin/msgfmt'
ac_cv_path_GREP='/data/data/com.termux/files/usr/bin/grep'
ac_cv_path_INTLTOOL_EXTRACT='/data/data/com.termux/files/usr/bin/intltool-extract'
ac_cv_path_INTLTOOL_MERGE='/data/data/com.termux/files/usr/bin/intltool-merge'
ac_cv_path_INTLTOOL_PERL='/data/data/com.termux/files/usr/bin/perl'
ac_cv_path_INTLTOOL_UPDATE='/data/data/com.termux/files/usr/bin/intltool-update'
ac_cv_path_MSGFMT='/data/data/com.termux/files/usr/bin/msgfmt'
ac_cv_path_MSGMERGE='/data/data/com.termux/files/usr/bin/msgmerge'
ac_cv_path_XGETTEXT='/data/data/com.termux/files/usr/bin/xgettext'
ac_cv_path_XMLCATALOG='/data/data/com.termux/files/usr/bin/xmlcatalog'
ac_cv_path_XSLTPROC='/data/data/com.termux/files/usr/bin/xsltproc'
ac_cv_path_ac_pt_PKG_CONFIG='/data/data/com.termux/files/usr/bin/pkg-config'
ac_cv_path_install='/data/data/com.termux/files/usr/bin/install -c'
ac_cv_path_mkdir='/data/data/com.termux/files/usr/bin/mkdir'
ac_cv_prog_AWK='gawk'
ac_cv_prog_ac_ct_CC='gcc'
ac_cv_prog_cc_c11=''
ac_cv_prog_cc_g='yes'
ac_cv_prog_cc_stdc=''
ac_cv_prog_make_make_set='yes'
ac_cv_search_strerror='none required'
am_cv_CC_dependencies_compiler_type='gcc3'
am_cv_make_support_nested_variables='yes'
am_cv_prog_cc_c_o='yes'
am_cv_prog_cc_stdc=''
am_cv_val_LC_MESSAGES='yes'
gt_cv_func_CFLocaleCopyCurrent='no'
gt_cv_func_CFPreferencesCopyAppValue='no'
gt_cv_func_dgettext_libc='yes'
gt_cv_func_dgettext_libintl='no'
gt_cv_func_ngettext_libc='yes'
gt_cv_have_gettext='yes'
pkg_cv_GTK_CFLAGS='-pthread -I/data/data/com.termux/files/usr/include/gtk-2.0 -I/data/data/com.termux/files/usr/lib/gtk-2.0/include -I/data/data/com.termux/files/usr/include/pango-1.0 -I/data/data/com.termux/files/usr/include/gio-unix-2.0 -I/data/data/com.termux/files/usr/include -I/data/data/com.termux/files/usr/include/cairo -I/data/data/com.termux/files/usr/include/atk-1.0 -I/data/data/com.termux/files/usr/include/gdk-pixbuf-2.0 -I/data/data/com.termux/files/usr/include/libpng16 -I/data/data/com.termux/files/usr/include -I/data/data/com.termux/files/usr/include/pango-1.0 -I/data/data/com.termux/files/usr/include -I/data/data/com.termux/files/usr/include/fribidi -I/data/data/com.termux/files/usr/include -I/data/data/com.termux/files/usr/include/cairo -I/data/data/com.termux/files/usr/include/pixman-1 -I/data/data/com.termux/files/usr/include -I/data/data/com.termux/files/usr/include/harfbuzz -I/data/data/com.termux/files/usr/include -I/data/data/com.termux/files/usr/include/glib-2.0 -I/data/data/com.termux/files/usr/lib/glib-2.0/include -I/data/data/com.termux/files/usr/include -I/data/data/com.termux/files/usr/include/uuid -I/data/data/com.termux/files/usr/include/libxml2 -I/data/data/com.termux/files/usr/include/freetype2 -I/data/data/com.termux/files/usr/include/libpng16 -I/data/data/com.termux/files/usr/include'
pkg_cv_GTK_LIBS='-L/data/data/com.termux/files/usr/lib -lgtk-x11-2.0 -lgdk-x11-2.0 -lpangocairo-1.0 -lXrender -lXinerama -lXrandr -lXcursor -lXcomposite -lXdamage -lXfixes -lX11 -lXext -latk-1.0 -lcairo -lgdk_pixbuf-2.0 -lgio-2.0 -lpangoft2-1.0 -lpango-1.0 -lgobject-2.0 -lglib-2.0 -lharfbuzz -lfontconfig -lfreetype'

## ----------------- ##
## Output variables. ##
## ----------------- ##

ACLOCAL='${SHELL} '\''/data/data/com.termux/files/home/extra/build-lxde/lxrandr/missing'\'' aclocal-1.16'
ADDITIONAL_FLAGS=''
ALL_LINGUAS=''
AMDEPBACKSLASH='\'
AMDEP_FALSE='#'
AMDEP_TRUE=''
AMTAR='$${TAR-tar}'
AM_BACKSLASH='\'
AM_DEFAULT_V='$(AM_DEFAULT_VERBOSITY)'
AM_DEFAULT_VERBOSITY='0'
AM_V='$(V)'
AUTOCONF='${SHELL} '\''/data/data/com.termux/files/home/extra/build-lxde/lxrandr/missing'\'' autoconf'
AUTOHEADER='${SHELL} '\''/data/data/com.termux/files/home/extra/build-lxde/lxrandr/missing'\'' autoheader'
AUTOMAKE='${SHELL} '\''/data/data/com.termux/files/home/extra/build-lxde/lxrandr/missing'\'' automake-1.16'
AWK='gawk'
CATALOGS=''
CATOBJEXT='.mo'
CC='gcc'
CCDEPMODE='depmode=gcc3'
CFLAGS='-g -O2'
CPPFLAGS=' -DG_DISABLE_ASSERT -DG_DISABLE_CHECKS -DG_DISABLE_CAST_CHECKS'
CYGPATH_W='echo'
DATADIRNAME='lib'
DEFS='-DHAVE_CONFIG_H'
DEPDIR='.deps'
ECHO_C=''
ECHO_N='-n'
ECHO_T=''
EGREP='/data/data/com.termux/files/usr/bin/grep -E'
ENABLE_REGENERATE_MAN_FALSE=''
ENABLE_REGENERATE_MAN_TRUE='#'
EXEEXT=''
GETTEXT_PACKAGE='lxrandr'
GMOFILES=''
GMSGFMT='/data/data/com.termux/files/usr/bin/msgfmt'
GREP='/data/data/com.termux/files/usr/bin/grep'
GTK_CFLAGS='-pthread -I/data/data/com.termux/files/usr/include/gtk-2.0 -I/data/data/com.termux/files/usr/lib/gtk-2.0/include -I/data/data/com.termux/files/usr/include/pango-1.0 -I/data/data/com.termux/files/usr/include/gio-unix-2.0 -I/data/data/com.termux/files/usr/include -I/data/data/com.termux/files/usr/include/cairo -I/data/data/com.termux/files/usr/include/atk-1.0 -I/data/data/com.termux/files/usr/include/gdk-pixbuf-2.0 -I/data/data/com.termux/files/usr/include/libpng16 -I/data/data/com.termux/files/usr/include -I/data/data/com.termux/files/usr/include/pango-1.0 -I/data/data/com.termux/files/usr/include -I/data/data/com.termux/files/usr/include/fribidi -I/data/data/com.termux/files/usr/include -I/data/data/com.termux/files/usr/include/cairo -I/data/data/com.termux/files/usr/include/pixman-1 -I/data/data/com.termux/files/usr/include -I/data/data/com.termux/files/usr/include/harfbuzz -I/data/data/com.termux/files/usr/include -I/data/data/com.termux/files/usr/include/glib-2.0 -I/data/data/com.termux/files/usr/lib/glib-2.0/include -I/data/data/com.termux/files/usr/include -I/data/data/com.termux/files/usr/include/uuid -I/data/data/com.termux/files/usr/include/libxml2 -I/data/data/com.termux/files/usr/include/freetype2 -I/data/data/com.termux/files/usr/include/libpng16 -I/data/data/com.termux/files/usr/include'
GTK_LIBS='-L/data/data/com.termux/files/usr/lib -lgtk-x11-2.0 -lgdk-x11-2.0 -lpangocairo-1.0 -lXrender -lXinerama -lXrandr -lXcursor -lXcomposite -lXdamage -lXfixes -lX11 -lXext -latk-1.0 -lcairo -lgdk_pixbuf-2.0 -lgio-2.0 -lpangoft2-1.0 -lpango-1.0 -lgobject-2.0 -lglib-2.0 -lharfbuzz -lfontconfig -lfreetype'
INSTALL_DATA='${INSTALL} -m 644'
INSTALL_PROGRAM='${INSTALL}'
INSTALL_SCRIPT='${INSTALL}'
INSTALL_STRIP_PROGRAM='$(install_sh) -c -s'
INSTOBJEXT='.mo'
INTLLIBS=''
INTLTOOL_CAVES_RULE='%.caves:     %.caves.in     $(INTLTOOL_MERGE) $(wildcard $(top_srcdir)/po/*.po) ; $(INTLTOOL_V_MERGE)LC_ALL=C $(INTLTOOL_MERGE) $(INTLTOOL_V_MERGE_OPTIONS) -d -u -c $(top_builddir)/po/.intltool-merge-cache $(top_srcdir)/po $< $@'
INTLTOOL_DESKTOP_RULE='%.desktop:   %.desktop.in   $(INTLTOOL_MERGE) $(wildcard $(top_srcdir)/po/*.po) ; $(INTLTOOL_V_MERGE)LC_ALL=C $(INTLTOOL_MERGE) $(INTLTOOL_V_MERGE_OPTIONS) -d -u -c $(top_builddir)/po/.intltool-merge-cache $(top_srcdir)/po $< $@'
INTLTOOL_DIRECTORY_RULE='%.directory: %.directory.in $(INTLTOOL_MERGE) $(wildcard $(top_srcdir)/po/*.po) ; $(INTLTOOL_V_MERGE)LC_ALL=C $(INTLTOOL_MERGE) $(INTLTOOL_V_MERGE_OPTIONS) -d -u -c $(top_builddir)/po/.intltool-merge-cache $(top_srcdir)/po $< $@'
INTLTOOL_EXTRACT='/data/data/com.termux/files/usr/bin/intltool-extract'
INTLTOOL_KBD_RULE='%.kbd:       %.kbd.in       $(INTLTOOL_MERGE) $(wildcard $(top_srcdir)/po/*.po) ; $(INTLTOOL_V_MERGE)LC_ALL=C $(INTLTOOL_MERGE) $(INTLTOOL_V_MERGE_OPTIONS) -x -u -m -c $(top_builddir)/po/.intltool-merge-cache $(top_srcdir)/po $< $@'
INTLTOOL_KEYS_RULE='%.keys:      %.keys.in      $(INTLTOOL_MERGE) $(wildcard $(top_srcdir)/po/*.po) ; $(INTLTOOL_V_MERGE)LC_ALL=C $(INTLTOOL_MERGE) $(INTLTOOL_V_MERGE_OPTIONS) -k -u -c $(top_builddir)/po/.intltool-merge-cache $(top_srcdir)/po $< $@'
INTLTOOL_MERGE='/data/data/com.termux/files/usr/bin/intltool-merge'
INTLTOOL_OAF_RULE='%.oaf:       %.oaf.in       $(INTLTOOL_MERGE) $(wildcard $(top_srcdir)/po/*.po) ; $(INTLTOOL_V_MERGE)LC_ALL=C $(INTLTOOL_MERGE) $(INTLTOOL_V_MERGE_OPTIONS) -o -p $(top_srcdir)/po $< $@'
INTLTOOL_PERL='/data/data/com.termux/files/usr/bin/perl'
INTLTOOL_POLICY_RULE='%.policy:    %.policy.in    $(INTLTOOL_MERGE) $(wildcard $(top_srcdir)/po/*.po) ; $(INTLTOOL_V_MERGE)LC_ALL=C $(INTLTOOL_MERGE) $(INTLTOOL_V_MERGE_OPTIONS) -x -u -c $(top_builddir)/po/.intltool-merge-cache $(top_srcdir)/po $< $@'
INTLTOOL_PONG_RULE='%.pong:      %.pong.in      $(INTLTOOL_MERGE) $(wildcard $(top_srcdir)/po/*.po) ; $(INTLTOOL_V_MERGE)LC_ALL=C $(INTLTOOL_MERGE) $(INTLTOOL_V_MERGE_OPTIONS) -x -u -c $(top_builddir)/po/.intltool-merge-cache $(top_srcdir)/po $< $@'
INTLTOOL_PROP_RULE='%.prop:      %.prop.in      $(INTLTOOL_MERGE) $(wildcard $(top_srcdir)/po/*.po) ; $(INTLTOOL_V_MERGE)LC_ALL=C $(INTLTOOL_MERGE) $(INTLTOOL_V_MERGE_OPTIONS) -d -u -c $(top_builddir)/po/.intltool-merge-cache $(top_srcdir)/po $< $@'
INTLTOOL_SCHEMAS_RULE='%.schemas:   %.schemas.in   $(INTLTOOL_MERGE) $(wildcard $(top_srcdir)/po/*.po) ; $(INTLTOOL_V_MERGE)LC_ALL=C $(INTLTOOL_MERGE) $(INTLTOOL_V_MERGE_OPTIONS) -s -u -c $(top_builddir)/po/.intltool-merge-cache $(top_srcdir)/po $< $@'
INTLTOOL_SERVER_RULE='%.server:    %.server.in    $(INTLTOOL_MERGE) $(wildcard $(top_srcdir)/po/*.po) ; $(INTLTOOL_V_MERGE)LC_ALL=C $(INTLTOOL_MERGE) $(INTLTOOL_V_MERGE_OPTIONS) -o -u -c $(top_builddir)/po/.intltool-merge-cache $(top_srcdir)/po $< $@'
INTLTOOL_SERVICE_RULE='%.service: %.service.in   $(INTLTOOL_MERGE) $(wildcard $(top_srcdir)/po/*.po) ; $(INTLTOOL_V_MERGE)LC_ALL=C $(INTLTOOL_MERGE) $(INTLTOOL_V_MERGE_OPTIONS) -d -u -c $(top_builddir)/po/.intltool-merge-cache $(top_srcdir)/po $< $@'
INTLTOOL_SHEET_RULE='%.sheet:     %.sheet.in     $(INTLTOOL_MERGE) $(wildcard $(top_srcdir)/po/*.po) ; $(INTLTOOL_V_MERGE)LC_ALL=C $(INTLTOOL_MERGE) $(INTLTOOL_V_MERGE_OPTIONS) -x -u -c $(top_builddir)/po/.intltool-merge-cache $(top_srcdir)/po $< $@'
INTLTOOL_SOUNDLIST_RULE='%.soundlist: %.soundlist.in $(INTLTOOL_MERGE) $(wildcard $(top_srcdir)/po/*.po) ; $(INTLTOOL_V_MERGE)LC_ALL=C $(INTLTOOL_MERGE) $(INTLTOOL_V_MERGE_OPTIONS) -d -u -c $(top_builddir)/po/.intltool-merge-cache $(top_srcdir)/po $< $@'
INTLTOOL_THEME_RULE='%.theme:     %.theme.in     $(INTLTOOL_MERGE) $(wildcard $(top_srcdir)/po/*.po) ; $(INTLTOOL_V_MERGE)LC_ALL=C $(INTLTOOL_MERGE) $(INTLTOOL_V_MERGE_OPTIONS) -d -u -c $(top_builddir)/po/.intltool-merge-cache $(top_srcdir)/po $< $@'
INTLTOOL_UI_RULE='%.ui:        %.ui.in        $(INTLTOOL_MERGE) $(wildcard $(top_srcdir)/po/*.po) ; $(INTLTOOL_V_MERGE)LC_ALL=C $(INTLTOOL_MERGE) $(INTLTOOL_V_MERGE_OPTIONS) -x -u -c $(top_builddir)/po/.intltool-merge-cache $(top_srcdir)/po $< $@'
INTLTOOL_UPDATE='/data/data/com.termux/files/usr/bin/intltool-update'
INTLTOOL_V_MERGE='$(INTLTOOL__v_MERGE_$(V))'
INTLTOOL_V_MERGE_OPTIONS='$(intltool__v_merge_options_$(V))'
INTLTOOL_XAM_RULE='%.xam:       %.xml.in       $(INTLTOOL_MERGE) $(wildcard $(top_srcdir)/po/*.po) ; $(INTLTOOL_V_MERGE)LC_ALL=C $(INTLTOOL_MERGE) $(INTLTOOL_V_MERGE_OPTIONS) -x -u -c $(top_builddir)/po/.intltool-merge-cache $(top_srcdir)/po $< $@'
INTLTOOL_XML_NOMERGE_RULE='%.xml:       %.xml.in       $(INTLTOOL_MERGE) ; $(INTLTOOL_V_MERGE)LC_ALL=C $(INTLTOOL_MERGE) $(INTLTOOL_V_MERGE_OPTIONS) -x -u --no-translations $< $@'
INTLTOOL_XML_RULE='%.xml:       %.xml.in       $(INTLTOOL_MERGE) $(wildcard $(top_srcdir)/po/*.po) ; $(INTLTOOL_V_MERGE)LC_ALL=C $(INTLTOOL_MERGE) $(INTLTOOL_V_MERGE_OPTIONS) -x -u -c $(top_builddir)/po/.intltool-merge-cache $(top_srcdir)/po $< $@'
INTLTOOL__v_MERGE_0='@echo "  ITMRG " $@;'
INTLTOOL__v_MERGE_='$(INTLTOOL__v_MERGE_$(AM_DEFAULT_VERBOSITY))'
INTL_MACOSX_LIBS=''
LDFLAGS=''
LIBOBJS=''
LIBS=''
LTLIBOBJS=''
MAINT=''
MAINTAINER_MODE_FALSE='#'
MAINTAINER_MODE_TRUE=''
MAKEINFO='${SHELL} '\''/data/data/com.termux/files/home/extra/build-lxde/lxrandr/missing'\'' makeinfo'
MKDIR_P='/data/data/com.termux/files/usr/bin/mkdir -p'
MKINSTALLDIRS='.//mkinstalldirs'
MSGFMT='/data/data/com.termux/files/usr/bin/msgfmt'
MSGFMT_OPTS='-c'
MSGMERGE='/data/data/com.termux/files/usr/bin/msgmerge'
OBJEXT='o'
PACKAGE='lxrandr'
PACKAGE_BUGREPORT=''
PACKAGE_NAME='lxrandr'
PACKAGE_STRING='lxrandr 0.3.2'
PACKAGE_TARNAME='lxrandr'
PACKAGE_URL=''
PACKAGE_VERSION='0.3.2'
PATH_SEPARATOR=':'
PKG_CONFIG='/data/data/com.termux/files/usr/bin/pkg-config'
PKG_CONFIG_LIBDIR=''
PKG_CONFIG_PATH=''
POFILES=''
POSUB='po'
PO_IN_DATADIR_FALSE=''
PO_IN_DATADIR_TRUE=''
SET_MAKE=''
SHELL='/data/data/com.termux/files/usr/bin/sh'
STRIP=''
USE_NLS='yes'
VERSION='0.3.2'
XGETTEXT='/data/data/com.termux/files/usr/bin/xgettext'
XMLCATALOG='/data/data/com.termux/files/usr/bin/xmlcatalog'
XML_CATALOG_FILE='/etc/xml/catalog'
XSLTPROC='/data/data/com.termux/files/usr/bin/xsltproc'
ac_ct_CC='gcc'
am__EXEEXT_FALSE=''
am__EXEEXT_TRUE='#'
am__fastdepCC_FALSE='#'
am__fastdepCC_TRUE=''
am__include='include'
am__isrc=''
am__leading_dot='.'
am__nodep='_no'
am__quote=''
am__tar='$${TAR-tar} chof - "$$tardir"'
am__untar='$${TAR-tar} xf -'
bindir='${exec_prefix}/bin'
build_alias=''
datadir='${datarootdir}'
datarootdir='${prefix}/share'
docdir='${datarootdir}/doc/${PACKAGE_TARNAME}'
dvidir='${docdir}'
exec_prefix='${prefix}'
host_alias=''
htmldir='${docdir}'
includedir='${prefix}/include'
infodir='${datarootdir}/info'
install_sh='${SHELL} /data/data/com.termux/files/home/extra/build-lxde/lxrandr/install-sh'
intltool__v_merge_options_0='-q'
intltool__v_merge_options_='$(intltool__v_merge_options_$(AM_DEFAULT_VERBOSITY))'
libdir='${exec_prefix}/lib'
libexecdir='${exec_prefix}/libexec'
localedir='${datarootdir}/locale'
localstatedir='${prefix}/var'
mandir='${datarootdir}/man'
mkdir_p='$(MKDIR_P)'
oldincludedir='/usr/include'
pdfdir='${docdir}'
prefix='/data/data/com.termux/files/usr'
program_transform_name='s,x,x,'
psdir='${docdir}'
runstatedir='${localstatedir}/run'
sbindir='${exec_prefix}/sbin'
sharedstatedir='${prefix}/com'
sysconfdir='${prefix}/etc'
target_alias=''

## ----------- ##
## confdefs.h. ##
## ----------- ##

/* confdefs.h */
#define PACKAGE_NAME "lxrandr"
#define PACKAGE_TARNAME "lxrandr"
#define PACKAGE_VERSION "0.3.2"
#define PACKAGE_STRING "lxrandr 0.3.2"
#define PACKAGE_BUGREPORT ""
#define PACKAGE_URL ""
#define PACKAGE "lxrandr"
#define VERSION "0.3.2"
#define HAVE_STDIO_H 1
#define HAVE_STDLIB_H 1
#define HAVE_STRING_H 1
#define HAVE_INTTYPES_H 1
#define HAVE_STDINT_H 1
#define HAVE_STRINGS_H 1
#define HAVE_SYS_STAT_H 1
#define HAVE_SYS_TYPES_H 1
#define HAVE_UNISTD_H 1
#define STDC_HEADERS 1
#define GETTEXT_PACKAGE "lxrandr"
#define HAVE_LOCALE_H 1
#define HAVE_LC_MESSAGES 1
#define HAVE_GETTEXT 1
#define ENABLE_NLS 1

configure: exit 0
