This file contains any messages produced by compilers while
running configure, to aid debugging if configure makes a mistake.

It was created by lxappearance configure 0.6.3, which was
generated by GNU Autoconf 2.71.  Invocation command line was

  $ ./configure --prefix=/data/data/com.termux/files/usr

## --------- ##
## Platform. ##
## --------- ##

hostname = localhost
uname -m = armv7l
uname -r = 3.18.71-perf-gb847930
uname -s = Linux
uname -v = #1 SMP PREEMPT Fri Sep 27 14:15:01 CDT 2019

/usr/bin/uname -p = unknown
/bin/uname -X     = unknown

/bin/arch              = unknown
/usr/bin/arch -k       = unknown
/usr/convex/getsysinfo = unknown
/usr/bin/hostinfo      = unknown
/bin/machine           = unknown
/usr/bin/oslevel       = unknown
/bin/universe          = unknown

PATH: /data/data/com.termux/files/usr/bin/


## ----------- ##
## Core tests. ##
## ----------- ##

configure:2389: looking for aux files: compile missing install-sh
configure:2402:  trying ./
configure:2431:   ./compile found
configure:2431:   ./missing found
configure:2413:   ./install-sh found
configure:2560: checking for a BSD-compatible install
configure:2633: result: /data/data/com.termux/files/usr/bin/install -c
configure:2644: checking whether build environment is sane
configure:2699: result: yes
configure:2858: checking for a race-free mkdir -p
configure:2902: result: /data/data/com.termux/files/usr/bin/mkdir -p
configure:2909: checking for gawk
configure:2930: found /data/data/com.termux/files/usr/bin/gawk
configure:2941: result: gawk
configure:2952: checking whether make sets $(MAKE)
configure:2975: result: yes
configure:3005: checking whether make supports nested variables
configure:3023: result: yes
configure:3148: checking whether NLS is requested
configure:3158: result: yes
configure:3176: checking for intltool >= 0.40.0
configure:3178: result: 0.51.0 found
configure:3186: checking for intltool-update
configure:3209: found /data/data/com.termux/files/usr/bin/intltool-update
configure:3221: result: /data/data/com.termux/files/usr/bin/intltool-update
configure:3231: checking for intltool-merge
configure:3254: found /data/data/com.termux/files/usr/bin/intltool-merge
configure:3266: result: /data/data/com.termux/files/usr/bin/intltool-merge
configure:3276: checking for intltool-extract
configure:3299: found /data/data/com.termux/files/usr/bin/intltool-extract
configure:3311: result: /data/data/com.termux/files/usr/bin/intltool-extract
configure:3465: checking for xgettext
configure:3488: found /data/data/com.termux/files/usr/bin/xgettext
configure:3500: result: /data/data/com.termux/files/usr/bin/xgettext
configure:3510: checking for msgmerge
configure:3533: found /data/data/com.termux/files/usr/bin/msgmerge
configure:3545: result: /data/data/com.termux/files/usr/bin/msgmerge
configure:3555: checking for msgfmt
configure:3578: found /data/data/com.termux/files/usr/bin/msgfmt
configure:3590: result: /data/data/com.termux/files/usr/bin/msgfmt
configure:3600: checking for gmsgfmt
configure:3636: result: /data/data/com.termux/files/usr/bin/msgfmt
configure:3656: checking for perl
configure:3679: found /data/data/com.termux/files/usr/bin/perl
configure:3691: result: /data/data/com.termux/files/usr/bin/perl
configure:3702: checking for perl >= 5.8.1
configure:3709: result: 5.34.0
configure:3713: checking for XML::Parser
configure:3716: result: ok
configure:3744: checking whether make supports nested variables
configure:3762: result: yes
configure:3841: checking for gcc
configure:3862: found /data/data/com.termux/files/usr/bin/gcc
configure:3873: result: gcc
configure:4226: checking for C compiler version
configure:4235: gcc --version >&5
clang version 12.0.0
Target: armv7a-unknown-linux-android24
Thread model: posix
InstalledDir: /data/data/com.termux/files/usr/bin
configure:4246: $? = 0
configure:4235: gcc -v >&5
clang version 12.0.0
Target: armv7a-unknown-linux-android24
Thread model: posix
InstalledDir: /data/data/com.termux/files/usr/bin
configure:4246: $? = 0
configure:4235: gcc -V >&5
clang-12: error: argument to '-V' is missing (expected 1 value)
clang-12: error: no input files
configure:4246: $? = 1
configure:4235: gcc -qversion >&5
clang-12: error: unknown argument '-qversion'; did you mean '--version'?
clang-12: error: no input files
configure:4246: $? = 1
configure:4235: gcc -version >&5
clang-12: error: unknown argument '-version'; did you mean '--version'?
clang-12: error: no input files
configure:4246: $? = 1
configure:4266: checking whether the C compiler works
configure:4288: gcc    conftest.c  >&5
configure:4292: $? = 0
configure:4342: result: yes
configure:4345: checking for C compiler default output file name
configure:4347: result: a.out
configure:4353: checking for suffix of executables
configure:4360: gcc -o conftest    conftest.c  >&5
configure:4364: $? = 0
configure:4387: result: 
configure:4409: checking whether we are cross compiling
configure:4417: gcc -o conftest    conftest.c  >&5
configure:4421: $? = 0
configure:4428: ./conftest
configure:4432: $? = 0
configure:4447: result: no
configure:4452: checking for suffix of object files
configure:4475: gcc -c   conftest.c >&5
configure:4479: $? = 0
configure:4501: result: o
configure:4505: checking whether the compiler supports GNU C
configure:4525: gcc -c   conftest.c >&5
configure:4525: $? = 0
configure:4535: result: yes
configure:4546: checking whether gcc accepts -g
configure:4567: gcc -c -g  conftest.c >&5
configure:4567: $? = 0
configure:4611: result: yes
configure:4631: checking for gcc option to enable C11 features
configure:4646: gcc  -c -g -O2  conftest.c >&5
configure:4646: $? = 0
configure:4664: result: none needed
configure:4780: checking whether gcc understands -c and -o together
configure:4803: gcc -c conftest.c -o conftest2.o
configure:4806: $? = 0
configure:4803: gcc -c conftest.c -o conftest2.o
configure:4806: $? = 0
configure:4818: result: yes
configure:4838: checking whether make supports the include directive
configure:4853: make -f confmf.GNU && cat confinc.out
this is the am__doit target
configure:4856: $? = 0
configure:4875: result: yes (GNU style)
configure:4901: checking dependency style of gcc
configure:5013: result: gcc3
configure:5132: checking for pkg-config
configure:5155: found /data/data/com.termux/files/usr/bin/pkg-config
configure:5167: result: /data/data/com.termux/files/usr/bin/pkg-config
configure:5192: checking pkg-config is at least version 0.9.0
configure:5195: result: yes
configure:5205: checking for "x11"
configure:5212: $PKG_CONFIG --exists --print-errors ""x11""
configure:5215: $? = 0
configure:5229: $PKG_CONFIG --exists --print-errors ""x11""
configure:5232: $? = 0
configure:5290: result: yes
configure:5306: checking for gtk+-2.0 >= 2.12.0 gthread-2.0
configure:5313: $PKG_CONFIG --exists --print-errors "$gtk_modules"
configure:5316: $? = 0
configure:5330: $PKG_CONFIG --exists --print-errors "$gtk_modules"
configure:5333: $? = 0
configure:5391: result: yes
configure:5511: checking for gmodule-export-2.0
configure:5518: $PKG_CONFIG --exists --print-errors "$gmodule_modules"
configure:5521: $? = 0
configure:5535: $PKG_CONFIG --exists --print-errors "$gmodule_modules"
configure:5538: $? = 0
configure:5596: result: yes
configure:5662: checking for stdio.h
configure:5662: gcc -c -g -O2  -DG_DISABLE_ASSERT -DG_DISABLE_CHECKS -DG_DISABLE_CAST_CHECKS conftest.c >&5
configure:5662: $? = 0
configure:5662: result: yes
configure:5662: checking for stdlib.h
configure:5662: gcc -c -g -O2  -DG_DISABLE_ASSERT -DG_DISABLE_CHECKS -DG_DISABLE_CAST_CHECKS conftest.c >&5
configure:5662: $? = 0
configure:5662: result: yes
configure:5662: checking for string.h
configure:5662: gcc -c -g -O2  -DG_DISABLE_ASSERT -DG_DISABLE_CHECKS -DG_DISABLE_CAST_CHECKS conftest.c >&5
configure:5662: $? = 0
configure:5662: result: yes
configure:5662: checking for inttypes.h
configure:5662: gcc -c -g -O2  -DG_DISABLE_ASSERT -DG_DISABLE_CHECKS -DG_DISABLE_CAST_CHECKS conftest.c >&5
configure:5662: $? = 0
configure:5662: result: yes
configure:5662: checking for stdint.h
configure:5662: gcc -c -g -O2  -DG_DISABLE_ASSERT -DG_DISABLE_CHECKS -DG_DISABLE_CAST_CHECKS conftest.c >&5
configure:5662: $? = 0
configure:5662: result: yes
configure:5662: checking for strings.h
configure:5662: gcc -c -g -O2  -DG_DISABLE_ASSERT -DG_DISABLE_CHECKS -DG_DISABLE_CAST_CHECKS conftest.c >&5
configure:5662: $? = 0
configure:5662: result: yes
configure:5662: checking for sys/stat.h
configure:5662: gcc -c -g -O2  -DG_DISABLE_ASSERT -DG_DISABLE_CHECKS -DG_DISABLE_CAST_CHECKS conftest.c >&5
configure:5662: $? = 0
configure:5662: result: yes
configure:5662: checking for sys/types.h
configure:5662: gcc -c -g -O2  -DG_DISABLE_ASSERT -DG_DISABLE_CHECKS -DG_DISABLE_CAST_CHECKS conftest.c >&5
configure:5662: $? = 0
configure:5662: result: yes
configure:5662: checking for unistd.h
configure:5662: gcc -c -g -O2  -DG_DISABLE_ASSERT -DG_DISABLE_CHECKS -DG_DISABLE_CAST_CHECKS conftest.c >&5
configure:5662: $? = 0
configure:5662: result: yes
configure:5688: checking for locale.h
configure:5688: gcc -c -g -O2  -DG_DISABLE_ASSERT -DG_DISABLE_CHECKS -DG_DISABLE_CAST_CHECKS conftest.c >&5
configure:5688: $? = 0
configure:5688: result: yes
configure:5696: checking for LC_MESSAGES
configure:5713: gcc -o conftest -g -O2  -DG_DISABLE_ASSERT -DG_DISABLE_CHECKS -DG_DISABLE_CAST_CHECKS  conftest.c  >&5
configure:5713: $? = 0
configure:5722: result: yes
configure:5740: checking for CFPreferencesCopyAppValue
configure:5759: gcc -o conftest -g -O2  -DG_DISABLE_ASSERT -DG_DISABLE_CHECKS -DG_DISABLE_CAST_CHECKS  conftest.c  -Wl,-framework -Wl,CoreFoundation >&5
conftest.c:23:10: fatal error: 'CoreFoundation/CFPreferences.h' file not found
#include <CoreFoundation/CFPreferences.h>
         ^~~~~~~~~~~~~~~~~~~~~~~~~~~~~~~~
1 error generated.
configure:5759: $? = 1
configure: failed program was:
| /* confdefs.h */
| #define PACKAGE_NAME "lxappearance"
| #define PACKAGE_TARNAME "lxappearance"
| #define PACKAGE_VERSION "0.6.3"
| #define PACKAGE_STRING "lxappearance 0.6.3"
| #define PACKAGE_BUGREPORT "http://lxde.org/"
| #define PACKAGE_URL ""
| #define PACKAGE "lxappearance"
| #define VERSION "0.6.3"
| #define HAVE_STDIO_H 1
| #define HAVE_STDLIB_H 1
| #define HAVE_STRING_H 1
| #define HAVE_INTTYPES_H 1
| #define HAVE_STDINT_H 1
| #define HAVE_STRINGS_H 1
| #define HAVE_SYS_STAT_H 1
| #define HAVE_SYS_TYPES_H 1
| #define HAVE_UNISTD_H 1
| #define STDC_HEADERS 1
| #define HAVE_LOCALE_H 1
| #define HAVE_LC_MESSAGES 1
| /* end confdefs.h.  */
| #include <CoreFoundation/CFPreferences.h>
| int
| main (void)
| {
| CFPreferencesCopyAppValue(NULL, NULL)
|   ;
|   return 0;
| }
configure:5769: result: no
configure:5776: checking for CFLocaleCopyCurrent
configure:5795: gcc -o conftest -g -O2  -DG_DISABLE_ASSERT -DG_DISABLE_CHECKS -DG_DISABLE_CAST_CHECKS  conftest.c  -Wl,-framework -Wl,CoreFoundation >&5
conftest.c:23:10: fatal error: 'CoreFoundation/CFLocale.h' file not found
#include <CoreFoundation/CFLocale.h>
         ^~~~~~~~~~~~~~~~~~~~~~~~~~~
1 error generated.
configure:5795: $? = 1
configure: failed program was:
| /* confdefs.h */
| #define PACKAGE_NAME "lxappearance"
| #define PACKAGE_TARNAME "lxappearance"
| #define PACKAGE_VERSION "0.6.3"
| #define PACKAGE_STRING "lxappearance 0.6.3"
| #define PACKAGE_BUGREPORT "http://lxde.org/"
| #define PACKAGE_URL ""
| #define PACKAGE "lxappearance"
| #define VERSION "0.6.3"
| #define HAVE_STDIO_H 1
| #define HAVE_STDLIB_H 1
| #define HAVE_STRING_H 1
| #define HAVE_INTTYPES_H 1
| #define HAVE_STDINT_H 1
| #define HAVE_STRINGS_H 1
| #define HAVE_SYS_STAT_H 1
| #define HAVE_SYS_TYPES_H 1
| #define HAVE_UNISTD_H 1
| #define STDC_HEADERS 1
| #define HAVE_LOCALE_H 1
| #define HAVE_LC_MESSAGES 1
| /* end confdefs.h.  */
| #include <CoreFoundation/CFLocale.h>
| int
| main (void)
| {
| CFLocaleCopyCurrent();
|   ;
|   return 0;
| }
configure:5805: result: no
configure:5819: checking for libintl.h
configure:5819: gcc -c -g -O2  -DG_DISABLE_ASSERT -DG_DISABLE_CHECKS -DG_DISABLE_CAST_CHECKS conftest.c >&5
configure:5819: $? = 0
configure:5819: result: yes
configure:5828: checking for ngettext in libc
configure:5847: gcc -o conftest -g -O2  -DG_DISABLE_ASSERT -DG_DISABLE_CHECKS -DG_DISABLE_CAST_CHECKS  conftest.c  >&5
configure:5847: $? = 0
configure:5857: result: yes
configure:5861: checking for dgettext in libc
configure:5880: gcc -o conftest -g -O2  -DG_DISABLE_ASSERT -DG_DISABLE_CHECKS -DG_DISABLE_CAST_CHECKS  conftest.c  >&5
configure:5880: $? = 0
configure:5890: result: yes
configure:5895: checking for bind_textdomain_codeset
configure:5895: gcc -o conftest -g -O2  -DG_DISABLE_ASSERT -DG_DISABLE_CHECKS -DG_DISABLE_CAST_CHECKS  conftest.c  >&5
/data/data/com.termux/files/usr/bin/ld: /data/data/com.termux/files/usr/tmp/conftest-98f999.o: in function `main':
/data/data/com.termux/files/home/extra/build-lxde/lxappearance/conftest.c:50: undefined reference to `bind_textdomain_codeset'
clang-12: error: linker command failed with exit code 1 (use -v to see invocation)
configure:5895: $? = 1
configure: failed program was:
| /* confdefs.h */
| #define PACKAGE_NAME "lxappearance"
| #define PACKAGE_TARNAME "lxappearance"
| #define PACKAGE_VERSION "0.6.3"
| #define PACKAGE_STRING "lxappearance 0.6.3"
| #define PACKAGE_BUGREPORT "http://lxde.org/"
| #define PACKAGE_URL ""
| #define PACKAGE "lxappearance"
| #define VERSION "0.6.3"
| #define HAVE_STDIO_H 1
| #define HAVE_STDLIB_H 1
| #define HAVE_STRING_H 1
| #define HAVE_INTTYPES_H 1
| #define HAVE_STDINT_H 1
| #define HAVE_STRINGS_H 1
| #define HAVE_SYS_STAT_H 1
| #define HAVE_SYS_TYPES_H 1
| #define HAVE_UNISTD_H 1
| #define STDC_HEADERS 1
| #define HAVE_LOCALE_H 1
| #define HAVE_LC_MESSAGES 1
| /* end confdefs.h.  */
| /* Define bind_textdomain_codeset to an innocuous variant, in case <limits.h> declares bind_textdomain_codeset.
|    For example, HP-UX 11i <limits.h> declares gettimeofday.  */
| #define bind_textdomain_codeset innocuous_bind_textdomain_codeset
| 
| /* System header to define __stub macros and hopefully few prototypes,
|    which can conflict with char bind_textdomain_codeset (); below.  */
| 
| #include <limits.h>
| #undef bind_textdomain_codeset
| 
| /* Override any GCC internal prototype to avoid an error.
|    Use char because int might match the return type of a GCC
|    builtin and then its argument prototype would still apply.  */
| #ifdef __cplusplus
| extern "C"
| #endif
| char bind_textdomain_codeset ();
| /* The GNU C library defines this for functions which it implements
|     to always fail with ENOSYS.  Some functions are actually named
|     something starting with __ and the normal name is an alias.  */
| #if defined __stub_bind_textdomain_codeset || defined __stub___bind_textdomain_codeset
| choke me
| #endif
| 
| int
| main (void)
| {
| return bind_textdomain_codeset ();
|   ;
|   return 0;
| }
configure:5895: result: no
configure:5911: checking for bindtextdomain in -lintl
configure:5934: gcc -o conftest -g -O2  -DG_DISABLE_ASSERT -DG_DISABLE_CHECKS -DG_DISABLE_CAST_CHECKS  conftest.c -lintl   >&5
/data/data/com.termux/files/usr/bin/ld: cannot find -lintl
clang-12: error: linker command failed with exit code 1 (use -v to see invocation)
configure:5934: $? = 1
configure: failed program was:
| /* confdefs.h */
| #define PACKAGE_NAME "lxappearance"
| #define PACKAGE_TARNAME "lxappearance"
| #define PACKAGE_VERSION "0.6.3"
| #define PACKAGE_STRING "lxappearance 0.6.3"
| #define PACKAGE_BUGREPORT "http://lxde.org/"
| #define PACKAGE_URL ""
| #define PACKAGE "lxappearance"
| #define VERSION "0.6.3"
| #define HAVE_STDIO_H 1
| #define HAVE_STDLIB_H 1
| #define HAVE_STRING_H 1
| #define HAVE_INTTYPES_H 1
| #define HAVE_STDINT_H 1
| #define HAVE_STRINGS_H 1
| #define HAVE_SYS_STAT_H 1
| #define HAVE_SYS_TYPES_H 1
| #define HAVE_UNISTD_H 1
| #define STDC_HEADERS 1
| #define HAVE_LOCALE_H 1
| #define HAVE_LC_MESSAGES 1
| /* end confdefs.h.  */
| 
| /* Override any GCC internal prototype to avoid an error.
|    Use char because int might match the return type of a GCC
|    builtin and then its argument prototype would still apply.  */
| char bindtextdomain ();
| int
| main (void)
| {
| return bindtextdomain ();
|   ;
|   return 0;
| }
configure:5944: result: no
configure:6031: checking if -liconv is needed to use gettext
configure:6033: result: 
configure:6035: checking for ngettext in -lintl
configure:6058: gcc -o conftest -g -O2  -DG_DISABLE_ASSERT -DG_DISABLE_CHECKS -DG_DISABLE_CAST_CHECKS  conftest.c -lintl -liconv  >&5
/data/data/com.termux/files/usr/bin/ld: cannot find -lintl
clang-12: error: linker command failed with exit code 1 (use -v to see invocation)
configure:6058: $? = 1
configure: failed program was:
| /* confdefs.h */
| #define PACKAGE_NAME "lxappearance"
| #define PACKAGE_TARNAME "lxappearance"
| #define PACKAGE_VERSION "0.6.3"
| #define PACKAGE_STRING "lxappearance 0.6.3"
| #define PACKAGE_BUGREPORT "http://lxde.org/"
| #define PACKAGE_URL ""
| #define PACKAGE "lxappearance"
| #define VERSION "0.6.3"
| #define HAVE_STDIO_H 1
| #define HAVE_STDLIB_H 1
| #define HAVE_STRING_H 1
| #define HAVE_INTTYPES_H 1
| #define HAVE_STDINT_H 1
| #define HAVE_STRINGS_H 1
| #define HAVE_SYS_STAT_H 1
| #define HAVE_SYS_TYPES_H 1
| #define HAVE_UNISTD_H 1
| #define STDC_HEADERS 1
| #define HAVE_LOCALE_H 1
| #define HAVE_LC_MESSAGES 1
| /* end confdefs.h.  */
| 
| /* Override any GCC internal prototype to avoid an error.
|    Use char because int might match the return type of a GCC
|    builtin and then its argument prototype would still apply.  */
| char ngettext ();
| int
| main (void)
| {
| return ngettext ();
|   ;
|   return 0;
| }
configure:6068: result: no
configure:6165: checking for msgfmt
configure:6193: result: /data/data/com.termux/files/usr/bin/msgfmt
configure:6202: checking for dcgettext
configure:6202: gcc -o conftest -g -O2  -DG_DISABLE_ASSERT -DG_DISABLE_CHECKS -DG_DISABLE_CAST_CHECKS  conftest.c   >&5
/data/data/com.termux/files/usr/bin/ld: /data/data/com.termux/files/usr/tmp/conftest-870772.o: in function `main':
/data/data/com.termux/files/home/extra/build-lxde/lxappearance/conftest.c:51: undefined reference to `dcgettext'
clang-12: error: linker command failed with exit code 1 (use -v to see invocation)
configure:6202: $? = 1
configure: failed program was:
| /* confdefs.h */
| #define PACKAGE_NAME "lxappearance"
| #define PACKAGE_TARNAME "lxappearance"
| #define PACKAGE_VERSION "0.6.3"
| #define PACKAGE_STRING "lxappearance 0.6.3"
| #define PACKAGE_BUGREPORT "http://lxde.org/"
| #define PACKAGE_URL ""
| #define PACKAGE "lxappearance"
| #define VERSION "0.6.3"
| #define HAVE_STDIO_H 1
| #define HAVE_STDLIB_H 1
| #define HAVE_STRING_H 1
| #define HAVE_INTTYPES_H 1
| #define HAVE_STDINT_H 1
| #define HAVE_STRINGS_H 1
| #define HAVE_SYS_STAT_H 1
| #define HAVE_SYS_TYPES_H 1
| #define HAVE_UNISTD_H 1
| #define STDC_HEADERS 1
| #define HAVE_LOCALE_H 1
| #define HAVE_LC_MESSAGES 1
| #define HAVE_GETTEXT 1
| /* end confdefs.h.  */
| /* Define dcgettext to an innocuous variant, in case <limits.h> declares dcgettext.
|    For example, HP-UX 11i <limits.h> declares gettimeofday.  */
| #define dcgettext innocuous_dcgettext
| 
| /* System header to define __stub macros and hopefully few prototypes,
|    which can conflict with char dcgettext (); below.  */
| 
| #include <limits.h>
| #undef dcgettext
| 
| /* Override any GCC internal prototype to avoid an error.
|    Use char because int might match the return type of a GCC
|    builtin and then its argument prototype would still apply.  */
| #ifdef __cplusplus
| extern "C"
| #endif
| char dcgettext ();
| /* The GNU C library defines this for functions which it implements
|     to always fail with ENOSYS.  Some functions are actually named
|     something starting with __ and the normal name is an alias.  */
| #if defined __stub_dcgettext || defined __stub___dcgettext
| choke me
| #endif
| 
| int
| main (void)
| {
| return dcgettext ();
|   ;
|   return 0;
| }
configure:6202: result: no
configure:6210: checking if msgfmt accepts -c
configure:6225: $MSGFMT -c -o /dev/null conftest.foo
conftest.foo:3: warning: header field 'Language' missing in header
configure:6228: $? = 0
configure:6230: result: yes
configure:6240: checking for gmsgfmt
configure:6276: result: /data/data/com.termux/files/usr/bin/msgfmt
configure:6286: checking for xgettext
configure:6314: result: /data/data/com.termux/files/usr/bin/xgettext
configure:6333: gcc -o conftest -g -O2  -DG_DISABLE_ASSERT -DG_DISABLE_CHECKS -DG_DISABLE_CAST_CHECKS  conftest.c   >&5
/data/data/com.termux/files/usr/bin/ld: /data/data/com.termux/files/usr/tmp/conftest-b1e19d.o: in function `main':
/data/data/com.termux/files/home/extra/build-lxde/lxappearance/conftest.c:(.text+0x10): undefined reference to `_nl_msg_cat_cntr'
clang-12: error: linker command failed with exit code 1 (use -v to see invocation)
configure:6333: $? = 1
configure: failed program was:
| /* confdefs.h */
| #define PACKAGE_NAME "lxappearance"
| #define PACKAGE_TARNAME "lxappearance"
| #define PACKAGE_VERSION "0.6.3"
| #define PACKAGE_STRING "lxappearance 0.6.3"
| #define PACKAGE_BUGREPORT "http://lxde.org/"
| #define PACKAGE_URL ""
| #define PACKAGE "lxappearance"
| #define VERSION "0.6.3"
| #define HAVE_STDIO_H 1
| #define HAVE_STDLIB_H 1
| #define HAVE_STRING_H 1
| #define HAVE_INTTYPES_H 1
| #define HAVE_STDINT_H 1
| #define HAVE_STRINGS_H 1
| #define HAVE_SYS_STAT_H 1
| #define HAVE_SYS_TYPES_H 1
| #define HAVE_UNISTD_H 1
| #define STDC_HEADERS 1
| #define HAVE_LOCALE_H 1
| #define HAVE_LC_MESSAGES 1
| #define HAVE_GETTEXT 1
| /* end confdefs.h.  */
| 
| int
| main (void)
| {
| extern int _nl_msg_cat_cntr;
| 			 return _nl_msg_cat_cntr
|   ;
|   return 0;
| }
configure:6766: checking that generated files are newer than configure
configure:6772: result: done
configure:6803: creating ./config.status

## ---------------------- ##
## Running config.status. ##
## ---------------------- ##

This file was extended by lxappearance config.status 0.6.3, which was
generated by GNU Autoconf 2.71.  Invocation command line was

  CONFIG_FILES    = 
  CONFIG_HEADERS  = 
  CONFIG_LINKS    = 
  CONFIG_COMMANDS = 
  $ ./config.status 

on localhost

config.status:955: creating Makefile
config.status:955: creating data/Makefile
config.status:955: creating data/ui/Makefile
config.status:955: creating data/ui/about.glade
config.status:955: creating data/lxappearance.pc
config.status:1063: WARNING:  'data/lxappearance.pc.in' seems to ignore the --datarootdir setting
config.status:955: creating man/Makefile
config.status:955: creating po/Makefile.in
config.status:955: creating src/Makefile
config.status:955: creating config.h
config.status:1136: config.h is unchanged
config.status:1184: executing depfiles commands
config.status:1259: cd src       && sed -e '/# am--include-marker/d' Makefile         | make -f - am--depfiles
make: Nothing to be done for 'am--depfiles'.
config.status:1266: $? = 0
config.status:1184: executing default-1 commands
config.status:1184: executing po/stamp-it commands

## ---------------- ##
## Cache variables. ##
## ---------------- ##

ac_cv_c_compiler_gnu='yes'
ac_cv_env_CC_set=''
ac_cv_env_CC_value=''
ac_cv_env_CFLAGS_set=''
ac_cv_env_CFLAGS_value=''
ac_cv_env_CPPFLAGS_set=''
ac_cv_env_CPPFLAGS_value=''
ac_cv_env_DBUS_CFLAGS_set=''
ac_cv_env_DBUS_CFLAGS_value=''
ac_cv_env_DBUS_LIBS_set=''
ac_cv_env_DBUS_LIBS_value=''
ac_cv_env_GMODULE_CFLAGS_set=''
ac_cv_env_GMODULE_CFLAGS_value=''
ac_cv_env_GMODULE_LIBS_set=''
ac_cv_env_GMODULE_LIBS_value=''
ac_cv_env_GTK_CFLAGS_set=''
ac_cv_env_GTK_CFLAGS_value=''
ac_cv_env_GTK_LIBS_set=''
ac_cv_env_GTK_LIBS_value=''
ac_cv_env_LDFLAGS_set=''
ac_cv_env_LDFLAGS_value=''
ac_cv_env_LIBS_set=''
ac_cv_env_LIBS_value=''
ac_cv_env_PKG_CONFIG_LIBDIR_set=''
ac_cv_env_PKG_CONFIG_LIBDIR_value=''
ac_cv_env_PKG_CONFIG_PATH_set=''
ac_cv_env_PKG_CONFIG_PATH_value=''
ac_cv_env_PKG_CONFIG_set=''
ac_cv_env_PKG_CONFIG_value=''
ac_cv_env_XLIB_CFLAGS_set=''
ac_cv_env_XLIB_CFLAGS_value=''
ac_cv_env_XLIB_LIBS_set=''
ac_cv_env_XLIB_LIBS_value=''
ac_cv_env_build_alias_set=''
ac_cv_env_build_alias_value=''
ac_cv_env_host_alias_set=''
ac_cv_env_host_alias_value=''
ac_cv_env_target_alias_set=''
ac_cv_env_target_alias_value=''
ac_cv_func_bind_textdomain_codeset='no'
ac_cv_func_dcgettext='no'
ac_cv_header_inttypes_h='yes'
ac_cv_header_libintl_h='yes'
ac_cv_header_locale_h='yes'
ac_cv_header_stdint_h='yes'
ac_cv_header_stdio_h='yes'
ac_cv_header_stdlib_h='yes'
ac_cv_header_string_h='yes'
ac_cv_header_strings_h='yes'
ac_cv_header_sys_stat_h='yes'
ac_cv_header_sys_types_h='yes'
ac_cv_header_unistd_h='yes'
ac_cv_lib_intl_bindtextdomain='no'
ac_cv_lib_intl_ngettext='no'
ac_cv_objext='o'
ac_cv_path_GMSGFMT='/data/data/com.termux/files/usr/bin/msgfmt'
ac_cv_path_INTLTOOL_EXTRACT='/data/data/com.termux/files/usr/bin/intltool-extract'
ac_cv_path_INTLTOOL_MERGE='/data/data/com.termux/files/usr/bin/intltool-merge'
ac_cv_path_INTLTOOL_PERL='/data/data/com.termux/files/usr/bin/perl'
ac_cv_path_INTLTOOL_UPDATE='/data/data/com.termux/files/usr/bin/intltool-update'
ac_cv_path_MSGFMT='/data/data/com.termux/files/usr/bin/msgfmt'
ac_cv_path_MSGMERGE='/data/data/com.termux/files/usr/bin/msgmerge'
ac_cv_path_XGETTEXT='/data/data/com.termux/files/usr/bin/xgettext'
ac_cv_path_ac_pt_PKG_CONFIG='/data/data/com.termux/files/usr/bin/pkg-config'
ac_cv_path_install='/data/data/com.termux/files/usr/bin/install -c'
ac_cv_path_mkdir='/data/data/com.termux/files/usr/bin/mkdir'
ac_cv_prog_AWK='gawk'
ac_cv_prog_ac_ct_CC='gcc'
ac_cv_prog_cc_c11=''
ac_cv_prog_cc_g='yes'
ac_cv_prog_cc_stdc=''
ac_cv_prog_make_make_set='yes'
am_cv_CC_dependencies_compiler_type='gcc3'
am_cv_make_support_nested_variables='yes'
am_cv_prog_cc_c_o='yes'
am_cv_val_LC_MESSAGES='yes'
gt_cv_func_CFLocaleCopyCurrent='no'
gt_cv_func_CFPreferencesCopyAppValue='no'
gt_cv_func_dgettext_libc='yes'
gt_cv_func_dgettext_libintl='no'
gt_cv_func_ngettext_libc='yes'
gt_cv_have_gettext='yes'
pkg_cv_GMODULE_CFLAGS='-pthread -I/data/data/com.termux/files/usr/include -I/data/data/com.termux/files/usr/include/glib-2.0 -I/data/data/com.termux/files/usr/lib/glib-2.0/include -I/data/data/com.termux/files/usr/include'
pkg_cv_GMODULE_LIBS='-L/data/data/com.termux/files/usr/lib -Wl,--export-dynamic -lgmodule-2.0 -pthread -lglib-2.0'
pkg_cv_GTK_CFLAGS='-pthread -I/data/data/com.termux/files/usr/include/gtk-2.0 -I/data/data/com.termux/files/usr/lib/gtk-2.0/include -I/data/data/com.termux/files/usr/include/pango-1.0 -I/data/data/com.termux/files/usr/include/gio-unix-2.0 -I/data/data/com.termux/files/usr/include -I/data/data/com.termux/files/usr/include/cairo -I/data/data/com.termux/files/usr/include/atk-1.0 -I/data/data/com.termux/files/usr/include/gdk-pixbuf-2.0 -I/data/data/com.termux/files/usr/include/libpng16 -I/data/data/com.termux/files/usr/include -I/data/data/com.termux/files/usr/include/pango-1.0 -I/data/data/com.termux/files/usr/include -I/data/data/com.termux/files/usr/include/fribidi -I/data/data/com.termux/files/usr/include -I/data/data/com.termux/files/usr/include/cairo -I/data/data/com.termux/files/usr/include/pixman-1 -I/data/data/com.termux/files/usr/include -I/data/data/com.termux/files/usr/include/harfbuzz -I/data/data/com.termux/files/usr/include -I/data/data/com.termux/files/usr/include/uuid -I/data/data/com.termux/files/usr/include/libxml2 -I/data/data/com.termux/files/usr/include/freetype2 -I/data/data/com.termux/files/usr/include/libpng16 -I/data/data/com.termux/files/usr/include -I/data/data/com.termux/files/usr/include/glib-2.0 -I/data/data/com.termux/files/usr/lib/glib-2.0/include -I/data/data/com.termux/files/usr/include'
pkg_cv_GTK_LIBS='-L/data/data/com.termux/files/usr/lib -lgtk-x11-2.0 -lgdk-x11-2.0 -lpangocairo-1.0 -lXrender -lXinerama -lXrandr -lXcursor -lXcomposite -lXdamage -lXfixes -lX11 -lXext -latk-1.0 -lcairo -lgdk_pixbuf-2.0 -lgio-2.0 -lpangoft2-1.0 -lpango-1.0 -lgobject-2.0 -lharfbuzz -lfontconfig -lfreetype -lgthread-2.0 -pthread -lglib-2.0'
pkg_cv_XLIB_CFLAGS='-I/data/data/com.termux/files/usr/include'
pkg_cv_XLIB_LIBS='-L/data/data/com.termux/files/usr/lib -lX11'

## ----------------- ##
## Output variables. ##
## ----------------- ##

ACLOCAL='${SHELL} '\''/data/data/com.termux/files/home/extra/build-lxde/lxappearance/missing'\'' aclocal-1.16'
ADDITIONAL_FLAGS=''
ALL_LINGUAS=''
AMDEPBACKSLASH='\'
AMDEP_FALSE='#'
AMDEP_TRUE=''
AMTAR='$${TAR-tar}'
AM_BACKSLASH='\'
AM_DEFAULT_V='$(AM_DEFAULT_VERBOSITY)'
AM_DEFAULT_VERBOSITY='0'
AM_V='$(V)'
AUTOCONF='${SHELL} '\''/data/data/com.termux/files/home/extra/build-lxde/lxappearance/missing'\'' autoconf'
AUTOHEADER='${SHELL} '\''/data/data/com.termux/files/home/extra/build-lxde/lxappearance/missing'\'' autoheader'
AUTOMAKE='${SHELL} '\''/data/data/com.termux/files/home/extra/build-lxde/lxappearance/missing'\'' automake-1.16'
AWK='gawk'
CATALOGS=''
CATOBJEXT='.mo'
CC='gcc'
CCDEPMODE='depmode=gcc3'
CFLAGS='-g -O2'
CPPFLAGS=' -DG_DISABLE_ASSERT -DG_DISABLE_CHECKS -DG_DISABLE_CAST_CHECKS'
CYGPATH_W='echo'
DATADIRNAME='lib'
DBUS_CFLAGS=''
DBUS_LIBS=''
DEFS='-DHAVE_CONFIG_H'
DEPDIR='.deps'
ECHO_C=''
ECHO_N='-n'
ECHO_T=''
ENABLE_MAN_FALSE='#'
ENABLE_MAN_TRUE=''
EXEEXT=''
GETTEXT_PACKAGE='lxappearance'
GMODULE_CFLAGS='-pthread -I/data/data/com.termux/files/usr/include -I/data/data/com.termux/files/usr/include/glib-2.0 -I/data/data/com.termux/files/usr/lib/glib-2.0/include -I/data/data/com.termux/files/usr/include'
GMODULE_LIBS='-L/data/data/com.termux/files/usr/lib -Wl,--export-dynamic -lgmodule-2.0 -pthread -lglib-2.0'
GMOFILES=''
GMSGFMT='/data/data/com.termux/files/usr/bin/msgfmt'
GTK_CFLAGS='-pthread -I/data/data/com.termux/files/usr/include/gtk-2.0 -I/data/data/com.termux/files/usr/lib/gtk-2.0/include -I/data/data/com.termux/files/usr/include/pango-1.0 -I/data/data/com.termux/files/usr/include/gio-unix-2.0 -I/data/data/com.termux/files/usr/include -I/data/data/com.termux/files/usr/include/cairo -I/data/data/com.termux/files/usr/include/atk-1.0 -I/data/data/com.termux/files/usr/include/gdk-pixbuf-2.0 -I/data/data/com.termux/files/usr/include/libpng16 -I/data/data/com.termux/files/usr/include -I/data/data/com.termux/files/usr/include/pango-1.0 -I/data/data/com.termux/files/usr/include -I/data/data/com.termux/files/usr/include/fribidi -I/data/data/com.termux/files/usr/include -I/data/data/com.termux/files/usr/include/cairo -I/data/data/com.termux/files/usr/include/pixman-1 -I/data/data/com.termux/files/usr/include -I/data/data/com.termux/files/usr/include/harfbuzz -I/data/data/com.termux/files/usr/include -I/data/data/com.termux/files/usr/include/uuid -I/data/data/com.termux/files/usr/include/libxml2 -I/data/data/com.termux/files/usr/include/freetype2 -I/data/data/com.termux/files/usr/include/libpng16 -I/data/data/com.termux/files/usr/include -I/data/data/com.termux/files/usr/include/glib-2.0 -I/data/data/com.termux/files/usr/lib/glib-2.0/include -I/data/data/com.termux/files/usr/include'
GTK_LIBS='-L/data/data/com.termux/files/usr/lib -lgtk-x11-2.0 -lgdk-x11-2.0 -lpangocairo-1.0 -lXrender -lXinerama -lXrandr -lXcursor -lXcomposite -lXdamage -lXfixes -lX11 -lXext -latk-1.0 -lcairo -lgdk_pixbuf-2.0 -lgio-2.0 -lpangoft2-1.0 -lpango-1.0 -lgobject-2.0 -lharfbuzz -lfontconfig -lfreetype -lgthread-2.0 -pthread -lglib-2.0'
INSTALL_DATA='${INSTALL} -m 644'
INSTALL_PROGRAM='${INSTALL}'
INSTALL_SCRIPT='${INSTALL}'
INSTALL_STRIP_PROGRAM='$(install_sh) -c -s'
INSTOBJEXT='.mo'
INTLLIBS=''
INTLTOOL_CAVES_RULE='%.caves:     %.caves.in     $(INTLTOOL_MERGE) $(wildcard $(top_srcdir)/po/*.po) ; $(INTLTOOL_V_MERGE)LC_ALL=C $(INTLTOOL_MERGE) $(INTLTOOL_V_MERGE_OPTIONS) -d -u -c $(top_builddir)/po/.intltool-merge-cache $(top_srcdir)/po $< $@'
INTLTOOL_DESKTOP_RULE='%.desktop:   %.desktop.in   $(INTLTOOL_MERGE) $(wildcard $(top_srcdir)/po/*.po) ; $(INTLTOOL_V_MERGE)LC_ALL=C $(INTLTOOL_MERGE) $(INTLTOOL_V_MERGE_OPTIONS) -d -u -c $(top_builddir)/po/.intltool-merge-cache $(top_srcdir)/po $< $@'
INTLTOOL_DIRECTORY_RULE='%.directory: %.directory.in $(INTLTOOL_MERGE) $(wildcard $(top_srcdir)/po/*.po) ; $(INTLTOOL_V_MERGE)LC_ALL=C $(INTLTOOL_MERGE) $(INTLTOOL_V_MERGE_OPTIONS) -d -u -c $(top_builddir)/po/.intltool-merge-cache $(top_srcdir)/po $< $@'
INTLTOOL_EXTRACT='/data/data/com.termux/files/usr/bin/intltool-extract'
INTLTOOL_KBD_RULE='%.kbd:       %.kbd.in       $(INTLTOOL_MERGE) $(wildcard $(top_srcdir)/po/*.po) ; $(INTLTOOL_V_MERGE)LC_ALL=C $(INTLTOOL_MERGE) $(INTLTOOL_V_MERGE_OPTIONS) -x -u -m -c $(top_builddir)/po/.intltool-merge-cache $(top_srcdir)/po $< $@'
INTLTOOL_KEYS_RULE='%.keys:      %.keys.in      $(INTLTOOL_MERGE) $(wildcard $(top_srcdir)/po/*.po) ; $(INTLTOOL_V_MERGE)LC_ALL=C $(INTLTOOL_MERGE) $(INTLTOOL_V_MERGE_OPTIONS) -k -u -c $(top_builddir)/po/.intltool-merge-cache $(top_srcdir)/po $< $@'
INTLTOOL_MERGE='/data/data/com.termux/files/usr/bin/intltool-merge'
INTLTOOL_OAF_RULE='%.oaf:       %.oaf.in       $(INTLTOOL_MERGE) $(wildcard $(top_srcdir)/po/*.po) ; $(INTLTOOL_V_MERGE)LC_ALL=C $(INTLTOOL_MERGE) $(INTLTOOL_V_MERGE_OPTIONS) -o -p $(top_srcdir)/po $< $@'
INTLTOOL_PERL='/data/data/com.termux/files/usr/bin/perl'
INTLTOOL_POLICY_RULE='%.policy:    %.policy.in    $(INTLTOOL_MERGE) $(wildcard $(top_srcdir)/po/*.po) ; $(INTLTOOL_V_MERGE)LC_ALL=C $(INTLTOOL_MERGE) $(INTLTOOL_V_MERGE_OPTIONS) -x -u -c $(top_builddir)/po/.intltool-merge-cache $(top_srcdir)/po $< $@'
INTLTOOL_PONG_RULE='%.pong:      %.pong.in      $(INTLTOOL_MERGE) $(wildcard $(top_srcdir)/po/*.po) ; $(INTLTOOL_V_MERGE)LC_ALL=C $(INTLTOOL_MERGE) $(INTLTOOL_V_MERGE_OPTIONS) -x -u -c $(top_builddir)/po/.intltool-merge-cache $(top_srcdir)/po $< $@'
INTLTOOL_PROP_RULE='%.prop:      %.prop.in      $(INTLTOOL_MERGE) $(wildcard $(top_srcdir)/po/*.po) ; $(INTLTOOL_V_MERGE)LC_ALL=C $(INTLTOOL_MERGE) $(INTLTOOL_V_MERGE_OPTIONS) -d -u -c $(top_builddir)/po/.intltool-merge-cache $(top_srcdir)/po $< $@'
INTLTOOL_SCHEMAS_RULE='%.schemas:   %.schemas.in   $(INTLTOOL_MERGE) $(wildcard $(top_srcdir)/po/*.po) ; $(INTLTOOL_V_MERGE)LC_ALL=C $(INTLTOOL_MERGE) $(INTLTOOL_V_MERGE_OPTIONS) -s -u -c $(top_builddir)/po/.intltool-merge-cache $(top_srcdir)/po $< $@'
INTLTOOL_SERVER_RULE='%.server:    %.server.in    $(INTLTOOL_MERGE) $(wildcard $(top_srcdir)/po/*.po) ; $(INTLTOOL_V_MERGE)LC_ALL=C $(INTLTOOL_MERGE) $(INTLTOOL_V_MERGE_OPTIONS) -o -u -c $(top_builddir)/po/.intltool-merge-cache $(top_srcdir)/po $< $@'
INTLTOOL_SERVICE_RULE='%.service: %.service.in   $(INTLTOOL_MERGE) $(wildcard $(top_srcdir)/po/*.po) ; $(INTLTOOL_V_MERGE)LC_ALL=C $(INTLTOOL_MERGE) $(INTLTOOL_V_MERGE_OPTIONS) -d -u -c $(top_builddir)/po/.intltool-merge-cache $(top_srcdir)/po $< $@'
INTLTOOL_SHEET_RULE='%.sheet:     %.sheet.in     $(INTLTOOL_MERGE) $(wildcard $(top_srcdir)/po/*.po) ; $(INTLTOOL_V_MERGE)LC_ALL=C $(INTLTOOL_MERGE) $(INTLTOOL_V_MERGE_OPTIONS) -x -u -c $(top_builddir)/po/.intltool-merge-cache $(top_srcdir)/po $< $@'
INTLTOOL_SOUNDLIST_RULE='%.soundlist: %.soundlist.in $(INTLTOOL_MERGE) $(wildcard $(top_srcdir)/po/*.po) ; $(INTLTOOL_V_MERGE)LC_ALL=C $(INTLTOOL_MERGE) $(INTLTOOL_V_MERGE_OPTIONS) -d -u -c $(top_builddir)/po/.intltool-merge-cache $(top_srcdir)/po $< $@'
INTLTOOL_THEME_RULE='%.theme:     %.theme.in     $(INTLTOOL_MERGE) $(wildcard $(top_srcdir)/po/*.po) ; $(INTLTOOL_V_MERGE)LC_ALL=C $(INTLTOOL_MERGE) $(INTLTOOL_V_MERGE_OPTIONS) -d -u -c $(top_builddir)/po/.intltool-merge-cache $(top_srcdir)/po $< $@'
INTLTOOL_UI_RULE='%.ui:        %.ui.in        $(INTLTOOL_MERGE) $(wildcard $(top_srcdir)/po/*.po) ; $(INTLTOOL_V_MERGE)LC_ALL=C $(INTLTOOL_MERGE) $(INTLTOOL_V_MERGE_OPTIONS) -x -u -c $(top_builddir)/po/.intltool-merge-cache $(top_srcdir)/po $< $@'
INTLTOOL_UPDATE='/data/data/com.termux/files/usr/bin/intltool-update'
INTLTOOL_V_MERGE='$(INTLTOOL__v_MERGE_$(V))'
INTLTOOL_V_MERGE_OPTIONS='$(intltool__v_merge_options_$(V))'
INTLTOOL_XAM_RULE='%.xam:       %.xml.in       $(INTLTOOL_MERGE) $(wildcard $(top_srcdir)/po/*.po) ; $(INTLTOOL_V_MERGE)LC_ALL=C $(INTLTOOL_MERGE) $(INTLTOOL_V_MERGE_OPTIONS) -x -u -c $(top_builddir)/po/.intltool-merge-cache $(top_srcdir)/po $< $@'
INTLTOOL_XML_NOMERGE_RULE='%.xml:       %.xml.in       $(INTLTOOL_MERGE) ; $(INTLTOOL_V_MERGE)LC_ALL=C $(INTLTOOL_MERGE) $(INTLTOOL_V_MERGE_OPTIONS) -x -u --no-translations $< $@'
INTLTOOL_XML_RULE='%.xml:       %.xml.in       $(INTLTOOL_MERGE) $(wildcard $(top_srcdir)/po/*.po) ; $(INTLTOOL_V_MERGE)LC_ALL=C $(INTLTOOL_MERGE) $(INTLTOOL_V_MERGE_OPTIONS) -x -u -c $(top_builddir)/po/.intltool-merge-cache $(top_srcdir)/po $< $@'
INTLTOOL__v_MERGE_0='@echo "  ITMRG " $@;'
INTLTOOL__v_MERGE_='$(INTLTOOL__v_MERGE_$(AM_DEFAULT_VERBOSITY))'
INTL_MACOSX_LIBS=''
LDFLAGS=''
LIBOBJS=''
LIBS=''
LTLIBOBJS=''
MAKEINFO='${SHELL} '\''/data/data/com.termux/files/home/extra/build-lxde/lxappearance/missing'\'' makeinfo'
MKDIR_P='/data/data/com.termux/files/usr/bin/mkdir -p'
MKINSTALLDIRS='.//mkinstalldirs'
MSGFMT='/data/data/com.termux/files/usr/bin/msgfmt'
MSGFMT_OPTS='-c'
MSGMERGE='/data/data/com.termux/files/usr/bin/msgmerge'
OBJEXT='o'
PACKAGE='lxappearance'
PACKAGE_BUGREPORT='http://lxde.org/'
PACKAGE_NAME='lxappearance'
PACKAGE_STRING='lxappearance 0.6.3'
PACKAGE_TARNAME='lxappearance'
PACKAGE_URL=''
PACKAGE_VERSION='0.6.3'
PATH_SEPARATOR=':'
PKG_CONFIG='/data/data/com.termux/files/usr/bin/pkg-config'
PKG_CONFIG_LIBDIR=''
PKG_CONFIG_PATH=''
POFILES=''
POSUB='po'
PO_IN_DATADIR_FALSE=''
PO_IN_DATADIR_TRUE=''
SET_MAKE=''
SHELL='/data/data/com.termux/files/usr/bin/sh'
STRIP=''
USE_NLS='yes'
VERSION='0.6.3'
XGETTEXT='/data/data/com.termux/files/usr/bin/xgettext'
XLIB_CFLAGS='-I/data/data/com.termux/files/usr/include'
XLIB_LIBS='-L/data/data/com.termux/files/usr/lib -lX11'
XMLCATALOG=''
XML_CATALOG_FILE=''
XSLTPROC=''
ac_ct_CC='gcc'
am__EXEEXT_FALSE=''
am__EXEEXT_TRUE='#'
am__fastdepCC_FALSE='#'
am__fastdepCC_TRUE=''
am__include='include'
am__isrc=''
am__leading_dot='.'
am__nodep='_no'
am__quote=''
am__tar='$${TAR-tar} chof - "$$tardir"'
am__untar='$${TAR-tar} xf -'
bindir='${exec_prefix}/bin'
build_alias=''
datadir='${datarootdir}'
datarootdir='${prefix}/share'
docdir='${datarootdir}/doc/${PACKAGE_TARNAME}'
dvidir='${docdir}'
exec_prefix='${prefix}'
gtk_modules='gtk+-2.0 >= 2.12.0 gthread-2.0'
host_alias=''
htmldir='${docdir}'
includedir='${prefix}/include'
infodir='${datarootdir}/info'
install_sh='${SHELL} /data/data/com.termux/files/home/extra/build-lxde/lxappearance/install-sh'
intltool__v_merge_options_0='-q'
intltool__v_merge_options_='$(intltool__v_merge_options_$(AM_DEFAULT_VERBOSITY))'
libdir='${exec_prefix}/lib'
libexecdir='${exec_prefix}/libexec'
localedir='${datarootdir}/locale'
localstatedir='${prefix}/var'
mandir='${datarootdir}/man'
mkdir_p='$(MKDIR_P)'
oldincludedir='/usr/include'
pdfdir='${docdir}'
prefix='/data/data/com.termux/files/usr'
program_transform_name='s,x,x,'
psdir='${docdir}'
runstatedir='${localstatedir}/run'
sbindir='${exec_prefix}/sbin'
sharedstatedir='${prefix}/com'
sysconfdir='${prefix}/etc'
target_alias=''

## ----------- ##
## confdefs.h. ##
## ----------- ##

/* confdefs.h */
#define PACKAGE_NAME "lxappearance"
#define PACKAGE_TARNAME "lxappearance"
#define PACKAGE_VERSION "0.6.3"
#define PACKAGE_STRING "lxappearance 0.6.3"
#define PACKAGE_BUGREPORT "http://lxde.org/"
#define PACKAGE_URL ""
#define PACKAGE "lxappearance"
#define VERSION "0.6.3"
#define HAVE_STDIO_H 1
#define HAVE_STDLIB_H 1
#define HAVE_STRING_H 1
#define HAVE_INTTYPES_H 1
#define HAVE_STDINT_H 1
#define HAVE_STRINGS_H 1
#define HAVE_SYS_STAT_H 1
#define HAVE_SYS_TYPES_H 1
#define HAVE_UNISTD_H 1
#define STDC_HEADERS 1
#define HAVE_LOCALE_H 1
#define HAVE_LC_MESSAGES 1
#define HAVE_GETTEXT 1
#define ENABLE_NLS 1
#define GETTEXT_PACKAGE "lxappearance"

configure: exit 0
